#
# A fatal error has been detected by the Java Runtime Environment:
#
#  SIGILL (0x4) at pc=0x00007f436cb85764 (sent by kill), pid=39679, tid=39679
#
# JRE version: OpenJDK Runtime Environment Temurin-17.0.6+10 (17.0.6+10) (build 17.0.6+10)
# Java VM: OpenJDK 64-Bit Server VM Temurin-17.0.6+10 (17.0.6+10, mixed mode, emulated-client, tiered, compressed oops, compressed class ptrs, g1 gc, linux-amd64)
# Problematic frame:
# C  [libc.so.6+0x82764]
#
# Core dump will be written. Default location: Core dumps may be processed with "/usr/lib/systemd/systemd-coredump %P %u %g %s %t %c %h" (or dumping to /home/axel/WorkSpaces/Spring/Microservicios/moto-service/core.39679)
#
# If you would like to submit a bug report, please visit:
#   https://github.com/adoptium/adoptium-support/issues
#

---------------  S U M M A R Y ------------

Command Line: -Dcom.sun.management.jmxremote -Dcom.sun.management.jmxremote.port=36147 -Dcom.sun.management.jmxremote.authenticate=false -Dcom.sun.management.jmxremote.ssl=false -Djava.rmi.server.hostname=localhost -Dspring.jmx.enabled=true -Dmanagement.endpoints.jmx.exposure.include=* -Dspring.application.admin.enabled=true -Djava.security.egd=file:/dev/./urandom -XX:TieredStopAtLevel=1 -Dspring.boot.project.name=moto-servicio -Dfile.encoding=UTF-8 -XX:+ShowCodeDetailsInExceptionMessages com.moto.servicio.MotoServiceApplication --spring.output.ansi.enabled=always

Host: 12th Gen Intel(R) Core(TM) i5-12600K, 16 cores, 15G, Arch Linux
Time: Wed Mar 15 21:09:45 2023 -05 elapsed time: 189.712601 seconds (0d 0h 3m 9s)

---------------  T H R E A D  ---------------

Current thread is native thread

Stack: [0x00007ffd6dcd8000,0x00007ffd6e4d5000],  sp=0x00007ffd6e4cfb20,  free space=8158k
Native frames: (J=compiled Java code, j=interpreted, Vv=VM code, C=native code)
C  [libc.so.6+0x82764]


siginfo: si_signo: 4 (SIGILL), si_code: 0 (SI_USER), si_pid: 11654, si_uid: 1000

Registers:
RAX=0x00000000000000ca, RBX=0x0000000000000000, RCX=0x00007f436cb85766, RDX=0x0000000000009b05
RSP=0x00007ffd6e4cfb20, RBP=0x0000000000009b05, RSI=0x0000000000000109, RDI=0x00007f436b5ff990
R8 =0x0000000000000000, R9 =0x00000000ffffffff, R10=0x0000000000000000, R11=0x0000000000000246
R12=0x0000000000000000, R13=0x00007ffd6e4cfbe8, R14=0x00007f436b5ff990, R15=0x00007f436b5ff6c0
RIP=0x00007f436cb85764, EFLAGS=0x0000000000000246, CSGSFS=0x002b000000000033, ERR=0x0000000000000004
  TRAPNO=0x000000000000000e

Top of Stack: (sp=0x00007ffd6e4cfb20)
0x00007ffd6e4cfb20:   00007ffd6e4cfc57 d233cba900000109
0x00007ffd6e4cfb30:   00007f436b5ff990 0000000000000000
0x00007ffd6e4cfb40:   00007ffd6e4cfe20 00007ffd6e4cfd70
0x00007ffd6e4cfb50:   0000000000000000 00007f436cb8a6a3 

Instructions: (pc=0x00007f436cb85764)
0x00007f436cb85664:   83 f8 01 7e f4 48 83 ec 08 e8 7e 03 00 00 31 c0
0x00007f436cb85674:   48 83 c4 08 c3 0f 1f 80 00 00 00 00 f3 0f 1e fa
0x00007f436cb85684:   c3 66 66 2e 0f 1f 84 00 00 00 00 00 f3 0f 1e fa
0x00007f436cb85694:   c3 66 2e 0f 1f 84 00 00 00 00 00 90 55 49 89 ca
0x00007f436cb856a4:   89 f5 53 48 83 ec 28 48 85 c9 0f 85 dc 00 00 00
0x00007f436cb856b4:   83 fa 01 0f 87 c3 00 00 00 c1 e2 08 89 d6 81 f6
0x00007f436cb856c4:   00 01 00 00 40 80 ce 89 44 31 c6 45 84 c9 75 54
0x00007f436cb856d4:   41 b9 ff ff ff ff 45 31 c0 89 ea b8 ca 00 00 00
0x00007f436cb856e4:   0f 05 85 c0 7f 13 83 f8 ea 7c 21 8d 50 16 b9 01
0x00007f436cb856f4:   08 44 00 48 0f a3 d1 72 1d 48 8d 3d 74 a4 11 00
0x00007f436cb85704:   e8 c7 8c ff ff 0f 1f 80 00 00 00 00 83 f8 92 74
0x00007f436cb85714:   05 83 f8 b5 75 e3 f7 d8 48 83 c4 28 5b 5d c3 0f
0x00007f436cb85724:   1f 44 00 00 80 3d c9 dc 15 00 00 75 a3 4c 89 54
0x00007f436cb85734:   24 18 48 89 7c 24 10 89 74 24 08 e8 cc f8 ff ff
0x00007f436cb85744:   4c 8b 54 24 18 8b 74 24 08 89 ea 89 c3 48 8b 7c
0x00007f436cb85754:   24 10 41 b9 ff ff ff ff 45 31 c0 b8 ca 00 00 00
0x00007f436cb85764:   0f 05 89 df 48 89 44 24 08 e8 1e f9 ff ff 48 8b
0x00007f436cb85774:   44 24 08 e9 6a ff ff ff 0f 1f 40 00 48 83 c4 28
0x00007f436cb85784:   b8 16 00 00 00 5b 5d c3 0f 1f 40 00 48 83 39 00
0x00007f436cb85794:   0f 89 1a ff ff ff b8 6e 00 00 00 e9 78 ff ff ff
0x00007f436cb857a4:   66 66 2e 0f 1f 84 00 00 00 00 00 90 f3 0f 1e fa
0x00007f436cb857b4:   45 31 c9 e9 e4 fe ff ff 0f 1f 40 00 f3 0f 1e fa
0x00007f436cb857c4:   41 b9 01 00 00 00 e9 d1 fe ff ff 90 f3 0f 1e fa
0x00007f436cb857d4:   49 89 d2 85 f6 75 4d 80 f1 86 89 ce 31 d2 b8 ca
0x00007f436cb857e4:   00 00 00 0f 05 83 f8 da 74 4a 83 f8 92 74 2d 8d
0x00007f436cb857f4:   50 23 83 fa 23 77 10 48 b9 01 20 00 81 09 00 00
0x00007f436cb85804:   00 48 0f a3 d1 72 15 50 48 8d 3d 65 a3 11 00 e8
0x00007f436cb85814:   b8 8b ff ff 0f 1f 84 00 00 00 00 00 f7 d8 c3 0f
0x00007f436cb85824:   1f 44 00 00 89 ce 40 80 f6 8d 48 85 d2 75 ad eb
0x00007f436cb85834:   a6 0f 1f 00 b8 16 00 00 00 c3 66 90 f3 0f 1e fa
0x00007f436cb85844:   64 48 8b 04 25 10 00 00 00 64 48 8b 14 25 f8 02
0x00007f436cb85854:   00 00 48 89 57 18 48 8d 90 08 03 00 00 8b 80 08 



---------------  P R O C E S S  ---------------

VM state: not at safepoint (normal execution)

VM Mutex/Monitor currently owned by a thread: None

Heap address: 0x0000000709800000, size: 3944 MB, Compressed Oops mode: Zero based, Oop shift amount: 3

CDS archive(s) not mapped
Compressed class space mapped at: 0x0000000800000000-0x0000000840000000, reserved size: 1073741824
Narrow klass base: 0x0000000800000000, Narrow klass shift: 0, Narrow klass range: 0x40000000

GC Precious Log:
<Skipped>

Heap:
 garbage-first heap   total 75776K, used 50367K [0x0000000709800000, 0x0000000800000000)
  region size 2048K, 16 young (32768K), 2 survivors (4096K)
 Metaspace       used 61479K, committed 61952K, reserved 1105920K
  class space    used 8360K, committed 8576K, reserved 1048576K

Heap Regions: E=young(eden), S=young(survivor), O=old, HS=humongous(starts), HC=humongous(continues), CS=collection set, F=free, OA=open archive, CA=closed archive, TAMS=top-at-mark-start (previous, next)
|   0|0x0000000709800000, 0x0000000709a00000, 0x0000000709a00000|100%| O|  |TAMS 0x0000000709a00000, 0x0000000709800000| Untracked 
|   1|0x0000000709a00000, 0x0000000709bf6280, 0x0000000709c00000| 98%| O|  |TAMS 0x0000000709a00000, 0x0000000709a00000| Untracked 
|   2|0x0000000709c00000, 0x0000000709e00000, 0x0000000709e00000|100%| O|  |TAMS 0x0000000709e00000, 0x0000000709c00000| Untracked 
|   3|0x0000000709e00000, 0x0000000709ffffe8, 0x000000070a000000| 99%| O|  |TAMS 0x0000000709e00000, 0x0000000709e00000| Untracked 
|   4|0x000000070a000000, 0x000000070a1fffe0, 0x000000070a200000| 99%| O|  |TAMS 0x000000070a000000, 0x000000070a000000| Untracked 
|   5|0x000000070a200000, 0x000000070a3fffc8, 0x000000070a400000| 99%| O|  |TAMS 0x000000070a200000, 0x000000070a200000| Untracked 
|   6|0x000000070a400000, 0x000000070a5541f0, 0x000000070a600000| 66%| O|  |TAMS 0x000000070a400000, 0x000000070a400000| Untracked 
|   7|0x000000070a600000, 0x000000070a7b9b30, 0x000000070a800000| 86%| O|  |TAMS 0x000000070a600000, 0x000000070a600000| Untracked 
|   8|0x000000070a800000, 0x000000070aa00000, 0x000000070aa00000|100%| O|  |TAMS 0x000000070a800000, 0x000000070a800000| Untracked 
|   9|0x000000070aa00000, 0x000000070aa7b638, 0x000000070ac00000| 24%| O|  |TAMS 0x000000070aa00000, 0x000000070aa00000| Untracked 
|  10|0x000000070ac00000, 0x000000070ac00000, 0x000000070ae00000|  0%| F|  |TAMS 0x000000070ac00000, 0x000000070ac00000| Untracked 
|  11|0x000000070ae00000, 0x000000070af95a30, 0x000000070b000000| 79%| O|  |TAMS 0x000000070ae00000, 0x000000070ae00000| Untracked 
|  12|0x000000070b000000, 0x000000070b000000, 0x000000070b200000|  0%| F|  |TAMS 0x000000070b000000, 0x000000070b000000| Untracked 
|  13|0x000000070b200000, 0x000000070b200000, 0x000000070b400000|  0%| F|  |TAMS 0x000000070b200000, 0x000000070b200000| Untracked 
|  14|0x000000070b400000, 0x000000070b400000, 0x000000070b600000|  0%| F|  |TAMS 0x000000070b400000, 0x000000070b400000| Untracked 
|  15|0x000000070b600000, 0x000000070b600000, 0x000000070b800000|  0%| F|  |TAMS 0x000000070b600000, 0x000000070b600000| Untracked 
|  16|0x000000070b800000, 0x000000070b800000, 0x000000070ba00000|  0%| F|  |TAMS 0x000000070b800000, 0x000000070b800000| Untracked 
|  17|0x000000070ba00000, 0x000000070ba00000, 0x000000070bc00000|  0%| F|  |TAMS 0x000000070ba00000, 0x000000070ba00000| Untracked 
|  18|0x000000070bc00000, 0x000000070bd1a290, 0x000000070be00000| 55%| S|CS|TAMS 0x000000070bc00000, 0x000000070bc00000| Complete 
|  19|0x000000070be00000, 0x000000070c000000, 0x000000070c000000|100%| S|CS|TAMS 0x000000070be00000, 0x000000070be00000| Complete 
|  20|0x000000070c000000, 0x000000070c000000, 0x000000070c200000|  0%| F|  |TAMS 0x000000070c000000, 0x000000070c000000| Untracked 
|  21|0x000000070c200000, 0x000000070c200000, 0x000000070c400000|  0%| F|  |TAMS 0x000000070c200000, 0x000000070c200000| Untracked 
|  22|0x000000070c400000, 0x000000070c400000, 0x000000070c600000|  0%| F|  |TAMS 0x000000070c400000, 0x000000070c400000| Untracked 
|  23|0x000000070c600000, 0x000000070c700da8, 0x000000070c800000| 50%| E|  |TAMS 0x000000070c600000, 0x000000070c600000| Complete 
|  24|0x000000070c800000, 0x000000070ca00000, 0x000000070ca00000|100%| E|CS|TAMS 0x000000070c800000, 0x000000070c800000| Complete 
|  25|0x000000070ca00000, 0x000000070cc00000, 0x000000070cc00000|100%| E|CS|TAMS 0x000000070ca00000, 0x000000070ca00000| Complete 
|  26|0x000000070cc00000, 0x000000070ce00000, 0x000000070ce00000|100%| E|CS|TAMS 0x000000070cc00000, 0x000000070cc00000| Complete 
|  27|0x000000070ce00000, 0x000000070d000000, 0x000000070d000000|100%| E|CS|TAMS 0x000000070ce00000, 0x000000070ce00000| Complete 
|  28|0x000000070d000000, 0x000000070d200000, 0x000000070d200000|100%| E|CS|TAMS 0x000000070d000000, 0x000000070d000000| Complete 
|  29|0x000000070d200000, 0x000000070d400000, 0x000000070d400000|100%| E|CS|TAMS 0x000000070d200000, 0x000000070d200000| Complete 
|  30|0x000000070d400000, 0x000000070d600000, 0x000000070d600000|100%| E|CS|TAMS 0x000000070d400000, 0x000000070d400000| Complete 
|  31|0x000000070d600000, 0x000000070d800000, 0x000000070d800000|100%| E|CS|TAMS 0x000000070d600000, 0x000000070d600000| Complete 
|  32|0x000000070d800000, 0x000000070da00000, 0x000000070da00000|100%| E|CS|TAMS 0x000000070d800000, 0x000000070d800000| Complete 
|  33|0x000000070da00000, 0x000000070dc00000, 0x000000070dc00000|100%| E|CS|TAMS 0x000000070da00000, 0x000000070da00000| Complete 
|  34|0x000000070dc00000, 0x000000070de00000, 0x000000070de00000|100%| E|CS|TAMS 0x000000070dc00000, 0x000000070dc00000| Complete 
|  35|0x000000070de00000, 0x000000070e000000, 0x000000070e000000|100%| E|CS|TAMS 0x000000070de00000, 0x000000070de00000| Complete 
|  36|0x000000070e000000, 0x000000070e200000, 0x000000070e200000|100%| E|CS|TAMS 0x000000070e000000, 0x000000070e000000| Complete 

Card table byte_map: [0x00007f435f090000,0x00007f435f844000] _byte_map_base: 0x00007f435b844000

Marking Bits (Prev, Next): (CMBitMap*) 0x00007f4364093ca0, (CMBitMap*) 0x00007f4364093ce0
 Prev Bits: [0x00007f435ab3c000, 0x00007f435e8dc000)
 Next Bits: [0x00007f4356d9c000, 0x00007f435ab3c000)

Polling page: 0x00007f436cd36000

Metaspace:

Usage:
  Non-class:     51.87 MB used.
      Class:      8.16 MB used.
       Both:     60.04 MB used.

Virtual space:
  Non-class space:       56.00 MB reserved,      52.12 MB ( 93%) committed,  7 nodes.
      Class space:        1.00 GB reserved,       8.38 MB ( <1%) committed,  1 nodes.
             Both:        1.05 GB reserved,      60.50 MB (  6%) committed. 

Chunk freelists:
   Non-Class:  3.76 MB
       Class:  3.53 MB
        Both:  7.29 MB

MaxMetaspaceSize: unlimited
CompressedClassSpaceSize: 1.00 GB
Initial GC threshold: 21.00 MB
Current GC threshold: 100.44 MB
CDS: off
MetaspaceReclaimPolicy: balanced
 - commit_granule_bytes: 65536.
 - commit_granule_words: 8192.
 - virtual_space_node_default_size: 1048576.
 - enlarge_chunks_in_place: 1.
 - new_chunks_are_fully_committed: 0.
 - uncommit_free_chunks: 1.
 - use_allocation_guard: 0.
 - handle_deallocations: 1.


Internal statistics:

num_allocs_failed_limit: 9.
num_arena_births: 480.
num_arena_deaths: 6.
num_vsnodes_births: 8.
num_vsnodes_deaths: 0.
num_space_committed: 968.
num_space_uncommitted: 0.
num_chunks_returned_to_freelist: 19.
num_chunks_taken_from_freelist: 2463.
num_chunk_merges: 8.
num_chunk_splits: 1711.
num_chunks_enlarged: 1333.
num_purges: 2.
num_inconsistent_stats: 0.

CodeCache: size=49152Kb used=9758Kb max_used=11028Kb free=39393Kb
 bounds [0x00007f4368500000, 0x00007f4368fd0000, 0x00007f436b500000]
 total_blobs=5900 nmethods=5308 adapters=519
 compilation: enabled
              stopped_count=0, restarted_count=0
 full_count=0

Compilation events (20 events):
Event: 165.425 Thread 0x00007f4364233e30 5299       1       java.util.concurrent.ScheduledThreadPoolExecutor$DelayedWorkQueue::add (9 bytes)
Event: 165.425 Thread 0x00007f4364233e30 nmethod 5299 0x00007f4368820b10 code [0x00007f4368820cc0, 0x00007f4368820e00]
Event: 165.425 Thread 0x00007f4364233e30 5300       1       java.util.concurrent.ScheduledThreadPoolExecutor$DelayedWorkQueue::add (6 bytes)
Event: 165.425 Thread 0x00007f4364233e30 nmethod 5300 0x00007f4368820810 code [0x00007f43688209a0, 0x00007f4368820a80]
Event: 165.425 Thread 0x00007f4364233e30 5301   !   1       java.util.concurrent.ScheduledThreadPoolExecutor$DelayedWorkQueue::offer (123 bytes)
Event: 165.427 Thread 0x00007f4364233e30 nmethod 5301 0x00007f436881f490 code [0x00007f436881f720, 0x00007f4368820060]
Event: 165.427 Thread 0x00007f4364233e30 5302       1       java.util.concurrent.ThreadPoolExecutor::ensurePrestart (41 bytes)
Event: 165.428 Thread 0x00007f4364233e30 nmethod 5302 0x00007f436881f090 code [0x00007f436881f240, 0x00007f436881f390]
Event: 165.524 Thread 0x00007f4364233e30 5303   !   1       java.util.concurrent.ThreadPoolExecutor::getTask (177 bytes)
Event: 165.525 Thread 0x00007f4364233e30 nmethod 5303 0x00007f436881e710 code [0x00007f436881e900, 0x00007f436881edf0]
Event: 170.524 Thread 0x00007f4364233e30 5304       1       java.util.concurrent.ThreadPoolExecutor$Worker::tryAcquire (20 bytes)
Event: 170.524 Thread 0x00007f4364233e30 nmethod 5304 0x00007f436881e390 code [0x00007f436881e520, 0x00007f436881e690]
Event: 171.524 Thread 0x00007f4364233e30 5305       1       java.util.concurrent.ThreadPoolExecutor$Worker::lock (6 bytes)
Event: 171.525 Thread 0x00007f4364233e30 nmethod 5305 0x00007f436881df90 code [0x00007f436881e140, 0x00007f436881e300]
Event: 171.525 Thread 0x00007f4364233e30 5306       1       java.util.concurrent.ThreadPoolExecutor::beforeExecute (1 bytes)
Event: 171.525 Thread 0x00007f4364233e30 nmethod 5306 0x00007f436881dc90 code [0x00007f436881de20, 0x00007f436881ded0]
Event: 171.525 Thread 0x00007f4364233e30 5307       1       java.util.concurrent.ThreadPoolExecutor::afterExecute (1 bytes)
Event: 171.525 Thread 0x00007f4364233e30 nmethod 5307 0x00007f436881d990 code [0x00007f436881db20, 0x00007f436881dbd0]
Event: 175.424 Thread 0x00007f4364233e30 5308       1       java.util.HashMap$Values::toArray (16 bytes)
Event: 175.424 Thread 0x00007f4364233e30 nmethod 5308 0x00007f436881d610 code [0x00007f436881d7c0, 0x00007f436881d8d0]

GC Heap History (20 events):
Event: 0.488 GC heap before
{Heap before GC invocations=2 (full 0):
 garbage-first heap   total 253952K, used 10516K [0x0000000709800000, 0x0000000800000000)
  region size 2048K, 3 young (6144K), 1 survivors (2048K)
 Metaspace       used 21308K, committed 21504K, reserved 1073152K
  class space    used 2484K, committed 2560K, reserved 1048576K
}
Event: 0.489 GC heap after
{Heap after GC invocations=3 (full 0):
 garbage-first heap   total 253952K, used 8523K [0x0000000709800000, 0x0000000800000000)
  region size 2048K, 1 young (2048K), 1 survivors (2048K)
 Metaspace       used 21308K, committed 21504K, reserved 1073152K
  class space    used 2484K, committed 2560K, reserved 1048576K
}
Event: 0.591 GC heap before
{Heap before GC invocations=4 (full 0):
 garbage-first heap   total 49152K, used 33099K [0x0000000709800000, 0x0000000800000000)
  region size 2048K, 15 young (30720K), 1 survivors (2048K)
 Metaspace       used 26361K, committed 26688K, reserved 1073152K
  class space    used 3165K, committed 3328K, reserved 1048576K
}
Event: 0.595 GC heap after
{Heap after GC invocations=5 (full 0):
 garbage-first heap   total 49152K, used 9731K [0x0000000709800000, 0x0000000800000000)
  region size 2048K, 2 young (4096K), 2 survivors (4096K)
 Metaspace       used 26361K, committed 26688K, reserved 1073152K
  class space    used 3165K, committed 3328K, reserved 1048576K
}
Event: 0.714 GC heap before
{Heap before GC invocations=5 (full 0):
 garbage-first heap   total 49152K, used 28163K [0x0000000709800000, 0x0000000800000000)
  region size 2048K, 12 young (24576K), 2 survivors (4096K)
 Metaspace       used 27702K, committed 28032K, reserved 1081344K
  class space    used 3358K, committed 3520K, reserved 1048576K
}
Event: 0.716 GC heap after
{Heap after GC invocations=6 (full 0):
 garbage-first heap   total 151552K, used 10837K [0x0000000709800000, 0x0000000800000000)
  region size 2048K, 2 young (4096K), 2 survivors (4096K)
 Metaspace       used 27702K, committed 28032K, reserved 1081344K
  class space    used 3358K, committed 3520K, reserved 1048576K
}
Event: 1.049 GC heap before
{Heap before GC invocations=6 (full 0):
 garbage-first heap   total 151552K, used 68181K [0x0000000709800000, 0x0000000800000000)
  region size 2048K, 31 young (63488K), 2 survivors (4096K)
 Metaspace       used 35990K, committed 36288K, reserved 1081344K
  class space    used 4544K, committed 4736K, reserved 1048576K
}
Event: 1.053 GC heap after
{Heap after GC invocations=7 (full 0):
 garbage-first heap   total 151552K, used 15307K [0x0000000709800000, 0x0000000800000000)
  region size 2048K, 4 young (8192K), 4 survivors (8192K)
 Metaspace       used 35990K, committed 36288K, reserved 1081344K
  class space    used 4544K, committed 4736K, reserved 1048576K
}
Event: 1.305 GC heap before
{Heap before GC invocations=8 (full 0):
 garbage-first heap   total 69632K, used 54219K [0x0000000709800000, 0x0000000800000000)
  region size 2048K, 24 young (49152K), 4 survivors (8192K)
 Metaspace       used 46577K, committed 46976K, reserved 1097728K
  class space    used 6073K, committed 6272K, reserved 1048576K
}
Event: 1.311 GC heap after
{Heap after GC invocations=9 (full 0):
 garbage-first heap   total 71680K, used 18132K [0x0000000709800000, 0x0000000800000000)
  region size 2048K, 5 young (10240K), 5 survivors (10240K)
 Metaspace       used 46577K, committed 46976K, reserved 1097728K
  class space    used 6073K, committed 6272K, reserved 1048576K
}
Event: 1.495 GC heap before
{Heap before GC invocations=9 (full 0):
 garbage-first heap   total 71680K, used 46804K [0x0000000709800000, 0x0000000800000000)
  region size 2048K, 20 young (40960K), 5 survivors (10240K)
 Metaspace       used 54639K, committed 55040K, reserved 1097728K
  class space    used 7382K, committed 7552K, reserved 1048576K
}
Event: 1.497 GC heap after
{Heap after GC invocations=10 (full 0):
 garbage-first heap   total 71680K, used 19576K [0x0000000709800000, 0x0000000800000000)
  region size 2048K, 3 young (6144K), 3 survivors (6144K)
 Metaspace       used 54639K, committed 55040K, reserved 1097728K
  class space    used 7382K, committed 7552K, reserved 1048576K
}
Event: 1.649 GC heap before
{Heap before GC invocations=10 (full 0):
 garbage-first heap   total 71680K, used 48248K [0x0000000709800000, 0x0000000800000000)
  region size 2048K, 18 young (36864K), 3 survivors (6144K)
 Metaspace       used 58923K, committed 59264K, reserved 1105920K
  class space    used 7992K, committed 8128K, reserved 1048576K
}
Event: 1.650 GC heap after
{Heap after GC invocations=11 (full 0):
 garbage-first heap   total 86016K, used 22200K [0x0000000709800000, 0x0000000800000000)
  region size 2048K, 3 young (6144K), 3 survivors (6144K)
 Metaspace       used 58923K, committed 59264K, reserved 1105920K
  class space    used 7992K, committed 8128K, reserved 1048576K
}
Event: 1.743 GC heap before
{Heap before GC invocations=11 (full 0):
 garbage-first heap   total 86016K, used 38584K [0x0000000709800000, 0x0000000800000000)
  region size 2048K, 12 young (24576K), 3 survivors (6144K)
 Metaspace       used 60701K, committed 61056K, reserved 1105920K
  class space    used 8252K, committed 8448K, reserved 1048576K
}
Event: 1.748 GC heap after
{Heap after GC invocations=12 (full 0):
 garbage-first heap   total 86016K, used 24175K [0x0000000709800000, 0x0000000800000000)
  region size 2048K, 3 young (6144K), 3 survivors (6144K)
 Metaspace       used 60701K, committed 61056K, reserved 1105920K
  class space    used 8252K, committed 8448K, reserved 1048576K
}
Event: 45.251 GC heap before
{Heap before GC invocations=13 (full 0):
 garbage-first heap   total 86016K, used 32367K [0x0000000709800000, 0x0000000800000000)
  region size 2048K, 8 young (16384K), 3 survivors (6144K)
 Metaspace       used 61289K, committed 61696K, reserved 1105920K
  class space    used 8342K, committed 8512K, reserved 1048576K
}
Event: 45.271 GC heap after
{Heap after GC invocations=14 (full 1):
 garbage-first heap   total 75776K, used 19539K [0x0000000709800000, 0x0000000800000000)
  region size 2048K, 0 young (0K), 0 survivors (0K)
 Metaspace       used 61280K, committed 61696K, reserved 1105920K
  class space    used 8341K, committed 8512K, reserved 1048576K
}
Event: 45.425 GC heap before
{Heap before GC invocations=14 (full 1):
 garbage-first heap   total 75776K, used 52307K [0x0000000709800000, 0x0000000800000000)
  region size 2048K, 17 young (34816K), 0 survivors (0K)
 Metaspace       used 61313K, committed 61824K, reserved 1105920K
  class space    used 8347K, committed 8576K, reserved 1048576K
}
Event: 45.426 GC heap after
{Heap after GC invocations=15 (full 1):
 garbage-first heap   total 75776K, used 22716K [0x0000000709800000, 0x0000000800000000)
  region size 2048K, 2 young (4096K), 2 survivors (4096K)
 Metaspace       used 61313K, committed 61824K, reserved 1105920K
  class space    used 8347K, committed 8576K, reserved 1048576K
}

Dll operation events (9 events):
Event: 0.001 Loaded shared library /home/axel/Programas/Spring Tools/sts-4.17.2.RELEASE/plugins/org.eclipse.justj.openjdk.hotspot.jre.full.linux.x86_64_17.0.6.v20230125-1136/jre/lib/libjava.so
Event: 0.069 Loaded shared library /home/axel/Programas/Spring Tools/sts-4.17.2.RELEASE/plugins/org.eclipse.justj.openjdk.hotspot.jre.full.linux.x86_64_17.0.6.v20230125-1136/jre/lib/libnio.so
Event: 0.070 Loaded shared library /home/axel/Programas/Spring Tools/sts-4.17.2.RELEASE/plugins/org.eclipse.justj.openjdk.hotspot.jre.full.linux.x86_64_17.0.6.v20230125-1136/jre/lib/libjimage.so
Event: 0.077 Loaded shared library /home/axel/Programas/Spring Tools/sts-4.17.2.RELEASE/plugins/org.eclipse.justj.openjdk.hotspot.jre.full.linux.x86_64_17.0.6.v20230125-1136/jre/lib/libzip.so
Event: 0.096 Loaded shared library /home/axel/Programas/Spring Tools/sts-4.17.2.RELEASE/plugins/org.eclipse.justj.openjdk.hotspot.jre.full.linux.x86_64_17.0.6.v20230125-1136/jre/lib/libmanagement.so
Event: 0.103 Loaded shared library /home/axel/Programas/Spring Tools/sts-4.17.2.RELEASE/plugins/org.eclipse.justj.openjdk.hotspot.jre.full.linux.x86_64_17.0.6.v20230125-1136/jre/lib/libmanagement_ext.so
Event: 0.129 Loaded shared library /home/axel/Programas/Spring Tools/sts-4.17.2.RELEASE/plugins/org.eclipse.justj.openjdk.hotspot.jre.full.linux.x86_64_17.0.6.v20230125-1136/jre/lib/libnet.so
Event: 0.201 Loaded shared library /home/axel/Programas/Spring Tools/sts-4.17.2.RELEASE/plugins/org.eclipse.justj.openjdk.hotspot.jre.full.linux.x86_64_17.0.6.v20230125-1136/jre/lib/libextnet.so
Event: 0.225 Loaded shared library /home/axel/Programas/Spring Tools/sts-4.17.2.RELEASE/plugins/org.eclipse.justj.openjdk.hotspot.jre.full.linux.x86_64_17.0.6.v20230125-1136/jre/lib/libverify.so

Deoptimization events (14 events):
Event: 0.501 Thread 0x00007f42d40063b0 DEOPT PACKING pc=0x00007f4368bbfa11 sp=0x00007f4344bec260
Event: 0.501 Thread 0x00007f42d40063b0 DEOPT UNPACKING pc=0x00007f4368556e2f sp=0x00007f4344beb760 mode 3
Event: 0.774 Thread 0x00007f42d40063b0 DEOPT PACKING pc=0x00007f4368bf8a64 sp=0x00007f4344becad0
Event: 0.774 Thread 0x00007f42d40063b0 DEOPT UNPACKING pc=0x00007f4368556e2f sp=0x00007f4344bec048 mode 0
Event: 1.125 Thread 0x00007f42d40063b0 DEOPT PACKING pc=0x00007f4368ae2f01 sp=0x00007f4344beb020
Event: 1.125 Thread 0x00007f42d40063b0 DEOPT UNPACKING pc=0x00007f4368556e2f sp=0x00007f4344bea4d0 mode 3
Event: 1.125 Thread 0x00007f42c88da610 DEOPT PACKING pc=0x00007f4368b31996 sp=0x00007f4344aee5c0
Event: 1.125 Thread 0x00007f42c88da610 DEOPT UNPACKING pc=0x00007f4368556e2f sp=0x00007f4344aeda38 mode 3
Event: 1.143 Thread 0x00007f42d40063b0 DEOPT PACKING pc=0x00007f4368e3babd sp=0x00007f4344beb8f0
Event: 1.143 Thread 0x00007f42d40063b0 DEOPT UNPACKING pc=0x00007f4368556e2f sp=0x00007f4344beae78 mode 3
Event: 1.614 Thread 0x00007f42d40063b0 DEOPT PACKING pc=0x00007f4368bdace0 sp=0x00007f4344becd20
Event: 1.614 Thread 0x00007f42d40063b0 DEOPT UNPACKING pc=0x00007f4368556e2f sp=0x00007f4344bec258 mode 3
Event: 1.614 Thread 0x00007f42d40063b0 DEOPT PACKING pc=0x00007f4368bba75a sp=0x00007f4344beccf0
Event: 1.614 Thread 0x00007f42d40063b0 DEOPT UNPACKING pc=0x00007f4368556e2f sp=0x00007f4344bec258 mode 3

Classes unloaded (3 events):
Event: 45.258 Thread 0x00007f43641b6150 Unloading class 0x0000000800869800 'jdk/internal/reflect/GeneratedSerializationConstructorAccessor22'
Event: 45.258 Thread 0x00007f43641b6150 Unloading class 0x0000000800869400 'jdk/internal/reflect/GeneratedSerializationConstructorAccessor21'
Event: 45.258 Thread 0x00007f43641b6150 Unloading class 0x0000000800869000 'jdk/internal/reflect/GeneratedSerializationConstructorAccessor20'

Classes redefined (0 events):
No events

Internal exceptions (20 events):
Event: 45.433 Thread 0x00007f43100a7b80 Exception <a 'java/io/IOException'{0x000000070e0c34a0}> (0x000000070e0c34a0) 
thrown [src/hotspot/share/prims/jni.cpp, line 516]
Event: 45.433 Thread 0x00007f43100a7b80 Exception <a 'java/io/IOException'{0x000000070e0c3d18}> (0x000000070e0c3d18) 
thrown [src/hotspot/share/prims/jni.cpp, line 516]
Event: 45.443 Thread 0x00007f43100a7b80 Exception <a 'java/io/IOException'{0x000000070e1ed988}> (0x000000070e1ed988) 
thrown [src/hotspot/share/prims/jni.cpp, line 516]
Event: 45.443 Thread 0x00007f43100a7b80 Exception <a 'java/io/IOException'{0x000000070e1edf58}> (0x000000070e1edf58) 
thrown [src/hotspot/share/prims/jni.cpp, line 516]
Event: 45.444 Thread 0x00007f43100a7b80 Exception <a 'java/io/IOException'{0x000000070e1f08c0}> (0x000000070e1f08c0) 
thrown [src/hotspot/share/prims/jni.cpp, line 516]
Event: 45.444 Thread 0x00007f43100a7b80 Exception <a 'java/io/IOException'{0x000000070e1f0e90}> (0x000000070e1f0e90) 
thrown [src/hotspot/share/prims/jni.cpp, line 516]
Event: 45.456 Thread 0x00007f43100a7b80 Exception <a 'java/lang/ClassNotFoundException'{0x000000070dcce830}: java/lang/ObjectCustomizer> (0x000000070dcce830) 
thrown [src/hotspot/share/classfile/systemDictionary.cpp, line 256]
Event: 45.456 Thread 0x00007f43100a7b80 Exception <a 'java/lang/ClassNotFoundException'{0x000000070dcd9c08}: com/moto/servicio/entity/MotoCustomizer> (0x000000070dcd9c08) 
thrown [src/hotspot/share/classfile/systemDictionary.cpp, line 256]
Event: 45.464 Thread 0x00007f43100a7b80 Exception <a 'java/lang/reflect/InvocationTargetException'{0x000000070d9ab590}> (0x000000070d9ab590) 
thrown [src/hotspot/share/runtime/reflection.cpp, line 1119]
Event: 45.474 Thread 0x00007f43100a7b80 Exception <a 'java/io/IOException'{0x000000070d747d00}> (0x000000070d747d00) 
thrown [src/hotspot/share/prims/jni.cpp, line 516]
Event: 45.474 Thread 0x00007f43100a7b80 Exception <a 'java/io/IOException'{0x000000070d748578}> (0x000000070d748578) 
thrown [src/hotspot/share/prims/jni.cpp, line 516]
Event: 45.517 Thread 0x00007f43100a7b80 Exception <a 'java/net/BindException'{0x000000070cca3c20}> (0x000000070cca3c20) 
thrown [src/hotspot/share/prims/jni.cpp, line 516]
Event: 45.517 Thread 0x00007f43100a7b80 Exception <a 'java/io/IOException'{0x000000070cca5418}> (0x000000070cca5418) 
thrown [src/hotspot/share/prims/jni.cpp, line 516]
Event: 45.517 Thread 0x00007f43100a7b80 Exception <a 'java/io/IOException'{0x000000070cca59e8}> (0x000000070cca59e8) 
thrown [src/hotspot/share/prims/jni.cpp, line 516]
Event: 45.524 Thread 0x00007f43100a7b80 Exception <a 'java/io/IOException'{0x000000070ca236e0}> (0x000000070ca236e0) 
thrown [src/hotspot/share/prims/jni.cpp, line 516]
Event: 45.524 Thread 0x00007f43100a7b80 Exception <a 'java/io/IOException'{0x000000070ca23cb0}> (0x000000070ca23cb0) 
thrown [src/hotspot/share/prims/jni.cpp, line 516]
Event: 45.528 Thread 0x00007f43100a7b80 Exception <a 'java/io/IOException'{0x000000070ca48aa0}> (0x000000070ca48aa0) 
thrown [src/hotspot/share/prims/jni.cpp, line 516]
Event: 45.528 Thread 0x00007f43100a7b80 Exception <a 'java/io/IOException'{0x000000070ca48dc8}> (0x000000070ca48dc8) 
thrown [src/hotspot/share/prims/jni.cpp, line 516]
Event: 45.530 Thread 0x00007f43100a7b80 Exception <a 'java/io/IOException'{0x000000070ca5fa98}> (0x000000070ca5fa98) 
thrown [src/hotspot/share/prims/jni.cpp, line 516]
Event: 45.530 Thread 0x00007f43100a7b80 Exception <a 'java/io/IOException'{0x000000070ca60068}> (0x000000070ca60068) 
thrown [src/hotspot/share/prims/jni.cpp, line 516]

VM Operations (20 events):
Event: 45.399 Executing VM operation: ICBufferFull
Event: 45.399 Executing VM operation: ICBufferFull done
Event: 45.425 Executing VM operation: G1CollectForAllocation
Event: 45.426 Executing VM operation: G1CollectForAllocation done
Event: 46.426 Executing VM operation: Cleanup
Event: 46.426 Executing VM operation: Cleanup done
Event: 66.428 Executing VM operation: Cleanup
Event: 66.428 Executing VM operation: Cleanup done
Event: 67.428 Executing VM operation: Cleanup
Event: 67.428 Executing VM operation: Cleanup done
Event: 91.431 Executing VM operation: Cleanup
Event: 91.431 Executing VM operation: Cleanup done
Event: 124.434 Executing VM operation: Cleanup
Event: 124.434 Executing VM operation: Cleanup done
Event: 125.435 Executing VM operation: Cleanup
Event: 125.435 Executing VM operation: Cleanup done
Event: 167.440 Executing VM operation: Cleanup
Event: 167.440 Executing VM operation: Cleanup done
Event: 172.440 Executing VM operation: Cleanup
Event: 172.441 Executing VM operation: Cleanup done

Events (20 events):
Event: 45.523 Thread 0x00007f427402fa50 Thread added: 0x00007f427402fa50
Event: 45.523 Protecting memory [0x00007f43455fe000,0x00007f4345602000] with protection modes 0
Event: 45.524 Thread 0x00007f4274033af0 Thread added: 0x00007f4274033af0
Event: 45.524 Protecting memory [0x00007f43454fe000,0x00007f4345502000] with protection modes 0
Event: 45.524 Thread 0x00007f4274034b80 Thread added: 0x00007f4274034b80
Event: 45.524 Protecting memory [0x00007f43453fe000,0x00007f4345402000] with protection modes 0
Event: 45.530 Thread 0x00007f43100a7b80 Thread exited: 0x00007f43100a7b80
Event: 45.530 Thread 0x00007f428800b420 Thread exited: 0x00007f428800b420
Event: 47.524 Thread 0x00007f42c41852a0 Thread exited: 0x00007f42c41852a0
Event: 47.524 Thread 0x00007f432427e9b0 Thread exited: 0x00007f432427e9b0
Event: 50.517 Thread 0x00007f4264004530 Thread exited: 0x00007f4264004530
Event: 90.523 Thread 0x00007f430c004eb0 Thread exited: 0x00007f430c004eb0
Event: 90.523 Thread 0x00007f430c002040 Thread exited: 0x00007f430c002040
Event: 90.523 Thread 0x00007f430c003770 Thread exited: 0x00007f430c003770
Event: 90.523 Thread 0x00007f430c004310 Thread exited: 0x00007f430c004310
Event: 90.528 Thread 0x00007f4308004cd0 Thread exited: 0x00007f4308004cd0
Event: 90.528 Thread 0x00007f4308005e60 Thread exited: 0x00007f4308005e60
Event: 90.528 Thread 0x00007f4308002370 Thread exited: 0x00007f4308002370
Event: 90.528 Thread 0x00007f4308003b50 Thread exited: 0x00007f4308003b50
Event: 122.081 Thread 0x00007f42a40108f0 Thread exited: 0x00007f42a40108f0


Dynamic libraries:
709800000-70e200000 rw-p 00000000 00:00 0 
70e200000-800000000 ---p 00000000 00:00 0 
800000000-800010000 rw-p 00000000 00:00 0 
800010000-800030000 rw-p 00000000 00:00 0 
800030000-8000b0000 rw-p 00000000 00:00 0 
8000b0000-8000d0000 rw-p 00000000 00:00 0 
8000d0000-800130000 rw-p 00000000 00:00 0 
800130000-800150000 rw-p 00000000 00:00 0 
800150000-8001b0000 rw-p 00000000 00:00 0 
8001b0000-8001f0000 rw-p 00000000 00:00 0 
8001f0000-8002f0000 rw-p 00000000 00:00 0 
8002f0000-800530000 rw-p 00000000 00:00 0 
800530000-800560000 rw-p 00000000 00:00 0 
800560000-800580000 ---p 00000000 00:00 0 
800580000-800880000 rw-p 00000000 00:00 0 
800880000-840000000 ---p 00000000 00:00 0 
5565aba69000-5565aba6a000 r--p 00000000 08:12 5273730                    /home/axel/Programas/Spring Tools/sts-4.17.2.RELEASE/plugins/org.eclipse.justj.openjdk.hotspot.jre.full.linux.x86_64_17.0.6.v20230125-1136/jre/bin/java
5565aba6a000-5565aba6b000 r-xp 00001000 08:12 5273730                    /home/axel/Programas/Spring Tools/sts-4.17.2.RELEASE/plugins/org.eclipse.justj.openjdk.hotspot.jre.full.linux.x86_64_17.0.6.v20230125-1136/jre/bin/java
5565aba6b000-5565aba6c000 r--p 00002000 08:12 5273730                    /home/axel/Programas/Spring Tools/sts-4.17.2.RELEASE/plugins/org.eclipse.justj.openjdk.hotspot.jre.full.linux.x86_64_17.0.6.v20230125-1136/jre/bin/java
5565aba6c000-5565aba6d000 r--p 00002000 08:12 5273730                    /home/axel/Programas/Spring Tools/sts-4.17.2.RELEASE/plugins/org.eclipse.justj.openjdk.hotspot.jre.full.linux.x86_64_17.0.6.v20230125-1136/jre/bin/java
5565aba6d000-5565aba6e000 rw-p 00003000 08:12 5273730                    /home/axel/Programas/Spring Tools/sts-4.17.2.RELEASE/plugins/org.eclipse.justj.openjdk.hotspot.jre.full.linux.x86_64_17.0.6.v20230125-1136/jre/bin/java
5565acec2000-5565acf0c000 rw-p 00000000 00:00 0                          [heap]
7f422c000000-7f422c021000 rw-p 00000000 00:00 0 
7f422c021000-7f4230000000 ---p 00000000 00:00 0 
7f4234000000-7f4234021000 rw-p 00000000 00:00 0 
7f4234021000-7f4238000000 ---p 00000000 00:00 0 
7f4238000000-7f4238021000 rw-p 00000000 00:00 0 
7f4238021000-7f423c000000 ---p 00000000 00:00 0 
7f423c000000-7f423c021000 rw-p 00000000 00:00 0 
7f423c021000-7f4240000000 ---p 00000000 00:00 0 
7f4243c00000-7f4243c04000 ---p 00000000 00:00 0 
7f4243c04000-7f4243d00000 rw-p 00000000 00:00 0 
7f4243d00000-7f4243d04000 ---p 00000000 00:00 0 
7f4243d04000-7f4243e00000 rw-p 00000000 00:00 0 
7f4243e00000-7f4243e04000 ---p 00000000 00:00 0 
7f4243e04000-7f4243f00000 rw-p 00000000 00:00 0 
7f4243f00000-7f4243f04000 ---p 00000000 00:00 0 
7f4243f04000-7f4244021000 rw-p 00000000 00:00 0 
7f4244021000-7f4248000000 ---p 00000000 00:00 0 
7f4248000000-7f4248021000 rw-p 00000000 00:00 0 
7f4248021000-7f424c000000 ---p 00000000 00:00 0 
7f424c000000-7f424c021000 rw-p 00000000 00:00 0 
7f424c021000-7f4250000000 ---p 00000000 00:00 0 
7f4250000000-7f4250021000 rw-p 00000000 00:00 0 
7f4250021000-7f4254000000 ---p 00000000 00:00 0 
7f4254000000-7f4254021000 rw-p 00000000 00:00 0 
7f4254021000-7f4258000000 ---p 00000000 00:00 0 
7f4258000000-7f4258021000 rw-p 00000000 00:00 0 
7f4258021000-7f425c000000 ---p 00000000 00:00 0 
7f425c000000-7f425c021000 rw-p 00000000 00:00 0 
7f425c021000-7f4260000000 ---p 00000000 00:00 0 
7f4260000000-7f4260021000 rw-p 00000000 00:00 0 
7f4260021000-7f4264000000 ---p 00000000 00:00 0 
7f4264000000-7f4264021000 rw-p 00000000 00:00 0 
7f4264021000-7f4268000000 ---p 00000000 00:00 0 
7f4268000000-7f4268021000 rw-p 00000000 00:00 0 
7f4268021000-7f426c000000 ---p 00000000 00:00 0 
7f426c000000-7f426c021000 rw-p 00000000 00:00 0 
7f426c021000-7f4270000000 ---p 00000000 00:00 0 
7f4270000000-7f42700e5000 rw-p 00000000 00:00 0 
7f42700e5000-7f4274000000 ---p 00000000 00:00 0 
7f4274000000-7f427403b000 rw-p 00000000 00:00 0 
7f427403b000-7f4278000000 ---p 00000000 00:00 0 
7f4278000000-7f4278021000 rw-p 00000000 00:00 0 
7f4278021000-7f427c000000 ---p 00000000 00:00 0 
7f427c000000-7f427c021000 rw-p 00000000 00:00 0 
7f427c021000-7f4280000000 ---p 00000000 00:00 0 
7f4280000000-7f4280021000 rw-p 00000000 00:00 0 
7f4280021000-7f4284000000 ---p 00000000 00:00 0 
7f4284000000-7f4284021000 rw-p 00000000 00:00 0 
7f4284021000-7f4288000000 ---p 00000000 00:00 0 
7f4288000000-7f4288021000 rw-p 00000000 00:00 0 
7f4288021000-7f428c000000 ---p 00000000 00:00 0 
7f428c000000-7f428c021000 rw-p 00000000 00:00 0 
7f428c021000-7f4290000000 ---p 00000000 00:00 0 
7f4290000000-7f4290021000 rw-p 00000000 00:00 0 
7f4290021000-7f4294000000 ---p 00000000 00:00 0 
7f4294000000-7f4294021000 rw-p 00000000 00:00 0 
7f4294021000-7f4298000000 ---p 00000000 00:00 0 
7f4298000000-7f4298021000 rw-p 00000000 00:00 0 
7f4298021000-7f429c000000 ---p 00000000 00:00 0 
7f429c000000-7f429c021000 rw-p 00000000 00:00 0 
7f429c021000-7f42a0000000 ---p 00000000 00:00 0 
7f42a0000000-7f42a0023000 rw-p 00000000 00:00 0 
7f42a0023000-7f42a4000000 ---p 00000000 00:00 0 
7f42a4000000-7f42a402e000 rw-p 00000000 00:00 0 
7f42a402e000-7f42a8000000 ---p 00000000 00:00 0 
7f42a8000000-7f42a8021000 rw-p 00000000 00:00 0 
7f42a8021000-7f42ac000000 ---p 00000000 00:00 0 
7f42ac000000-7f42ac021000 rw-p 00000000 00:00 0 
7f42ac021000-7f42b0000000 ---p 00000000 00:00 0 
7f42b0000000-7f42b0021000 rw-p 00000000 00:00 0 
7f42b0021000-7f42b4000000 ---p 00000000 00:00 0 
7f42b4000000-7f42b4021000 rw-p 00000000 00:00 0 
7f42b4021000-7f42b8000000 ---p 00000000 00:00 0 
7f42b8000000-7f42b8021000 rw-p 00000000 00:00 0 
7f42b8021000-7f42bc000000 ---p 00000000 00:00 0 
7f42bc000000-7f42bc021000 rw-p 00000000 00:00 0 
7f42bc021000-7f42c0000000 ---p 00000000 00:00 0 
7f42c0000000-7f42c0021000 rw-p 00000000 00:00 0 
7f42c0021000-7f42c4000000 ---p 00000000 00:00 0 
7f42c4000000-7f42c432b000 rw-p 00000000 00:00 0 
7f42c432b000-7f42c8000000 ---p 00000000 00:00 0 
7f42c8000000-7f42c901e000 rw-p 00000000 00:00 0 
7f42c901e000-7f42cc000000 ---p 00000000 00:00 0 
7f42cc000000-7f42cc004000 ---p 00000000 00:00 0 
7f42cc004000-7f42cc100000 rw-p 00000000 00:00 0 
7f42cc100000-7f42cc104000 ---p 00000000 00:00 0 
7f42cc104000-7f42cc200000 rw-p 00000000 00:00 0 
7f42cc200000-7f42cc204000 ---p 00000000 00:00 0 
7f42cc204000-7f42cc300000 rw-p 00000000 00:00 0 
7f42cc300000-7f42cc304000 ---p 00000000 00:00 0 
7f42cc304000-7f42cc400000 rw-p 00000000 00:00 0 
7f42cc400000-7f42cc404000 ---p 00000000 00:00 0 
7f42cc404000-7f42cc500000 rw-p 00000000 00:00 0 
7f42cc500000-7f42cc504000 ---p 00000000 00:00 0 
7f42cc504000-7f42cc600000 rw-p 00000000 00:00 0 
7f42cc600000-7f42cc604000 ---p 00000000 00:00 0 
7f42cc604000-7f42cc700000 rw-p 00000000 00:00 0 
7f42cc700000-7f42cc704000 ---p 00000000 00:00 0 
7f42cc704000-7f42cc800000 rw-p 00000000 00:00 0 
7f42cc800000-7f42cc804000 ---p 00000000 00:00 0 
7f42cc804000-7f42cc900000 rw-p 00000000 00:00 0 
7f42cc900000-7f42cc904000 ---p 00000000 00:00 0 
7f42cc904000-7f42cca00000 rw-p 00000000 00:00 0 
7f42cca00000-7f42cca04000 ---p 00000000 00:00 0 
7f42cca04000-7f42ccb00000 rw-p 00000000 00:00 0 
7f42ccb00000-7f42ccb04000 ---p 00000000 00:00 0 
7f42ccb04000-7f42ccc00000 rw-p 00000000 00:00 0 
7f42ccc00000-7f42ccc04000 ---p 00000000 00:00 0 
7f42ccc04000-7f42ccd00000 rw-p 00000000 00:00 0 
7f42ccd00000-7f42ccd04000 ---p 00000000 00:00 0 
7f42ccd04000-7f42cce00000 rw-p 00000000 00:00 0 
7f42cce00000-7f42cce04000 ---p 00000000 00:00 0 
7f42cce04000-7f42ccf00000 rw-p 00000000 00:00 0 
7f42ccf00000-7f42ccf04000 ---p 00000000 00:00 0 
7f42ccf04000-7f42cd440000 rw-p 00000000 00:00 0 
7f42cd440000-7f42cd800000 ---p 00000000 00:00 0 
7f42cd800000-7f42ce000000 rw-p 00000000 00:00 0 
7f42ce000000-7f42ce004000 ---p 00000000 00:00 0 
7f42ce004000-7f42ce100000 rw-p 00000000 00:00 0 
7f42ce100000-7f42ce104000 ---p 00000000 00:00 0 
7f42ce104000-7f42ce200000 rw-p 00000000 00:00 0 
7f42ce200000-7f42ce204000 ---p 00000000 00:00 0 
7f42ce204000-7f42ce300000 rw-p 00000000 00:00 0 
7f42ce300000-7f42ce304000 ---p 00000000 00:00 0 
7f42ce304000-7f42ce4f0000 rw-p 00000000 00:00 0 
7f42ce4f0000-7f42ce5e0000 rw-p 00000000 00:00 0 
7f42ce5e0000-7f42ce600000 ---p 00000000 00:00 0 
7f42ce600000-7f42cebf0000 rw-p 00000000 00:00 0 
7f42cebf0000-7f42cf3f0000 rw-p 00000000 00:00 0 
7f42cf3f0000-7f42cf8f0000 rw-p 00000000 00:00 0 
7f42cf8f0000-7f42cf9f0000 rw-p 00000000 00:00 0 
7f42cf9f0000-7f42cfc00000 rw-p 00000000 00:00 0 
7f42cfcfc000-7f42cfd00000 ---p 00000000 00:00 0 
7f42cfd00000-7f42cfdfc000 rw-p 00000000 00:00 0 
7f42cfdfc000-7f42cfdfd000 ---p 00000000 00:00 0 
7f42cfdfd000-7f42cfefe000 rw-p 00000000 00:00 0 
7f42cfefe000-7f42cfeff000 ---p 00000000 00:00 0 
7f42cfeff000-7f42d0021000 rw-p 00000000 00:00 0 
7f42d0021000-7f42d4000000 ---p 00000000 00:00 0 
7f42d4000000-7f42d4021000 rw-p 00000000 00:00 0 
7f42d4021000-7f42d8000000 ---p 00000000 00:00 0 
7f42d8000000-7f42d8021000 rw-p 00000000 00:00 0 
7f42d8021000-7f42dc000000 ---p 00000000 00:00 0 
7f42dc000000-7f42dc031000 rw-p 00000000 00:00 0 
7f42dc031000-7f42e0000000 ---p 00000000 00:00 0 
7f42e0000000-7f42e0021000 rw-p 00000000 00:00 0 
7f42e0021000-7f42e4000000 ---p 00000000 00:00 0 
7f42e4000000-7f42e4021000 rw-p 00000000 00:00 0 
7f42e4021000-7f42e8000000 ---p 00000000 00:00 0 
7f42e8000000-7f42e8021000 rw-p 00000000 00:00 0 
7f42e8021000-7f42ec000000 ---p 00000000 00:00 0 
7f42ec000000-7f42ec021000 rw-p 00000000 00:00 0 
7f42ec021000-7f42f0000000 ---p 00000000 00:00 0 
7f42f0000000-7f42f003f000 rw-p 00000000 00:00 0 
7f42f003f000-7f42f4000000 ---p 00000000 00:00 0 
7f42f4000000-7f42f4037000 rw-p 00000000 00:00 0 
7f42f4037000-7f42f8000000 ---p 00000000 00:00 0 
7f42f8000000-7f42f8031000 rw-p 00000000 00:00 0 
7f42f8031000-7f42fc000000 ---p 00000000 00:00 0 
7f42fc000000-7f42fc047000 rw-p 00000000 00:00 0 
7f42fc047000-7f4300000000 ---p 00000000 00:00 0 
7f4300000000-7f4300021000 rw-p 00000000 00:00 0 
7f4300021000-7f4304000000 ---p 00000000 00:00 0 
7f4304000000-7f4304021000 rw-p 00000000 00:00 0 
7f4304021000-7f4308000000 ---p 00000000 00:00 0 
7f4308000000-7f4308021000 rw-p 00000000 00:00 0 
7f4308021000-7f430c000000 ---p 00000000 00:00 0 
7f430c000000-7f430c021000 rw-p 00000000 00:00 0 
7f430c021000-7f4310000000 ---p 00000000 00:00 0 
7f4310000000-7f431024c000 rw-p 00000000 00:00 0 
7f431024c000-7f4314000000 ---p 00000000 00:00 0 
7f4314000000-7f4314021000 rw-p 00000000 00:00 0 
7f4314021000-7f4318000000 ---p 00000000 00:00 0 
7f4318000000-7f4318021000 rw-p 00000000 00:00 0 
7f4318021000-7f431c000000 ---p 00000000 00:00 0 
7f431c000000-7f431c021000 rw-p 00000000 00:00 0 
7f431c021000-7f4320000000 ---p 00000000 00:00 0 
7f4320000000-7f4320021000 rw-p 00000000 00:00 0 
7f4320021000-7f4324000000 ---p 00000000 00:00 0 
7f4324000000-7f43242a4000 rw-p 00000000 00:00 0 
7f43242a4000-7f4328000000 ---p 00000000 00:00 0 
7f4328000000-7f4328021000 rw-p 00000000 00:00 0 
7f4328021000-7f432c000000 ---p 00000000 00:00 0 
7f432c000000-7f432c021000 rw-p 00000000 00:00 0 
7f432c021000-7f4330000000 ---p 00000000 00:00 0 
7f4330000000-7f4330021000 rw-p 00000000 00:00 0 
7f4330021000-7f4334000000 ---p 00000000 00:00 0 
7f4334000000-7f4334021000 rw-p 00000000 00:00 0 
7f4334021000-7f4338000000 ---p 00000000 00:00 0 
7f4338000000-7f4338021000 rw-p 00000000 00:00 0 
7f4338021000-7f433c000000 ---p 00000000 00:00 0 
7f433c000000-7f433c04e000 rw-p 00000000 00:00 0 
7f433c04e000-7f4340000000 ---p 00000000 00:00 0 
7f4340000000-7f4340021000 rw-p 00000000 00:00 0 
7f4340021000-7f4344000000 ---p 00000000 00:00 0 
7f43440e6000-7f43440ea000 ---p 00000000 00:00 0 
7f43440ea000-7f43441e6000 rw-p 00000000 00:00 0 
7f43441e6000-7f43441ea000 ---p 00000000 00:00 0 
7f43441ea000-7f43442e6000 rw-p 00000000 00:00 0 
7f43442e6000-7f43442ea000 ---p 00000000 00:00 0 
7f43442ea000-7f43443e6000 rw-p 00000000 00:00 0 
7f43443e6000-7f43443ea000 ---p 00000000 00:00 0 
7f43443ea000-7f43444e6000 rw-p 00000000 00:00 0 
7f43444e6000-7f43444e7000 ---p 00000000 00:00 0 
7f43444e7000-7f43445e8000 rw-p 00000000 00:00 0 
7f43445e8000-7f43445e9000 ---p 00000000 00:00 0 
7f43445e9000-7f43446ea000 rw-p 00000000 00:00 0 
7f43446ea000-7f43446eb000 ---p 00000000 00:00 0 
7f43446eb000-7f43447ec000 rw-p 00000000 00:00 0 
7f43447ec000-7f43447ed000 ---p 00000000 00:00 0 
7f43447ed000-7f43448ee000 rw-p 00000000 00:00 0 
7f43448ee000-7f43448ef000 ---p 00000000 00:00 0 
7f43448ef000-7f43449f0000 rw-p 00000000 00:00 0 
7f43449f0000-7f43449f4000 ---p 00000000 00:00 0 
7f43449f4000-7f4344af0000 rw-p 00000000 00:00 0 
7f4344af0000-7f4344af4000 ---p 00000000 00:00 0 
7f4344af4000-7f4344bf0000 rw-p 00000000 00:00 0 
7f4344bf0000-7f4344bf4000 ---p 00000000 00:00 0 
7f4344bf4000-7f4344cf0000 rw-p 00000000 00:00 0 
7f4344cf0000-7f4344cf1000 ---p 00000000 00:00 0 
7f4344cf1000-7f4344df2000 rw-p 00000000 00:00 0 
7f4344df2000-7f4344df3000 ---p 00000000 00:00 0 
7f4344df3000-7f4344ef4000 rw-p 00000000 00:00 0 
7f4344ef4000-7f4344ef5000 ---p 00000000 00:00 0 
7f4344ef5000-7f4344ff6000 rw-p 00000000 00:00 0 
7f4344ff6000-7f4344ff7000 ---p 00000000 00:00 0 
7f4344ff7000-7f43450f8000 rw-p 00000000 00:00 0 
7f43450f8000-7f43450f9000 ---p 00000000 00:00 0 
7f43450f9000-7f43451fa000 rw-p 00000000 00:00 0 
7f43451fa000-7f43451fb000 ---p 00000000 00:00 0 
7f43451fb000-7f43452fc000 rw-p 00000000 00:00 0 
7f43452fc000-7f43452fd000 ---p 00000000 00:00 0 
7f43452fd000-7f43453fe000 rw-p 00000000 00:00 0 
7f43453fe000-7f4345402000 ---p 00000000 00:00 0 
7f4345402000-7f43454fe000 rw-p 00000000 00:00 0 
7f43454fe000-7f4345502000 ---p 00000000 00:00 0 
7f4345502000-7f43455fe000 rw-p 00000000 00:00 0 
7f43455fe000-7f4345602000 ---p 00000000 00:00 0 
7f4345602000-7f43456fe000 rw-p 00000000 00:00 0 
7f43456fe000-7f4345702000 ---p 00000000 00:00 0 
7f4345702000-7f43457fe000 rw-p 00000000 00:00 0 
7f43457fe000-7f43457ff000 ---p 00000000 00:00 0 
7f43457ff000-7f4345900000 rw-p 00000000 00:00 0 
7f4345900000-7f4345904000 ---p 00000000 00:00 0 
7f4345904000-7f4345a00000 rw-p 00000000 00:00 0 
7f4345a00000-7f4345a04000 ---p 00000000 00:00 0 
7f4345a04000-7f4345b00000 rw-p 00000000 00:00 0 
7f4345b00000-7f4345b04000 ---p 00000000 00:00 0 
7f4345b04000-7f4345cf0000 rw-p 00000000 00:00 0 
7f4345cf0000-7f4345d10000 rw-p 00000000 00:00 0 
7f4345d10000-7f4345d30000 rw-p 00000000 00:00 0 
7f4345d30000-7f4345d70000 rw-p 00000000 00:00 0 
7f4345d70000-7f4345ef0000 rw-p 00000000 00:00 0 
7f4345ef0000-7f4345f90000 rw-p 00000000 00:00 0 
7f4345f90000-7f4345fb0000 rw-p 00000000 00:00 0 
7f4345fb0000-7f43460f0000 rw-p 00000000 00:00 0 
7f43460f0000-7f43462f0000 rw-p 00000000 00:00 0 
7f43462f0000-7f4346400000 rw-p 00000000 00:00 0 
7f4346400000-7f4346404000 ---p 00000000 00:00 0 
7f4346404000-7f4346500000 rw-p 00000000 00:00 0 
7f4346500000-7f4346504000 ---p 00000000 00:00 0 
7f4346504000-7f4346600000 rw-p 00000000 00:00 0 
7f4346600000-7f4346604000 ---p 00000000 00:00 0 
7f4346604000-7f4346700000 rw-p 00000000 00:00 0 
7f4346700000-7f4346704000 ---p 00000000 00:00 0 
7f4346704000-7f4346800000 rw-p 00000000 00:00 0 
7f4346800000-7f4346804000 ---p 00000000 00:00 0 
7f4346804000-7f4346900000 rw-p 00000000 00:00 0 
7f4346900000-7f4346904000 ---p 00000000 00:00 0 
7f4346904000-7f4346a00000 rw-p 00000000 00:00 0 
7f4346a00000-7f4346a04000 ---p 00000000 00:00 0 
7f4346a04000-7f4346b00000 rw-p 00000000 00:00 0 
7f4346b00000-7f4346b04000 ---p 00000000 00:00 0 
7f4346b04000-7f4346c00000 rw-p 00000000 00:00 0 
7f4346c00000-7f4346eea000 r--p 00000000 08:12 8684087                    /usr/lib/locale/locale-archive
7f4346f00000-7f4346f04000 ---p 00000000 00:00 0 
7f4346f04000-7f43474f0000 rw-p 00000000 00:00 0 
7f43474f0000-7f4347510000 rw-p 00000000 00:00 0 
7f4347510000-7f4347530000 rw-p 00000000 00:00 0 
7f4347530000-7f4347570000 rw-p 00000000 00:00 0 
7f4347570000-7f43476f0000 rw-p 00000000 00:00 0 
7f43476f0000-7f4347710000 rw-p 00000000 00:00 0 
7f4347710000-7f4347730000 rw-p 00000000 00:00 0 
7f4347730000-7f4347770000 rw-p 00000000 00:00 0 
7f4347770000-7f4347800000 rw-p 00000000 00:00 0 
7f4347820000-7f4347823000 r--p 00000000 08:12 8674323                    /usr/lib/libnss_resolve.so.2
7f4347823000-7f434783b000 r-xp 00003000 08:12 8674323                    /usr/lib/libnss_resolve.so.2
7f434783b000-7f4347843000 r--p 0001b000 08:12 8674323                    /usr/lib/libnss_resolve.so.2
7f4347843000-7f4347844000 r--p 00022000 08:12 8674323                    /usr/lib/libnss_resolve.so.2
7f4347844000-7f4347845000 rw-p 00023000 08:12 8674323                    /usr/lib/libnss_resolve.so.2
7f4347845000-7f4347848000 r--p 00000000 08:12 8654909                    /usr/lib/libgcc_s.so.1
7f4347848000-7f434785f000 r-xp 00003000 08:12 8654909                    /usr/lib/libgcc_s.so.1
7f434785f000-7f4347863000 r--p 0001a000 08:12 8654909                    /usr/lib/libgcc_s.so.1
7f4347863000-7f4347864000 r--p 0001d000 08:12 8654909                    /usr/lib/libgcc_s.so.1
7f4347864000-7f4347865000 rw-p 0001e000 08:12 8654909                    /usr/lib/libgcc_s.so.1
7f4347865000-7f4347868000 r--p 00000000 08:12 8665316                    /usr/lib/libcap.so.2.67
7f4347868000-7f434786d000 r-xp 00003000 08:12 8665316                    /usr/lib/libcap.so.2.67
7f434786d000-7f434786f000 r--p 00008000 08:12 8665316                    /usr/lib/libcap.so.2.67
7f434786f000-7f4347870000 r--p 00009000 08:12 8665316                    /usr/lib/libcap.so.2.67
7f4347870000-7f4347871000 rw-p 0000a000 08:12 8665316                    /usr/lib/libcap.so.2.67
7f4347871000-7f4347878000 r--p 00000000 08:12 8674320                    /usr/lib/libnss_mymachines.so.2
7f4347878000-7f43478ae000 r-xp 00007000 08:12 8674320                    /usr/lib/libnss_mymachines.so.2
7f43478ae000-7f43478c1000 r--p 0003d000 08:12 8674320                    /usr/lib/libnss_mymachines.so.2
7f43478c1000-7f43478c4000 r--p 00050000 08:12 8674320                    /usr/lib/libnss_mymachines.so.2
7f43478c4000-7f43478c5000 rw-p 00053000 08:12 8674320                    /usr/lib/libnss_mymachines.so.2
7f43478c5000-7f43478f7000 rw-p 00000000 00:00 0 
7f43478f7000-7f43478fb000 ---p 00000000 00:00 0 
7f43478fb000-7f43479f7000 rw-p 00000000 00:00 0 
7f43479f7000-7f43479f8000 ---p 00000000 00:00 0 
7f43479f8000-7f4347af9000 rw-p 00000000 00:00 0 
7f4347af9000-7f4347afa000 ---p 00000000 00:00 0 
7f4347afa000-7f4347bfb000 rw-p 00000000 00:00 0 
7f4347bfb000-7f4347bfc000 ---p 00000000 00:00 0 
7f4347bfc000-7f4348021000 rw-p 00000000 00:00 0 
7f4348021000-7f434c000000 ---p 00000000 00:00 0 
7f434c000000-7f434c021000 rw-p 00000000 00:00 0 
7f434c021000-7f4350000000 ---p 00000000 00:00 0 
7f4350000000-7f4350021000 rw-p 00000000 00:00 0 
7f4350021000-7f4354000000 ---p 00000000 00:00 0 
7f435400b000-7f4356a96000 rw-p 00000000 00:00 0 
7f4356a96000-7f4356a97000 ---p 00000000 00:00 0 
7f4356a97000-7f4356b98000 rw-p 00000000 00:00 0 
7f4356b98000-7f4356b99000 ---p 00000000 00:00 0 
7f4356b99000-7f4356c9a000 rw-p 00000000 00:00 0 
7f4356c9a000-7f4356c9b000 ---p 00000000 00:00 0 
7f4356c9b000-7f4356ec4000 rw-p 00000000 00:00 0 
7f4356ec4000-7f435ab3c000 ---p 00000000 00:00 0 
7f435ab3c000-7f435ac64000 rw-p 00000000 00:00 0 
7f435ac64000-7f435e8dc000 ---p 00000000 00:00 0 
7f435e8dc000-7f435e901000 rw-p 00000000 00:00 0 
7f435e901000-7f435f090000 ---p 00000000 00:00 0 
7f435f090000-7f435f0b5000 rw-p 00000000 00:00 0 
7f435f0b5000-7f435f844000 ---p 00000000 00:00 0 
7f435f844000-7f435f869000 rw-p 00000000 00:00 0 
7f435f869000-7f435fff8000 ---p 00000000 00:00 0 
7f435fff8000-7f4360800000 rw-p 00000000 00:00 0 
7f4360800000-7f4363e62000 r--s 00000000 08:12 5273812                    /home/axel/Programas/Spring Tools/sts-4.17.2.RELEASE/plugins/org.eclipse.justj.openjdk.hotspot.jre.full.linux.x86_64_17.0.6.v20230125-1136/jre/lib/modules
7f4363e63000-7f4364804000 rw-p 00000000 00:00 0 
7f4364804000-7f4368000000 ---p 00000000 00:00 0 
7f436800e000-7f4368012000 r--p 00000000 08:12 5273763                    /home/axel/Programas/Spring Tools/sts-4.17.2.RELEASE/plugins/org.eclipse.justj.openjdk.hotspot.jre.full.linux.x86_64_17.0.6.v20230125-1136/jre/lib/libverify.so
7f4368012000-7f4368019000 r-xp 00004000 08:12 5273763                    /home/axel/Programas/Spring Tools/sts-4.17.2.RELEASE/plugins/org.eclipse.justj.openjdk.hotspot.jre.full.linux.x86_64_17.0.6.v20230125-1136/jre/lib/libverify.so
7f4368019000-7f436801b000 r--p 0000b000 08:12 5273763                    /home/axel/Programas/Spring Tools/sts-4.17.2.RELEASE/plugins/org.eclipse.justj.openjdk.hotspot.jre.full.linux.x86_64_17.0.6.v20230125-1136/jre/lib/libverify.so
7f436801b000-7f436801d000 r--p 0000c000 08:12 5273763                    /home/axel/Programas/Spring Tools/sts-4.17.2.RELEASE/plugins/org.eclipse.justj.openjdk.hotspot.jre.full.linux.x86_64_17.0.6.v20230125-1136/jre/lib/libverify.so
7f436801d000-7f436801e000 rw-p 0000e000 08:12 5273763                    /home/axel/Programas/Spring Tools/sts-4.17.2.RELEASE/plugins/org.eclipse.justj.openjdk.hotspot.jre.full.linux.x86_64_17.0.6.v20230125-1136/jre/lib/libverify.so
7f436801e000-7f4368020000 r--p 00000000 08:12 5273778                    /home/axel/Programas/Spring Tools/sts-4.17.2.RELEASE/plugins/org.eclipse.justj.openjdk.hotspot.jre.full.linux.x86_64_17.0.6.v20230125-1136/jre/lib/libmanagement_ext.so
7f4368020000-7f4368023000 r-xp 00002000 08:12 5273778                    /home/axel/Programas/Spring Tools/sts-4.17.2.RELEASE/plugins/org.eclipse.justj.openjdk.hotspot.jre.full.linux.x86_64_17.0.6.v20230125-1136/jre/lib/libmanagement_ext.so
7f4368023000-7f4368024000 r--p 00005000 08:12 5273778                    /home/axel/Programas/Spring Tools/sts-4.17.2.RELEASE/plugins/org.eclipse.justj.openjdk.hotspot.jre.full.linux.x86_64_17.0.6.v20230125-1136/jre/lib/libmanagement_ext.so
7f4368024000-7f4368025000 ---p 00006000 08:12 5273778                    /home/axel/Programas/Spring Tools/sts-4.17.2.RELEASE/plugins/org.eclipse.justj.openjdk.hotspot.jre.full.linux.x86_64_17.0.6.v20230125-1136/jre/lib/libmanagement_ext.so
7f4368025000-7f4368026000 r--p 00006000 08:12 5273778                    /home/axel/Programas/Spring Tools/sts-4.17.2.RELEASE/plugins/org.eclipse.justj.openjdk.hotspot.jre.full.linux.x86_64_17.0.6.v20230125-1136/jre/lib/libmanagement_ext.so
7f4368026000-7f4368027000 rw-p 00007000 08:12 5273778                    /home/axel/Programas/Spring Tools/sts-4.17.2.RELEASE/plugins/org.eclipse.justj.openjdk.hotspot.jre.full.linux.x86_64_17.0.6.v20230125-1136/jre/lib/libmanagement_ext.so
7f4368027000-7f436802b000 r--p 00000000 08:12 5273795                    /home/axel/Programas/Spring Tools/sts-4.17.2.RELEASE/plugins/org.eclipse.justj.openjdk.hotspot.jre.full.linux.x86_64_17.0.6.v20230125-1136/jre/lib/libnet.so
7f436802b000-7f4368039000 r-xp 00004000 08:12 5273795                    /home/axel/Programas/Spring Tools/sts-4.17.2.RELEASE/plugins/org.eclipse.justj.openjdk.hotspot.jre.full.linux.x86_64_17.0.6.v20230125-1136/jre/lib/libnet.so
7f4368039000-7f436803d000 r--p 00012000 08:12 5273795                    /home/axel/Programas/Spring Tools/sts-4.17.2.RELEASE/plugins/org.eclipse.justj.openjdk.hotspot.jre.full.linux.x86_64_17.0.6.v20230125-1136/jre/lib/libnet.so
7f436803d000-7f436803e000 r--p 00015000 08:12 5273795                    /home/axel/Programas/Spring Tools/sts-4.17.2.RELEASE/plugins/org.eclipse.justj.openjdk.hotspot.jre.full.linux.x86_64_17.0.6.v20230125-1136/jre/lib/libnet.so
7f436803e000-7f436803f000 rw-p 00016000 08:12 5273795                    /home/axel/Programas/Spring Tools/sts-4.17.2.RELEASE/plugins/org.eclipse.justj.openjdk.hotspot.jre.full.linux.x86_64_17.0.6.v20230125-1136/jre/lib/libnet.so
7f436803f000-7f4368500000 rw-p 00000000 00:00 0 
7f4368500000-7f4368fd0000 rwxp 00000000 00:00 0 
7f4368fd0000-7f436b500000 ---p 00000000 00:00 0 
7f436b500000-7f436b504000 ---p 00000000 00:00 0 
7f436b504000-7f436b600000 rw-p 00000000 00:00 0 
7f436b600000-7f436b852000 r--p 00000000 08:12 5273782                    /home/axel/Programas/Spring Tools/sts-4.17.2.RELEASE/plugins/org.eclipse.justj.openjdk.hotspot.jre.full.linux.x86_64_17.0.6.v20230125-1136/jre/lib/server/libjvm.so
7f436b852000-7f436c56f000 r-xp 00252000 08:12 5273782                    /home/axel/Programas/Spring Tools/sts-4.17.2.RELEASE/plugins/org.eclipse.justj.openjdk.hotspot.jre.full.linux.x86_64_17.0.6.v20230125-1136/jre/lib/server/libjvm.so
7f436c56f000-7f436c7fb000 r--p 00f6f000 08:12 5273782                    /home/axel/Programas/Spring Tools/sts-4.17.2.RELEASE/plugins/org.eclipse.justj.openjdk.hotspot.jre.full.linux.x86_64_17.0.6.v20230125-1136/jre/lib/server/libjvm.so
7f436c7fb000-7f436c8b4000 r--p 011fa000 08:12 5273782                    /home/axel/Programas/Spring Tools/sts-4.17.2.RELEASE/plugins/org.eclipse.justj.openjdk.hotspot.jre.full.linux.x86_64_17.0.6.v20230125-1136/jre/lib/server/libjvm.so
7f436c8b4000-7f436c8e9000 rw-p 012b3000 08:12 5273782                    /home/axel/Programas/Spring Tools/sts-4.17.2.RELEASE/plugins/org.eclipse.justj.openjdk.hotspot.jre.full.linux.x86_64_17.0.6.v20230125-1136/jre/lib/server/libjvm.so
7f436c8e9000-7f436c943000 rw-p 00000000 00:00 0 
7f436c946000-7f436c947000 r--p 00000000 08:12 5273797                    /home/axel/Programas/Spring Tools/sts-4.17.2.RELEASE/plugins/org.eclipse.justj.openjdk.hotspot.jre.full.linux.x86_64_17.0.6.v20230125-1136/jre/lib/libextnet.so
7f436c947000-7f436c948000 r-xp 00001000 08:12 5273797                    /home/axel/Programas/Spring Tools/sts-4.17.2.RELEASE/plugins/org.eclipse.justj.openjdk.hotspot.jre.full.linux.x86_64_17.0.6.v20230125-1136/jre/lib/libextnet.so
7f436c948000-7f436c949000 r--p 00002000 08:12 5273797                    /home/axel/Programas/Spring Tools/sts-4.17.2.RELEASE/plugins/org.eclipse.justj.openjdk.hotspot.jre.full.linux.x86_64_17.0.6.v20230125-1136/jre/lib/libextnet.so
7f436c949000-7f436c94a000 r--p 00002000 08:12 5273797                    /home/axel/Programas/Spring Tools/sts-4.17.2.RELEASE/plugins/org.eclipse.justj.openjdk.hotspot.jre.full.linux.x86_64_17.0.6.v20230125-1136/jre/lib/libextnet.so
7f436c94a000-7f436c94b000 rw-p 00003000 08:12 5273797                    /home/axel/Programas/Spring Tools/sts-4.17.2.RELEASE/plugins/org.eclipse.justj.openjdk.hotspot.jre.full.linux.x86_64_17.0.6.v20230125-1136/jre/lib/libextnet.so
7f436c94b000-7f436c94e000 r--p 00000000 08:12 5273813                    /home/axel/Programas/Spring Tools/sts-4.17.2.RELEASE/plugins/org.eclipse.justj.openjdk.hotspot.jre.full.linux.x86_64_17.0.6.v20230125-1136/jre/lib/libmanagement.so
7f436c94e000-7f436c94f000 r-xp 00003000 08:12 5273813                    /home/axel/Programas/Spring Tools/sts-4.17.2.RELEASE/plugins/org.eclipse.justj.openjdk.hotspot.jre.full.linux.x86_64_17.0.6.v20230125-1136/jre/lib/libmanagement.so
7f436c94f000-7f436c950000 r--p 00004000 08:12 5273813                    /home/axel/Programas/Spring Tools/sts-4.17.2.RELEASE/plugins/org.eclipse.justj.openjdk.hotspot.jre.full.linux.x86_64_17.0.6.v20230125-1136/jre/lib/libmanagement.so
7f436c950000-7f436c951000 r--p 00004000 08:12 5273813                    /home/axel/Programas/Spring Tools/sts-4.17.2.RELEASE/plugins/org.eclipse.justj.openjdk.hotspot.jre.full.linux.x86_64_17.0.6.v20230125-1136/jre/lib/libmanagement.so
7f436c951000-7f436c952000 rw-p 00005000 08:12 5273813                    /home/axel/Programas/Spring Tools/sts-4.17.2.RELEASE/plugins/org.eclipse.justj.openjdk.hotspot.jre.full.linux.x86_64_17.0.6.v20230125-1136/jre/lib/libmanagement.so
7f436c952000-7f436c959000 r--p 00000000 08:12 5273804                    /home/axel/Programas/Spring Tools/sts-4.17.2.RELEASE/plugins/org.eclipse.justj.openjdk.hotspot.jre.full.linux.x86_64_17.0.6.v20230125-1136/jre/lib/libnio.so
7f436c959000-7f436c962000 r-xp 00007000 08:12 5273804                    /home/axel/Programas/Spring Tools/sts-4.17.2.RELEASE/plugins/org.eclipse.justj.openjdk.hotspot.jre.full.linux.x86_64_17.0.6.v20230125-1136/jre/lib/libnio.so
7f436c962000-7f436c966000 r--p 00010000 08:12 5273804                    /home/axel/Programas/Spring Tools/sts-4.17.2.RELEASE/plugins/org.eclipse.justj.openjdk.hotspot.jre.full.linux.x86_64_17.0.6.v20230125-1136/jre/lib/libnio.so
7f436c966000-7f436c967000 ---p 00014000 08:12 5273804                    /home/axel/Programas/Spring Tools/sts-4.17.2.RELEASE/plugins/org.eclipse.justj.openjdk.hotspot.jre.full.linux.x86_64_17.0.6.v20230125-1136/jre/lib/libnio.so
7f436c967000-7f436c968000 r--p 00014000 08:12 5273804                    /home/axel/Programas/Spring Tools/sts-4.17.2.RELEASE/plugins/org.eclipse.justj.openjdk.hotspot.jre.full.linux.x86_64_17.0.6.v20230125-1136/jre/lib/libnio.so
7f436c968000-7f436c969000 rw-p 00015000 08:12 5273804                    /home/axel/Programas/Spring Tools/sts-4.17.2.RELEASE/plugins/org.eclipse.justj.openjdk.hotspot.jre.full.linux.x86_64_17.0.6.v20230125-1136/jre/lib/libnio.so
7f436c969000-7f436c97f000 rw-p 00000000 00:00 0 
7f436c97f000-7f436c9c9000 ---p 00000000 00:00 0 
7f436c9c9000-7f436c9d6000 r--p 00000000 08:12 5273807                    /home/axel/Programas/Spring Tools/sts-4.17.2.RELEASE/plugins/org.eclipse.justj.openjdk.hotspot.jre.full.linux.x86_64_17.0.6.v20230125-1136/jre/lib/libjava.so
7f436c9d6000-7f436c9e8000 r-xp 0000d000 08:12 5273807                    /home/axel/Programas/Spring Tools/sts-4.17.2.RELEASE/plugins/org.eclipse.justj.openjdk.hotspot.jre.full.linux.x86_64_17.0.6.v20230125-1136/jre/lib/libjava.so
7f436c9e8000-7f436c9ee000 r--p 0001f000 08:12 5273807                    /home/axel/Programas/Spring Tools/sts-4.17.2.RELEASE/plugins/org.eclipse.justj.openjdk.hotspot.jre.full.linux.x86_64_17.0.6.v20230125-1136/jre/lib/libjava.so
7f436c9ee000-7f436c9ef000 ---p 00025000 08:12 5273807                    /home/axel/Programas/Spring Tools/sts-4.17.2.RELEASE/plugins/org.eclipse.justj.openjdk.hotspot.jre.full.linux.x86_64_17.0.6.v20230125-1136/jre/lib/libjava.so
7f436c9ef000-7f436c9f0000 r--p 00025000 08:12 5273807                    /home/axel/Programas/Spring Tools/sts-4.17.2.RELEASE/plugins/org.eclipse.justj.openjdk.hotspot.jre.full.linux.x86_64_17.0.6.v20230125-1136/jre/lib/libjava.so
7f436c9f0000-7f436c9f1000 rw-p 00026000 08:12 5273807                    /home/axel/Programas/Spring Tools/sts-4.17.2.RELEASE/plugins/org.eclipse.justj.openjdk.hotspot.jre.full.linux.x86_64_17.0.6.v20230125-1136/jre/lib/libjava.so
7f436c9f1000-7f436c9f2000 rw-p 00000000 00:00 0 
7f436c9f2000-7f436c9f6000 r--p 00000000 08:12 5273794                    /home/axel/Programas/Spring Tools/sts-4.17.2.RELEASE/plugins/org.eclipse.justj.openjdk.hotspot.jre.full.linux.x86_64_17.0.6.v20230125-1136/jre/lib/libjimage.so
7f436c9f6000-7f436ca09000 r-xp 00004000 08:12 5273794                    /home/axel/Programas/Spring Tools/sts-4.17.2.RELEASE/plugins/org.eclipse.justj.openjdk.hotspot.jre.full.linux.x86_64_17.0.6.v20230125-1136/jre/lib/libjimage.so
7f436ca09000-7f436ca0f000 r--p 00017000 08:12 5273794                    /home/axel/Programas/Spring Tools/sts-4.17.2.RELEASE/plugins/org.eclipse.justj.openjdk.hotspot.jre.full.linux.x86_64_17.0.6.v20230125-1136/jre/lib/libjimage.so
7f436ca0f000-7f436ca11000 r--p 0001c000 08:12 5273794                    /home/axel/Programas/Spring Tools/sts-4.17.2.RELEASE/plugins/org.eclipse.justj.openjdk.hotspot.jre.full.linux.x86_64_17.0.6.v20230125-1136/jre/lib/libjimage.so
7f436ca11000-7f436ca12000 rw-p 0001e000 08:12 5273794                    /home/axel/Programas/Spring Tools/sts-4.17.2.RELEASE/plugins/org.eclipse.justj.openjdk.hotspot.jre.full.linux.x86_64_17.0.6.v20230125-1136/jre/lib/libjimage.so
7f436ca12000-7f436ca20000 r--p 00000000 08:12 8654124                    /usr/lib/libm.so.6
7f436ca20000-7f436ca9a000 r-xp 0000e000 08:12 8654124                    /usr/lib/libm.so.6
7f436ca9a000-7f436caf8000 r--p 00088000 08:12 8654124                    /usr/lib/libm.so.6
7f436caf8000-7f436caf9000 r--p 000e5000 08:12 8654124                    /usr/lib/libm.so.6
7f436caf9000-7f436cafa000 rw-p 000e6000 08:12 8654124                    /usr/lib/libm.so.6
7f436cafa000-7f436cafb000 r--p 00000000 08:12 8654146                    /usr/lib/librt.so.1
7f436cafb000-7f436cafc000 r-xp 00001000 08:12 8654146                    /usr/lib/librt.so.1
7f436cafc000-7f436cafd000 r--p 00002000 08:12 8654146                    /usr/lib/librt.so.1
7f436cafd000-7f436cafe000 r--p 00002000 08:12 8654146                    /usr/lib/librt.so.1
7f436cafe000-7f436caff000 rw-p 00003000 08:12 8654146                    /usr/lib/librt.so.1
7f436caff000-7f436cb03000 rw-p 00000000 00:00 0 
7f436cb03000-7f436cb25000 r--p 00000000 08:12 8654114                    /usr/lib/libc.so.6
7f436cb25000-7f436cc7f000 r-xp 00022000 08:12 8654114                    /usr/lib/libc.so.6
7f436cc7f000-7f436ccd7000 r--p 0017c000 08:12 8654114                    /usr/lib/libc.so.6
7f436ccd7000-7f436ccdb000 r--p 001d4000 08:12 8654114                    /usr/lib/libc.so.6
7f436ccdb000-7f436ccdd000 rw-p 001d8000 08:12 8654114                    /usr/lib/libc.so.6
7f436ccdd000-7f436ccea000 rw-p 00000000 00:00 0 
7f436ccea000-7f436cceb000 r--p 00000000 08:12 8654119                    /usr/lib/libdl.so.2
7f436cceb000-7f436ccec000 r-xp 00001000 08:12 8654119                    /usr/lib/libdl.so.2
7f436ccec000-7f436cced000 r--p 00002000 08:12 8654119                    /usr/lib/libdl.so.2
7f436cced000-7f436ccee000 r--p 00002000 08:12 8654119                    /usr/lib/libdl.so.2
7f436ccee000-7f436ccef000 rw-p 00003000 08:12 8654119                    /usr/lib/libdl.so.2
7f436ccef000-7f436ccf0000 r--p 00000000 08:12 8654141                    /usr/lib/libpthread.so.0
7f436ccf0000-7f436ccf1000 r-xp 00001000 08:12 8654141                    /usr/lib/libpthread.so.0
7f436ccf1000-7f436ccf2000 r--p 00002000 08:12 8654141                    /usr/lib/libpthread.so.0
7f436ccf2000-7f436ccf3000 r--p 00002000 08:12 8654141                    /usr/lib/libpthread.so.0
7f436ccf3000-7f436ccf4000 rw-p 00003000 08:12 8654141                    /usr/lib/libpthread.so.0
7f436ccf4000-7f436ccf7000 r--p 00000000 08:12 5273811                    /home/axel/Programas/Spring Tools/sts-4.17.2.RELEASE/plugins/org.eclipse.justj.openjdk.hotspot.jre.full.linux.x86_64_17.0.6.v20230125-1136/jre/lib/libjli.so
7f436ccf7000-7f436cd01000 r-xp 00003000 08:12 5273811                    /home/axel/Programas/Spring Tools/sts-4.17.2.RELEASE/plugins/org.eclipse.justj.openjdk.hotspot.jre.full.linux.x86_64_17.0.6.v20230125-1136/jre/lib/libjli.so
7f436cd01000-7f436cd04000 r--p 0000d000 08:12 5273811                    /home/axel/Programas/Spring Tools/sts-4.17.2.RELEASE/plugins/org.eclipse.justj.openjdk.hotspot.jre.full.linux.x86_64_17.0.6.v20230125-1136/jre/lib/libjli.so
7f436cd04000-7f436cd05000 ---p 00010000 08:12 5273811                    /home/axel/Programas/Spring Tools/sts-4.17.2.RELEASE/plugins/org.eclipse.justj.openjdk.hotspot.jre.full.linux.x86_64_17.0.6.v20230125-1136/jre/lib/libjli.so
7f436cd05000-7f436cd06000 r--p 00010000 08:12 5273811                    /home/axel/Programas/Spring Tools/sts-4.17.2.RELEASE/plugins/org.eclipse.justj.openjdk.hotspot.jre.full.linux.x86_64_17.0.6.v20230125-1136/jre/lib/libjli.so
7f436cd06000-7f436cd07000 rw-p 00011000 08:12 5273811                    /home/axel/Programas/Spring Tools/sts-4.17.2.RELEASE/plugins/org.eclipse.justj.openjdk.hotspot.jre.full.linux.x86_64_17.0.6.v20230125-1136/jre/lib/libjli.so
7f436cd07000-7f436cd0a000 r--p 00000000 08:12 8665746                    /usr/lib/libz.so.1.2.13
7f436cd0a000-7f436cd18000 r-xp 00003000 08:12 8665746                    /usr/lib/libz.so.1.2.13
7f436cd18000-7f436cd1f000 r--p 00011000 08:12 8665746                    /usr/lib/libz.so.1.2.13
7f436cd1f000-7f436cd20000 r--p 00017000 08:12 8665746                    /usr/lib/libz.so.1.2.13
7f436cd20000-7f436cd21000 rw-p 00018000 08:12 8665746                    /usr/lib/libz.so.1.2.13
7f436cd24000-7f436cd26000 r--p 00000000 08:12 5273785                    /home/axel/Programas/Spring Tools/sts-4.17.2.RELEASE/plugins/org.eclipse.justj.openjdk.hotspot.jre.full.linux.x86_64_17.0.6.v20230125-1136/jre/lib/libzip.so
7f436cd26000-7f436cd2a000 r-xp 00002000 08:12 5273785                    /home/axel/Programas/Spring Tools/sts-4.17.2.RELEASE/plugins/org.eclipse.justj.openjdk.hotspot.jre.full.linux.x86_64_17.0.6.v20230125-1136/jre/lib/libzip.so
7f436cd2a000-7f436cd2c000 r--p 00006000 08:12 5273785                    /home/axel/Programas/Spring Tools/sts-4.17.2.RELEASE/plugins/org.eclipse.justj.openjdk.hotspot.jre.full.linux.x86_64_17.0.6.v20230125-1136/jre/lib/libzip.so
7f436cd2c000-7f436cd2d000 r--p 00007000 08:12 5273785                    /home/axel/Programas/Spring Tools/sts-4.17.2.RELEASE/plugins/org.eclipse.justj.openjdk.hotspot.jre.full.linux.x86_64_17.0.6.v20230125-1136/jre/lib/libzip.so
7f436cd2d000-7f436cd2e000 rw-p 00008000 08:12 5273785                    /home/axel/Programas/Spring Tools/sts-4.17.2.RELEASE/plugins/org.eclipse.justj.openjdk.hotspot.jre.full.linux.x86_64_17.0.6.v20230125-1136/jre/lib/libzip.so
7f436cd2e000-7f436cd36000 rw-s 00000000 00:24 8379                       /tmp/hsperfdata_axel/39679
7f436cd36000-7f436cd37000 ---p 00000000 00:00 0 
7f436cd37000-7f436cd38000 r--p 00000000 00:00 0 
7f436cd38000-7f436cd39000 ---p 00000000 00:00 0 
7f436cd39000-7f436cd3b000 rw-p 00000000 00:00 0 
7f436cd3b000-7f436cd3c000 r--p 00000000 08:12 8654105                    /usr/lib/ld-linux-x86-64.so.2
7f436cd3c000-7f436cd62000 r-xp 00001000 08:12 8654105                    /usr/lib/ld-linux-x86-64.so.2
7f436cd62000-7f436cd6c000 r--p 00027000 08:12 8654105                    /usr/lib/ld-linux-x86-64.so.2
7f436cd6c000-7f436cd6e000 r--p 00031000 08:12 8654105                    /usr/lib/ld-linux-x86-64.so.2
7f436cd6e000-7f436cd70000 rw-p 00033000 08:12 8654105                    /usr/lib/ld-linux-x86-64.so.2
7ffd6e4b5000-7ffd6e4d8000 rw-p 00000000 00:00 0                          [stack]
7ffd6e5d5000-7ffd6e5d9000 r--p 00000000 00:00 0                          [vvar]
7ffd6e5d9000-7ffd6e5db000 r-xp 00000000 00:00 0                          [vdso]
ffffffffff600000-ffffffffff601000 --xp 00000000 00:00 0                  [vsyscall]


VM Arguments:
jvm_args: -Dcom.sun.management.jmxremote -Dcom.sun.management.jmxremote.port=36147 -Dcom.sun.management.jmxremote.authenticate=false -Dcom.sun.management.jmxremote.ssl=false -Djava.rmi.server.hostname=localhost -Dspring.jmx.enabled=true -Dmanagement.endpoints.jmx.exposure.include=* -Dspring.application.admin.enabled=true -Djava.security.egd=file:/dev/./urandom -XX:TieredStopAtLevel=1 -Dspring.boot.project.name=moto-servicio -Dfile.encoding=UTF-8 -XX:+ShowCodeDetailsInExceptionMessages 
java_command: com.moto.servicio.MotoServiceApplication --spring.output.ansi.enabled=always
java_class_path (initial): /home/axel/WorkSpaces/Spring/Microservicios/moto-service/target/classes:/home/axel/.m2/repository/org/springframework/boot/spring-boot-starter-data-jpa/2.7.9/spring-boot-starter-data-jpa-2.7.9.jar:/home/axel/.m2/repository/org/springframework/boot/spring-boot-starter-aop/2.7.9/spring-boot-starter-aop-2.7.9.jar:/home/axel/.m2/repository/org/springframework/spring-aop/5.3.25/spring-aop-5.3.25.jar:/home/axel/.m2/repository/org/aspectj/aspectjweaver/1.9.7/aspectjweaver-1.9.7.jar:/home/axel/.m2/repository/org/springframework/boot/spring-boot-starter-jdbc/2.7.9/spring-boot-starter-jdbc-2.7.9.jar:/home/axel/.m2/repository/com/zaxxer/HikariCP/4.0.3/HikariCP-4.0.3.jar:/home/axel/.m2/repository/org/springframework/spring-jdbc/5.3.25/spring-jdbc-5.3.25.jar:/home/axel/.m2/repository/jakarta/transaction/jakarta.transaction-api/1.3.3/jakarta.transaction-api-1.3.3.jar:/home/axel/.m2/repository/jakarta/persistence/jakarta.persistence-api/2.2.3/jakarta.persistence-api-2.2.3.jar:/home/axel/.m2/repository/org/hibernate/hibernate-core/5.6.15.Final/hibernate-core-5.6.15.Final.jar:/home/axel/.m2/repository/org/jboss/logging/jboss-logging/3.4.3.Final/jboss-logging-3.4.3.Final.jar:/home/axel/.m2/repository/net/bytebuddy/byte-buddy/1.12.23/byte-buddy-1.12.23.jar:/home/axel/.m2/repository/antlr/antlr/2.7.7/antlr-2.7.7.jar:/home/axel/.m2/repository/org/jboss/jandex/2.4.2.Final/jandex-2.4.2.Final.jar:/home/axel/.m2/repository/com/fasterxml/classmate/1.5.1/classmate-1.5.1.jar:/home/axel/.m2/repository/org/hibernate/common/hibernate-commons-annotations/5.1.2.Final/hibernate-commons-annotations-5.1.2.Final.jar:/home/axel/.m2/repository/org/glassfish/jaxb/jaxb-runtime/2.3.8/jaxb-runtime-2.3.8.jar:/home/axel/.m2/repository/org/glassfish/jaxb/txw2/2.3.8/txw2-2.3.8.jar:/home/axel/.m2/repository/com/sun/istack/istack-commons-runtime/3.0.12/istack-commons-runtime-3.0.12.jar:/home/axel/.m2/repository/com/sun/activation/jakarta.activation/1.2.2/jakarta.activation-1.2.2.jar:/h
Launcher Type: SUN_STANDARD

[Global flags]
     intx CICompilerCount                          = 12                                        {product} {ergonomic}
     uint ConcGCThreads                            = 3                                         {product} {ergonomic}
     uint G1ConcRefinementThreads                  = 13                                        {product} {ergonomic}
   size_t G1HeapRegionSize                         = 2097152                                   {product} {ergonomic}
    uintx GCDrainStackTargetSize                   = 64                                        {product} {ergonomic}
   size_t InitialHeapSize                          = 260046848                                 {product} {ergonomic}
     bool ManagementServer                         = true                                      {product} {command line}
   size_t MarkStackSize                            = 4194304                                   {product} {ergonomic}
   size_t MaxHeapSize                              = 4135583744                                {product} {ergonomic}
   size_t MaxNewSize                               = 2480930816                                {product} {ergonomic}
   size_t MinHeapDeltaBytes                        = 2097152                                   {product} {ergonomic}
   size_t MinHeapSize                              = 8388608                                   {product} {ergonomic}
    uintx NonProfiledCodeHeapSize                  = 0                                      {pd product} {ergonomic}
     bool ProfileInterpreter                       = false                                  {pd product} {command line}
    uintx ProfiledCodeHeapSize                     = 0                                      {pd product} {ergonomic}
     bool ShowCodeDetailsInExceptionMessages       = true                                   {manageable} {command line}
   size_t SoftMaxHeapSize                          = 4135583744                             {manageable} {ergonomic}
     intx TieredStopAtLevel                        = 1                                         {product} {command line}
     bool UseCompressedClassPointers               = true                           {product lp64_product} {ergonomic}
     bool UseCompressedOops                        = true                           {product lp64_product} {ergonomic}
     bool UseG1GC                                  = true                                      {product} {ergonomic}

Logging:
Log output configuration:
 #0: stdout all=warning uptime,level,tags
 #1: stderr all=off uptime,level,tags

Environment Variables:
PATH=/usr/local/sbin:/usr/local/bin:/usr/bin:/var/lib/flatpak/exports/bin:/usr/lib/jvm/default/bin:/usr/bin/site_perl:/usr/bin/vendor_perl:/usr/bin/core_perl
SHELL=/bin/bash
DISPLAY=:1
LANG=es_PE.UTF-8
LC_TIME=en_US.UTF-8

Signal Handlers:
   SIGSEGV: crash_handler in libjvm.so, mask=11100100010111111101111111111110, flags=SA_RESTART|SA_SIGINFO
    SIGBUS: crash_handler in libjvm.so, mask=11100100010111111101111111111110, flags=SA_RESTART|SA_SIGINFO
    SIGFPE: crash_handler in libjvm.so, mask=11100100010111111101111111111110, flags=SA_RESTART|SA_SIGINFO
   SIGPIPE: javaSignalHandler in libjvm.so, mask=11100100010111111101111111111110, flags=SA_RESTART|SA_SIGINFO
   SIGXFSZ: javaSignalHandler in libjvm.so, mask=11100100010111111101111111111110, flags=SA_RESTART|SA_SIGINFO
    SIGILL: crash_handler in libjvm.so, mask=11100100010111111101111111111110, flags=SA_RESTART|SA_SIGINFO
   SIGUSR2: SR_handler in libjvm.so, mask=00100000000000000000000000000000, flags=SA_RESTART|SA_SIGINFO
    SIGHUP: UserHandler in libjvm.so, mask=11100100010111111101111111111110, flags=SA_RESTART|SA_SIGINFO
    SIGINT: UserHandler in libjvm.so, mask=11100100010111111101111111111110, flags=SA_RESTART|SA_SIGINFO
   SIGTERM: UserHandler in libjvm.so, mask=11100100010111111101111111111110, flags=SA_RESTART|SA_SIGINFO
   SIGQUIT: UserHandler in libjvm.so, mask=11100100010111111101111111111110, flags=SA_RESTART|SA_SIGINFO
   SIGTRAP: crash_handler in libjvm.so, mask=11100100010111111101111111111110, flags=SA_RESTART|SA_SIGINFO


---------------  S Y S T E M  ---------------

OS:
NAME="Arch Linux"
PRETTY_NAME="Arch Linux"
ID=arch
BUILD_ID=rolling
ANSI_COLOR="38;2;23;147;209"
HOME_URL="https://archlinux.org/"
DOCUMENTATION_URL="https://wiki.archlinux.org/"
SUPPORT_URL="https://bbs.archlinux.org/"
BUG_REPORT_URL="https://bugs.archlinux.org/"
PRIVACY_POLICY_URL="https://terms.archlinux.org/docs/privacy-policy/"
LOGO=archlinux-logo
uname: Linux 6.2.5-arch1-1 #1 SMP PREEMPT_DYNAMIC Sat, 11 Mar 2023 14:28:13 +0000 x86_64
OS uptime: 0 days 6:39 hours
libc: glibc 2.37 NPTL 2.37 
rlimit (soft/hard): STACK 8192k/infinity , CORE infinity/infinity , NPROC 62989/62989 , NOFILE 524288/524288 , AS infinity/infinity , CPU infinity/infinity , DATA infinity/infinity , FSIZE infinity/infinity , MEMLOCK 8192k/8192k
load average: 21.43 8.94 4.32

/proc/meminfo:
MemTotal:       16148372 kB
MemFree:         3548044 kB
MemAvailable:    6212220 kB
Buffers:           34332 kB
Cached:          4422860 kB
SwapCached:            8 kB
Active:          8102380 kB
Inactive:        2746544 kB
Active(anon):    6934048 kB
Inactive(anon):  1221488 kB
Active(file):    1168332 kB
Inactive(file):  1525056 kB
Unevictable:      935476 kB
Mlocked:             136 kB
SwapTotal:       4194300 kB
SwapFree:        4184060 kB
Zswap:               740 kB
Zswapped:           9068 kB
Dirty:                16 kB
Writeback:             0 kB
AnonPages:       7221096 kB
Mapped:          1001936 kB
Shmem:           1763784 kB
KReclaimable:     313368 kB
Slab:             493580 kB
SReclaimable:     313368 kB
SUnreclaim:       180212 kB
KernelStack:       27872 kB
PageTables:        96328 kB
SecPageTables:         0 kB
NFS_Unstable:          0 kB
Bounce:                0 kB
WritebackTmp:          0 kB
CommitLimit:    12268484 kB
Committed_AS:   26913268 kB
VmallocTotal:   34359738367 kB
VmallocUsed:       71748 kB
VmallocChunk:          0 kB
Percpu:             9024 kB
HardwareCorrupted:     0 kB
AnonHugePages:   1284096 kB
ShmemHugePages:   958464 kB
ShmemPmdMapped:        0 kB
FileHugePages:     92160 kB
FilePmdMapped:     88064 kB
CmaTotal:              0 kB
CmaFree:               0 kB
HugePages_Total:       0
HugePages_Free:        0
HugePages_Rsvd:        0
HugePages_Surp:        0
Hugepagesize:       2048 kB
Hugetlb:               0 kB
DirectMap4k:      203944 kB
DirectMap2M:     4806656 kB
DirectMap1G:    12582912 kB

/sys/kernel/mm/transparent_hugepage/enabled: [always] madvise never
/sys/kernel/mm/transparent_hugepage/defrag (defrag/compaction efforts parameter): always defer defer+madvise [madvise] never

Process Memory:
Virtual Size: 10219256K (peak: 10280640K)
Resident Set Size: 228408K (peak: 234008K) (anon: 195104K, file: 33304K, shmem: 0K)
Swapped out: 0K
C-Heap outstanding allocations: 62657K, retained: 13194K
glibc malloc tunables: (default)

/proc/sys/kernel/threads-max (system-wide limit on the number of threads): 125978
/proc/sys/vm/max_map_count (maximum number of memory map areas a process may have): 65530
/proc/sys/kernel/pid_max (system-wide limit on number of process identifiers): 4194304

container (cgroup) information:
container_type: cgroupv2
cpu_cpuset_cpus: not supported
cpu_memory_nodes: not supported
active_processor_count: 16
cpu_quota: not supported
cpu_period: not supported
cpu_shares: not supported
memory_limit_in_bytes: unlimited
memory_and_swap_limit_in_bytes: unlimited
memory_soft_limit_in_bytes: unlimited
memory_usage_in_bytes: 202976 k
memory_max_usage_in_bytes: not supported
memory_swap_current_in_bytes: unlimited
memory_swap_max_limit_in_bytes: unlimited
maximum number of tasks: 18896
current number of tasks: 53

Steal ticks since vm start: 0
Steal ticks percentage since vm start:  0.000

CPU: total 16 (initial active 16) (8 cores per cpu, 2 threads per core) family 6 model 151 stepping 2 microcode 0x2c, cx8, cmov, fxsr, ht, mmx, 3dnowpref, sse, sse2, sse3, ssse3, sse4.1, sse4.2, popcnt, lzcnt, tsc, tscinvbit, avx, avx2, aes, erms, clmul, bmi1, bmi2, adx, sha, fma, vzeroupper, clflush, clflushopt, clwb
CPU Model and flags from /proc/cpuinfo:
model name	: 12th Gen Intel(R) Core(TM) i5-12600K
flags		: fpu vme de pse tsc msr pae mce cx8 apic sep mtrr pge mca cmov pat pse36 clflush dts acpi mmx fxsr sse sse2 ss ht tm pbe syscall nx pdpe1gb rdtscp lm constant_tsc art arch_perfmon pebs bts rep_good nopl xtopology nonstop_tsc cpuid aperfmperf tsc_known_freq pni pclmulqdq dtes64 monitor ds_cpl vmx smx est tm2 ssse3 sdbg fma cx16 xtpr pdcm pcid sse4_1 sse4_2 x2apic movbe popcnt tsc_deadline_timer aes xsave avx f16c rdrand lahf_lm abm 3dnowprefetch cpuid_fault epb cat_l2 invpcid_single cdp_l2 ssbd ibrs ibpb stibp ibrs_enhanced tpr_shadow vnmi flexpriority ept vpid ept_ad fsgsbase tsc_adjust bmi1 avx2 smep bmi2 erms invpcid rdt_a rdseed adx smap clflushopt clwb intel_pt sha_ni xsaveopt xsavec xgetbv1 xsaves split_lock_detect avx_vnni dtherm ida arat pln pts hwp hwp_notify hwp_act_window hwp_epp hwp_pkg_req hfi umip pku ospke waitpkg gfni vaes vpclmulqdq tme rdpid movdiri movdir64b fsrm md_clear serialize pconfig arch_lbr ibt flush_l1d arch_capabilities

Online cpus: 0-15
Offline cpus: 
BIOS frequency limitation: <Not Available>
Frequency switch latency (ns): 0
Available cpu frequencies: <Not Available>
Current governor: powersave
Core performance/turbo boost: <Not Available>

Memory: 4k page, physical 16148372k(3548044k free), swap 4194300k(4184060k free)
Page Sizes: 4k

vm_info: OpenJDK 64-Bit Server VM (17.0.6+10) for linux-amd64 JRE (17.0.6+10), built on Jan 17 2023 00:00:00 by "temurin" with gcc 10.3.0

END.
