#
# A fatal error has been detected by the Java Runtime Environment:
#
#  SIGILL (0x4) at pc=0x00007f9087f7c764 (sent by kill), pid=6837, tid=6837
#
# JRE version: OpenJDK Runtime Environment Temurin-17.0.6+10 (17.0.6+10) (build 17.0.6+10)
# Java VM: OpenJDK 64-Bit Server VM Temurin-17.0.6+10 (17.0.6+10, mixed mode, emulated-client, tiered, compressed oops, compressed class ptrs, g1 gc, linux-amd64)
# Problematic frame:
# C  [libc.so.6+0x82764]
#
# Core dump will be written. Default location: Core dumps may be processed with "/usr/lib/systemd/systemd-coredump %P %u %g %s %t %c %h" (or dumping to /home/axel/WorkSpaces/Spring/MicroServicios-Ejercicio/config-servicio/core.6837)
#
# If you would like to submit a bug report, please visit:
#   https://github.com/adoptium/adoptium-support/issues
#

---------------  S U M M A R Y ------------

Command Line: -Dcom.sun.management.jmxremote -Dcom.sun.management.jmxremote.port=38605 -Dcom.sun.management.jmxremote.authenticate=false -Dcom.sun.management.jmxremote.ssl=false -Djava.rmi.server.hostname=localhost -Dspring.jmx.enabled=true -Dmanagement.endpoints.jmx.exposure.include=* -Dspring.application.admin.enabled=true -Djava.security.egd=file:/dev/./urandom -XX:TieredStopAtLevel=1 -Dspring.boot.project.name=config-servicio -Dfile.encoding=UTF-8 -XX:+ShowCodeDetailsInExceptionMessages com.moto.servicio.ConfigServicioApplication --spring.output.ansi.enabled=always

Host: 12th Gen Intel(R) Core(TM) i5-12600K, 16 cores, 15G, Arch Linux
Time: Sat Mar 18 17:30:10 2023 -05 elapsed time: 2961.141583 seconds (0d 0h 49m 21s)

---------------  T H R E A D  ---------------

Current thread is native thread

Stack: [0x00007ffe74fab000,0x00007ffe757a9000],  sp=0x00007ffe757a4470,  free space=8165k
Native frames: (J=compiled Java code, j=interpreted, Vv=VM code, C=native code)
C  [libc.so.6+0x82764]


siginfo: si_signo: 4 (SIGILL), si_code: 0 (SI_USER), si_pid: 12664, si_uid: 1000

Registers:
RAX=0x00000000000000ca, RBX=0x0000000000000000, RCX=0x00007f9087f7c766, RDX=0x0000000000001abd
RSP=0x00007ffe757a4470, RBP=0x0000000000001abd, RSI=0x0000000000000109, RDI=0x00007f90869ff990
R8 =0x0000000000000000, R9 =0x00000000ffffffff, R10=0x0000000000000000, R11=0x0000000000000246
R12=0x0000000000000000, R13=0x00007ffe757a4538, R14=0x00007f90869ff990, R15=0x00007f90869ff6c0
RIP=0x00007f9087f7c764, EFLAGS=0x0000000000000246, CSGSFS=0x002b000000000033, ERR=0x0000000000000004
  TRAPNO=0x000000000000000e

Top of Stack: (sp=0x00007ffe757a4470)
0x00007ffe757a4470:   00007ffe757a45a7 f5ae576100000109
0x00007ffe757a4480:   00007f90869ff990 0000000000000000
0x00007ffe757a4490:   00007ffe757a4770 00007ffe757a46c0
0x00007ffe757a44a0:   0000000000000000 00007f9087f816a3 

Instructions: (pc=0x00007f9087f7c764)
0x00007f9087f7c664:   83 f8 01 7e f4 48 83 ec 08 e8 7e 03 00 00 31 c0
0x00007f9087f7c674:   48 83 c4 08 c3 0f 1f 80 00 00 00 00 f3 0f 1e fa
0x00007f9087f7c684:   c3 66 66 2e 0f 1f 84 00 00 00 00 00 f3 0f 1e fa
0x00007f9087f7c694:   c3 66 2e 0f 1f 84 00 00 00 00 00 90 55 49 89 ca
0x00007f9087f7c6a4:   89 f5 53 48 83 ec 28 48 85 c9 0f 85 dc 00 00 00
0x00007f9087f7c6b4:   83 fa 01 0f 87 c3 00 00 00 c1 e2 08 89 d6 81 f6
0x00007f9087f7c6c4:   00 01 00 00 40 80 ce 89 44 31 c6 45 84 c9 75 54
0x00007f9087f7c6d4:   41 b9 ff ff ff ff 45 31 c0 89 ea b8 ca 00 00 00
0x00007f9087f7c6e4:   0f 05 85 c0 7f 13 83 f8 ea 7c 21 8d 50 16 b9 01
0x00007f9087f7c6f4:   08 44 00 48 0f a3 d1 72 1d 48 8d 3d 74 a4 11 00
0x00007f9087f7c704:   e8 c7 8c ff ff 0f 1f 80 00 00 00 00 83 f8 92 74
0x00007f9087f7c714:   05 83 f8 b5 75 e3 f7 d8 48 83 c4 28 5b 5d c3 0f
0x00007f9087f7c724:   1f 44 00 00 80 3d c9 dc 15 00 00 75 a3 4c 89 54
0x00007f9087f7c734:   24 18 48 89 7c 24 10 89 74 24 08 e8 cc f8 ff ff
0x00007f9087f7c744:   4c 8b 54 24 18 8b 74 24 08 89 ea 89 c3 48 8b 7c
0x00007f9087f7c754:   24 10 41 b9 ff ff ff ff 45 31 c0 b8 ca 00 00 00
0x00007f9087f7c764:   0f 05 89 df 48 89 44 24 08 e8 1e f9 ff ff 48 8b
0x00007f9087f7c774:   44 24 08 e9 6a ff ff ff 0f 1f 40 00 48 83 c4 28
0x00007f9087f7c784:   b8 16 00 00 00 5b 5d c3 0f 1f 40 00 48 83 39 00
0x00007f9087f7c794:   0f 89 1a ff ff ff b8 6e 00 00 00 e9 78 ff ff ff
0x00007f9087f7c7a4:   66 66 2e 0f 1f 84 00 00 00 00 00 90 f3 0f 1e fa
0x00007f9087f7c7b4:   45 31 c9 e9 e4 fe ff ff 0f 1f 40 00 f3 0f 1e fa
0x00007f9087f7c7c4:   41 b9 01 00 00 00 e9 d1 fe ff ff 90 f3 0f 1e fa
0x00007f9087f7c7d4:   49 89 d2 85 f6 75 4d 80 f1 86 89 ce 31 d2 b8 ca
0x00007f9087f7c7e4:   00 00 00 0f 05 83 f8 da 74 4a 83 f8 92 74 2d 8d
0x00007f9087f7c7f4:   50 23 83 fa 23 77 10 48 b9 01 20 00 81 09 00 00
0x00007f9087f7c804:   00 48 0f a3 d1 72 15 50 48 8d 3d 65 a3 11 00 e8
0x00007f9087f7c814:   b8 8b ff ff 0f 1f 84 00 00 00 00 00 f7 d8 c3 0f
0x00007f9087f7c824:   1f 44 00 00 89 ce 40 80 f6 8d 48 85 d2 75 ad eb
0x00007f9087f7c834:   a6 0f 1f 00 b8 16 00 00 00 c3 66 90 f3 0f 1e fa
0x00007f9087f7c844:   64 48 8b 04 25 10 00 00 00 64 48 8b 14 25 f8 02
0x00007f9087f7c854:   00 00 48 89 57 18 48 8d 90 08 03 00 00 8b 80 08 



---------------  P R O C E S S  ---------------

VM state: not at safepoint (normal execution)

VM Mutex/Monitor currently owned by a thread: None

Heap address: 0x0000000709800000, size: 3944 MB, Compressed Oops mode: Zero based, Oop shift amount: 3

CDS archive(s) not mapped
Compressed class space mapped at: 0x0000000800000000-0x0000000840000000, reserved size: 1073741824
Narrow klass base: 0x0000000800000000, Narrow klass shift: 0, Narrow klass range: 0x40000000

GC Precious Log:
<Skipped>

Heap:
 garbage-first heap   total 90112K, used 49985K [0x0000000709800000, 0x0000000800000000)
  region size 2048K, 14 young (28672K), 3 survivors (6144K)
 Metaspace       used 54468K, committed 54976K, reserved 1097728K
  class space    used 7089K, committed 7360K, reserved 1048576K

Heap Regions: E=young(eden), S=young(survivor), O=old, HS=humongous(starts), HC=humongous(continues), CS=collection set, F=free, OA=open archive, CA=closed archive, TAMS=top-at-mark-start (previous, next)
|   0|0x0000000709800000, 0x0000000709a00000, 0x0000000709a00000|100%| O|  |TAMS 0x0000000709800000, 0x0000000709800000| Untracked 
|   1|0x0000000709a00000, 0x0000000709c00000, 0x0000000709c00000|100%| O|  |TAMS 0x0000000709c00000, 0x0000000709a00000| Untracked 
|   2|0x0000000709c00000, 0x0000000709dfffe8, 0x0000000709e00000| 99%| O|  |TAMS 0x0000000709c00000, 0x0000000709c00000| Untracked 
|   3|0x0000000709e00000, 0x0000000709fffff0, 0x000000070a000000| 99%| O|  |TAMS 0x0000000709e00000, 0x0000000709e00000| Untracked 
|   4|0x000000070a000000, 0x000000070a1ffff8, 0x000000070a200000| 99%| O|  |TAMS 0x000000070a000000, 0x000000070a000000| Untracked 
|   5|0x000000070a200000, 0x000000070a3fffd0, 0x000000070a400000| 99%| O|  |TAMS 0x000000070a200000, 0x000000070a200000| Untracked 
|   6|0x000000070a400000, 0x000000070a600000, 0x000000070a600000|100%| O|  |TAMS 0x000000070a400000, 0x000000070a400000| Untracked 
|   7|0x000000070a600000, 0x000000070a740270, 0x000000070a800000| 62%| O|  |TAMS 0x000000070a600000, 0x000000070a600000| Untracked 
|   8|0x000000070a800000, 0x000000070aa00000, 0x000000070aa00000|100%|HS|  |TAMS 0x000000070a800000, 0x000000070a800000| Complete 
|   9|0x000000070aa00000, 0x000000070aa00000, 0x000000070ac00000|  0%| F|  |TAMS 0x000000070aa00000, 0x000000070aa00000| Untracked 
|  10|0x000000070ac00000, 0x000000070adffff0, 0x000000070ae00000| 99%| O|  |TAMS 0x000000070ac00000, 0x000000070ac00000| Untracked 
|  11|0x000000070ae00000, 0x000000070af08f08, 0x000000070b000000| 51%| O|  |TAMS 0x000000070ae00000, 0x000000070ae00000| Untracked 
|  12|0x000000070b000000, 0x000000070b000000, 0x000000070b200000|  0%| F|  |TAMS 0x000000070b000000, 0x000000070b000000| Untracked 
|  13|0x000000070b200000, 0x000000070b355fa0, 0x000000070b400000| 66%| O|  |TAMS 0x000000070b200000, 0x000000070b200000| Untracked 
|  14|0x000000070b400000, 0x000000070b4aff90, 0x000000070b600000| 34%| O|  |TAMS 0x000000070b400000, 0x000000070b400000| Untracked 
|  15|0x000000070b600000, 0x000000070b600000, 0x000000070b800000|  0%| F|  |TAMS 0x000000070b600000, 0x000000070b600000| Untracked 
|  16|0x000000070b800000, 0x000000070b800000, 0x000000070ba00000|  0%| F|  |TAMS 0x000000070b800000, 0x000000070b800000| Untracked 
|  17|0x000000070ba00000, 0x000000070ba00000, 0x000000070bc00000|  0%| F|  |TAMS 0x000000070ba00000, 0x000000070ba00000| Untracked 
|  18|0x000000070bc00000, 0x000000070bc00000, 0x000000070be00000|  0%| F|  |TAMS 0x000000070bc00000, 0x000000070bc00000| Untracked 
|  19|0x000000070be00000, 0x000000070be00000, 0x000000070c000000|  0%| F|  |TAMS 0x000000070be00000, 0x000000070be00000| Untracked 
|  20|0x000000070c000000, 0x000000070c000000, 0x000000070c200000|  0%| F|  |TAMS 0x000000070c000000, 0x000000070c000000| Untracked 
|  21|0x000000070c200000, 0x000000070c398b88, 0x000000070c400000| 79%| S|CS|TAMS 0x000000070c200000, 0x000000070c200000| Complete 
|  22|0x000000070c400000, 0x000000070c600000, 0x000000070c600000|100%| S|CS|TAMS 0x000000070c400000, 0x000000070c400000| Complete 
|  23|0x000000070c600000, 0x000000070c600000, 0x000000070c800000|  0%| F|  |TAMS 0x000000070c600000, 0x000000070c600000| Untracked 
|  24|0x000000070c800000, 0x000000070c800000, 0x000000070ca00000|  0%| F|  |TAMS 0x000000070c800000, 0x000000070c800000| Untracked 
|  25|0x000000070ca00000, 0x000000070cc00000, 0x000000070cc00000|100%| S|CS|TAMS 0x000000070ca00000, 0x000000070ca00000| Complete 
|  26|0x000000070cc00000, 0x000000070cc00000, 0x000000070ce00000|  0%| F|  |TAMS 0x000000070cc00000, 0x000000070cc00000| Untracked 
|  27|0x000000070ce00000, 0x000000070ce00000, 0x000000070d000000|  0%| F|  |TAMS 0x000000070ce00000, 0x000000070ce00000| Untracked 
|  28|0x000000070d000000, 0x000000070d000000, 0x000000070d200000|  0%| F|  |TAMS 0x000000070d000000, 0x000000070d000000| Untracked 
|  29|0x000000070d200000, 0x000000070d200000, 0x000000070d400000|  0%| F|  |TAMS 0x000000070d200000, 0x000000070d200000| Untracked 
|  30|0x000000070d400000, 0x000000070d400000, 0x000000070d600000|  0%| F|  |TAMS 0x000000070d400000, 0x000000070d400000| Untracked 
|  31|0x000000070d600000, 0x000000070d600000, 0x000000070d800000|  0%| F|  |TAMS 0x000000070d600000, 0x000000070d600000| Untracked 
|  32|0x000000070d800000, 0x000000070d8722c8, 0x000000070da00000| 22%| E|  |TAMS 0x000000070d800000, 0x000000070d800000| Complete 
|  33|0x000000070da00000, 0x000000070dc00000, 0x000000070dc00000|100%| E|CS|TAMS 0x000000070da00000, 0x000000070da00000| Complete 
|  34|0x000000070dc00000, 0x000000070de00000, 0x000000070de00000|100%| E|CS|TAMS 0x000000070dc00000, 0x000000070dc00000| Complete 
|  35|0x000000070de00000, 0x000000070e000000, 0x000000070e000000|100%| E|CS|TAMS 0x000000070de00000, 0x000000070de00000| Complete 
|  36|0x000000070e000000, 0x000000070e076660, 0x000000070e200000| 23%| O|  |TAMS 0x000000070e000000, 0x000000070e000000| Untracked 
|  37|0x000000070e200000, 0x000000070e400000, 0x000000070e400000|100%| E|CS|TAMS 0x000000070e200000, 0x000000070e200000| Complete 
|  38|0x000000070e400000, 0x000000070e600000, 0x000000070e600000|100%| E|CS|TAMS 0x000000070e400000, 0x000000070e400000| Complete 
|  39|0x000000070e600000, 0x000000070e800000, 0x000000070e800000|100%| E|CS|TAMS 0x000000070e600000, 0x000000070e600000| Complete 
|  40|0x000000070e800000, 0x000000070ea00000, 0x000000070ea00000|100%| E|CS|TAMS 0x000000070e800000, 0x000000070e800000| Complete 
|  41|0x000000070ea00000, 0x000000070ec00000, 0x000000070ec00000|100%| E|CS|TAMS 0x000000070ea00000, 0x000000070ea00000| Complete 
|  42|0x000000070ec00000, 0x000000070ee00000, 0x000000070ee00000|100%| E|CS|TAMS 0x000000070ec00000, 0x000000070ec00000| Complete 
|  43|0x000000070ee00000, 0x000000070f000000, 0x000000070f000000|100%| E|CS|TAMS 0x000000070ee00000, 0x000000070ee00000| Complete 

Card table byte_map: [0x00007f9084c8b000,0x00007f908543f000] _byte_map_base: 0x00007f908143f000

Marking Bits (Prev, Next): (CMBitMap*) 0x00007f9080093bd0, (CMBitMap*) 0x00007f9080093b90
 Prev Bits: [0x00007f9071cc0000, 0x00007f9075a60000)
 Next Bits: [0x00007f9075a60000, 0x00007f9079800000)

Polling page: 0x00007f908812d000

Metaspace:

Usage:
  Non-class:     46.27 MB used.
      Class:      6.92 MB used.
       Both:     53.19 MB used.

Virtual space:
  Non-class space:       48.00 MB reserved,      46.50 MB ( 97%) committed,  6 nodes.
      Class space:        1.00 GB reserved,       7.19 MB ( <1%) committed,  1 nodes.
             Both:        1.05 GB reserved,      53.69 MB (  5%) committed. 

Chunk freelists:
   Non-Class:  782.00 KB
       Class:  837.00 KB
        Both:  1.58 MB

MaxMetaspaceSize: unlimited
CompressedClassSpaceSize: 1.00 GB
Initial GC threshold: 21.00 MB
Current GC threshold: 89.50 MB
CDS: off
MetaspaceReclaimPolicy: balanced
 - commit_granule_bytes: 65536.
 - commit_granule_words: 8192.
 - virtual_space_node_default_size: 1048576.
 - enlarge_chunks_in_place: 1.
 - new_chunks_are_fully_committed: 0.
 - uncommit_free_chunks: 1.
 - use_allocation_guard: 0.
 - handle_deallocations: 1.


Internal statistics:

num_allocs_failed_limit: 8.
num_arena_births: 676.
num_arena_deaths: 152.
num_vsnodes_births: 7.
num_vsnodes_deaths: 0.
num_space_committed: 859.
num_space_uncommitted: 0.
num_chunks_returned_to_freelist: 198.
num_chunks_taken_from_freelist: 2290.
num_chunk_merges: 62.
num_chunk_splits: 1441.
num_chunks_enlarged: 1007.
num_purges: 2.
num_inconsistent_stats: 0.

CodeCache: size=49152Kb used=13543Kb max_used=15233Kb free=35608Kb
 bounds [0x00007f9079800000, 0x00007f907a6f0000, 0x00007f907c800000]
 total_blobs=7929 nmethods=7345 adapters=511
 compilation: enabled
              stopped_count=0, restarted_count=0
 full_count=0

Compilation events (20 events):
Event: 2914.315 Thread 0x00007f8fa8005480 nmethod 7335 0x00007f907a6d7810 code [0x00007f907a6d7a00, 0x00007f907a6d7f10]
Event: 2914.315 Thread 0x00007f8fd0004a50 7338       1       org.springframework.boot.ansi.AnsiOutput::toString (32 bytes)
Event: 2914.315 Thread 0x00007f8fa8005480 7339       1       org.springframework.boot.ansi.AnsiOutput::isEnabled (46 bytes)
Event: 2914.315 Thread 0x00007f9080233d20 7340       1       org.springframework.boot.ansi.AnsiOutput::buildEnabled (127 bytes)
Event: 2914.315 Thread 0x00007f8fa8005480 nmethod 7339 0x00007f907a6d8110 code [0x00007f907a6d82c0, 0x00007f907a6d84a0]
Event: 2914.315 Thread 0x00007f8fa8005480 7341       1       ch.qos.logback.core.pattern.CompositeConverter::convert (43 bytes)
Event: 2914.315 Thread 0x00007f8fd0004a50 nmethod 7338 0x00007f907a6d8590 code [0x00007f907a6d8780, 0x00007f907a6d8a90]
Event: 2914.315 Thread 0x00007f8fd0004a50 7342       1       org.springframework.boot.logging.logback.ColorConverter::transform (10 bytes)
Event: 2914.315 Thread 0x00007f8fd0004a50 nmethod 7342 0x00007f907a6d8c10 code [0x00007f907a6d8dc0, 0x00007f907a6d8ee0]
Event: 2914.315 Thread 0x00007f8fd0004a50 7343       1       org.springframework.boot.logging.logback.ColorConverter::transform (60 bytes)
Event: 2914.315 Thread 0x00007f8fa8005480 nmethod 7341 0x00007f907a6d8f90 code [0x00007f907a6d9180, 0x00007f907a6d9540]
Event: 2914.315 Thread 0x00007f8fa8005480 7344       1       org.springframework.boot.logging.logback.ColorConverter::toAnsiString (16 bytes)
Event: 2914.316 Thread 0x00007f9080233d20 nmethod 7340 0x00007f907a6d9710 code [0x00007f907a6d9920, 0x00007f907a6d9cb0]
Event: 2914.316 Thread 0x00007f9080233d20 7345       1       org.apache.catalina.connector.RequestFacade::getAttribute (32 bytes)
Event: 2914.316 Thread 0x00007f8fa8005480 nmethod 7344 0x00007f907a6d9f90 code [0x00007f907a6da180, 0x00007f907a6da5a0]
Event: 2914.316 Thread 0x00007f8fa8005480 7346       1       org.apache.tomcat.util.http.MimeHeaderField::getValue (5 bytes)
Event: 2914.316 Thread 0x00007f8fd0004a50 nmethod 7343 0x00007f907a6da790 code [0x00007f907a6da9a0, 0x00007f907a6daf70]
Event: 2914.316 Thread 0x00007f8fa8005480 nmethod 7346 0x00007f907a6db290 code [0x00007f907a6db420, 0x00007f907a6db4f0]
Event: 2914.316 Thread 0x00007f9080233d20 nmethod 7345 0x00007f907a6db590 code [0x00007f907a6db760, 0x00007f907a6db920]
Event: 2914.317 Thread 0x00007f904011ec80 nmethod 7337 0x00007f907a6dba10 code [0x00007f907a6dbfc0, 0x00007f907a6de840]

GC Heap History (20 events):
Event: 0.514 GC heap before
{Heap before GC invocations=5 (full 0):
 garbage-first heap   total 34816K, used 8786K [0x0000000709800000, 0x0000000800000000)
  region size 2048K, 3 young (6144K), 2 survivors (4096K)
 Metaspace       used 24315K, committed 24576K, reserved 1073152K
  class space    used 3068K, committed 3200K, reserved 1048576K
}
Event: 0.518 GC heap after
{Heap after GC invocations=6 (full 0):
 garbage-first heap   total 145408K, used 9021K [0x0000000709800000, 0x0000000800000000)
  region size 2048K, 1 young (2048K), 1 survivors (2048K)
 Metaspace       used 24315K, committed 24576K, reserved 1073152K
  class space    used 3068K, committed 3200K, reserved 1048576K
}
Event: 0.817 GC heap before
{Heap before GC invocations=6 (full 0):
 garbage-first heap   total 145408K, used 76605K [0x0000000709800000, 0x0000000800000000)
  region size 2048K, 36 young (73728K), 1 survivors (2048K)
 Metaspace       used 35819K, committed 36160K, reserved 1081344K
  class space    used 4570K, committed 4736K, reserved 1048576K
}
Event: 0.820 GC heap after
{Heap after GC invocations=7 (full 0):
 garbage-first heap   total 145408K, used 13468K [0x0000000709800000, 0x0000000800000000)
  region size 2048K, 3 young (6144K), 3 survivors (6144K)
 Metaspace       used 35819K, committed 36160K, reserved 1081344K
  class space    used 4570K, committed 4736K, reserved 1048576K
}
Event: 0.920 GC heap before
{Heap before GC invocations=8 (full 0):
 garbage-first heap   total 55296K, used 40092K [0x0000000709800000, 0x0000000800000000)
  region size 2048K, 18 young (36864K), 3 survivors (6144K)
 Metaspace       used 37921K, committed 38336K, reserved 1089536K
  class space    used 4874K, committed 5056K, reserved 1048576K
}
Event: 0.924 GC heap after
{Heap after GC invocations=9 (full 0):
 garbage-first heap   total 59392K, used 21259K [0x0000000709800000, 0x0000000800000000)
  region size 2048K, 6 young (12288K), 6 survivors (12288K)
 Metaspace       used 37921K, committed 38336K, reserved 1089536K
  class space    used 4874K, committed 5056K, reserved 1048576K
}
Event: 0.930 GC heap before
{Heap before GC invocations=9 (full 0):
 garbage-first heap   total 59392K, used 21259K [0x0000000709800000, 0x0000000800000000)
  region size 2048K, 7 young (14336K), 6 survivors (12288K)
 Metaspace       used 37924K, committed 38336K, reserved 1089536K
  class space    used 4875K, committed 5056K, reserved 1048576K
}
Event: 0.933 GC heap after
{Heap after GC invocations=10 (full 0):
 garbage-first heap   total 59392K, used 22251K [0x0000000709800000, 0x0000000800000000)
  region size 2048K, 1 young (2048K), 1 survivors (2048K)
 Metaspace       used 37924K, committed 38336K, reserved 1089536K
  class space    used 4875K, committed 5056K, reserved 1048576K
}
Event: 0.982 GC heap before
{Heap before GC invocations=10 (full 0):
 garbage-first heap   total 59392K, used 38635K [0x0000000709800000, 0x0000000800000000)
  region size 2048K, 9 young (18432K), 1 survivors (2048K)
 Metaspace       used 38490K, committed 38784K, reserved 1089536K
  class space    used 4924K, committed 5056K, reserved 1048576K
}
Event: 0.983 GC heap after
{Heap after GC invocations=11 (full 0):
 garbage-first heap   total 157696K, used 23605K [0x0000000709800000, 0x0000000800000000)
  region size 2048K, 2 young (4096K), 2 survivors (4096K)
 Metaspace       used 38490K, committed 38784K, reserved 1089536K
  class space    used 4924K, committed 5056K, reserved 1048576K
}
Event: 5.492 GC heap before
{Heap before GC invocations=11 (full 0):
 garbage-first heap   total 157696K, used 93237K [0x0000000709800000, 0x0000000800000000)
  region size 2048K, 37 young (75776K), 2 survivors (4096K)
 Metaspace       used 47143K, committed 47616K, reserved 1097728K
  class space    used 6099K, committed 6336K, reserved 1048576K
}
Event: 5.496 GC heap after
{Heap after GC invocations=12 (full 0):
 garbage-first heap   total 157696K, used 28748K [0x0000000709800000, 0x0000000800000000)
  region size 2048K, 4 young (8192K), 4 survivors (8192K)
 Metaspace       used 47143K, committed 47616K, reserved 1097728K
  class space    used 6099K, committed 6336K, reserved 1048576K
}
Event: 1146.636 GC heap before
{Heap before GC invocations=12 (full 0):
 garbage-first heap   total 157696K, used 102476K [0x0000000709800000, 0x0000000800000000)
  region size 2048K, 40 young (81920K), 4 survivors (8192K)
 Metaspace       used 54340K, committed 54784K, reserved 1097728K
  class space    used 7072K, committed 7296K, reserved 1048576K
}
Event: 1146.644 GC heap after
{Heap after GC invocations=13 (full 0):
 garbage-first heap   total 157696K, used 33900K [0x0000000709800000, 0x0000000800000000)
  region size 2048K, 2 young (4096K), 2 survivors (4096K)
 Metaspace       used 54340K, committed 54784K, reserved 1097728K
  class space    used 7072K, committed 7296K, reserved 1048576K
}
Event: 2911.210 GC heap before
{Heap before GC invocations=13 (full 0):
 garbage-first heap   total 157696K, used 66668K [0x0000000709800000, 0x0000000800000000)
  region size 2048K, 19 young (38912K), 2 survivors (4096K)
 Metaspace       used 54456K, committed 54976K, reserved 1097728K
  class space    used 7092K, committed 7360K, reserved 1048576K
}
Event: 2911.235 GC heap after
{Heap after GC invocations=14 (full 1):
 garbage-first heap   total 90112K, used 21269K [0x0000000709800000, 0x0000000800000000)
  region size 2048K, 0 young (0K), 0 survivors (0K)
 Metaspace       used 54263K, committed 54976K, reserved 1097728K
  class space    used 7052K, committed 7360K, reserved 1048576K
}
Event: 2911.522 GC heap before
{Heap before GC invocations=14 (full 1):
 garbage-first heap   total 90112K, used 56085K [0x0000000709800000, 0x0000000800000000)
  region size 2048K, 18 young (36864K), 0 survivors (0K)
 Metaspace       used 54346K, committed 54976K, reserved 1097728K
  class space    used 7068K, committed 7360K, reserved 1048576K
}
Event: 2911.526 GC heap after
{Heap after GC invocations=15 (full 1):
 garbage-first heap   total 90112K, used 24771K [0x0000000709800000, 0x0000000800000000)
  region size 2048K, 2 young (4096K), 2 survivors (4096K)
 Metaspace       used 54346K, committed 54976K, reserved 1097728K
  class space    used 7068K, committed 7360K, reserved 1048576K
}
Event: 2913.556 GC heap before
{Heap before GC invocations=15 (full 1):
 garbage-first heap   total 90112K, used 61635K [0x0000000709800000, 0x0000000800000000)
  region size 2048K, 19 young (38912K), 2 survivors (4096K)
 Metaspace       used 54464K, committed 54976K, reserved 1097728K
  class space    used 7089K, committed 7360K, reserved 1048576K
}
Event: 2913.557 GC heap after
{Heap after GC invocations=16 (full 1):
 garbage-first heap   total 90112K, used 29048K [0x0000000709800000, 0x0000000800000000)
  region size 2048K, 3 young (6144K), 3 survivors (6144K)
 Metaspace       used 54464K, committed 54976K, reserved 1097728K
  class space    used 7089K, committed 7360K, reserved 1048576K
}

Dll operation events (9 events):
Event: 0.001 Loaded shared library /home/axel/Programas/Spring Tools/sts-4.17.2.RELEASE/plugins/org.eclipse.justj.openjdk.hotspot.jre.full.linux.x86_64_17.0.6.v20230125-1136/jre/lib/libjava.so
Event: 0.066 Loaded shared library /home/axel/Programas/Spring Tools/sts-4.17.2.RELEASE/plugins/org.eclipse.justj.openjdk.hotspot.jre.full.linux.x86_64_17.0.6.v20230125-1136/jre/lib/libnio.so
Event: 0.067 Loaded shared library /home/axel/Programas/Spring Tools/sts-4.17.2.RELEASE/plugins/org.eclipse.justj.openjdk.hotspot.jre.full.linux.x86_64_17.0.6.v20230125-1136/jre/lib/libjimage.so
Event: 0.074 Loaded shared library /home/axel/Programas/Spring Tools/sts-4.17.2.RELEASE/plugins/org.eclipse.justj.openjdk.hotspot.jre.full.linux.x86_64_17.0.6.v20230125-1136/jre/lib/libzip.so
Event: 0.092 Loaded shared library /home/axel/Programas/Spring Tools/sts-4.17.2.RELEASE/plugins/org.eclipse.justj.openjdk.hotspot.jre.full.linux.x86_64_17.0.6.v20230125-1136/jre/lib/libmanagement.so
Event: 0.099 Loaded shared library /home/axel/Programas/Spring Tools/sts-4.17.2.RELEASE/plugins/org.eclipse.justj.openjdk.hotspot.jre.full.linux.x86_64_17.0.6.v20230125-1136/jre/lib/libmanagement_ext.so
Event: 0.122 Loaded shared library /home/axel/Programas/Spring Tools/sts-4.17.2.RELEASE/plugins/org.eclipse.justj.openjdk.hotspot.jre.full.linux.x86_64_17.0.6.v20230125-1136/jre/lib/libnet.so
Event: 0.184 Loaded shared library /home/axel/Programas/Spring Tools/sts-4.17.2.RELEASE/plugins/org.eclipse.justj.openjdk.hotspot.jre.full.linux.x86_64_17.0.6.v20230125-1136/jre/lib/libextnet.so
Event: 0.202 Loaded shared library /home/axel/Programas/Spring Tools/sts-4.17.2.RELEASE/plugins/org.eclipse.justj.openjdk.hotspot.jre.full.linux.x86_64_17.0.6.v20230125-1136/jre/lib/libverify.so

Deoptimization events (20 events):
Event: 7.247 Thread 0x00007f8f9c002f70 DEOPT PACKING pc=0x00007f907a4ef4d2 sp=0x00007f90607f9480
Event: 7.247 Thread 0x00007f8f9c002f70 DEOPT UNPACKING pc=0x00007f9079856e2f sp=0x00007f90607f8900 mode 3
Event: 30.555 Thread 0x00007f9028003fd0 DEOPT PACKING pc=0x00007f9079aed564 sp=0x00007f8ff0ffe480
Event: 30.555 Thread 0x00007f9028003fd0 DEOPT UNPACKING pc=0x00007f9079856e2f sp=0x00007f8ff0ffd988 mode 0
Event: 30.555 Thread 0x00007f9028003470 DEOPT PACKING pc=0x00007f9079aed564 sp=0x00007f8ff3dfc480
Event: 30.555 Thread 0x00007f9028002940 DEOPT PACKING pc=0x00007f9079aed564 sp=0x00007f8ff3efc480
Event: 30.555 Thread 0x00007f9028003470 DEOPT UNPACKING pc=0x00007f9079856e2f sp=0x00007f8ff3dfb988 mode 0
Event: 30.555 Thread 0x00007f9028002940 DEOPT UNPACKING pc=0x00007f9079856e2f sp=0x00007f8ff3efb988 mode 0
Event: 30.555 Thread 0x00007f9028001730 DEOPT PACKING pc=0x00007f9079aed564 sp=0x00007f8ff2bf0440
Event: 30.555 Thread 0x00007f9028001730 DEOPT UNPACKING pc=0x00007f9079856e2f sp=0x00007f8ff2bef948 mode 0
Event: 30.558 Thread 0x00007f9024002b20 DEOPT PACKING pc=0x00007f9079aed564 sp=0x00007f8ff0dfe480
Event: 30.558 Thread 0x00007f9024003c60 DEOPT PACKING pc=0x00007f9079aed564 sp=0x00007f8ff0cfe480
Event: 30.558 Thread 0x00007f9024002b20 DEOPT UNPACKING pc=0x00007f9079856e2f sp=0x00007f8ff0dfd988 mode 0
Event: 30.558 Thread 0x00007f9024001b50 DEOPT PACKING pc=0x00007f9079aed564 sp=0x00007f8ff29f0440
Event: 30.558 Thread 0x00007f9024004db0 DEOPT PACKING pc=0x00007f9079aed564 sp=0x00007f8ff0bfe480
Event: 30.558 Thread 0x00007f9024001b50 DEOPT UNPACKING pc=0x00007f9079856e2f sp=0x00007f8ff29ef948 mode 0
Event: 30.558 Thread 0x00007f9024003c60 DEOPT UNPACKING pc=0x00007f9079856e2f sp=0x00007f8ff0cfd988 mode 0
Event: 30.558 Thread 0x00007f9024004db0 DEOPT UNPACKING pc=0x00007f9079856e2f sp=0x00007f8ff0bfd988 mode 0
Event: 2911.707 Thread 0x00007f8fb001bbf0 DEOPT PACKING pc=0x00007f907a548711 sp=0x00007f8ff13fc500
Event: 2911.707 Thread 0x00007f8fb001bbf0 DEOPT UNPACKING pc=0x00007f9079856e2f sp=0x00007f8ff13fba00 mode 3

Classes unloaded (20 events):
Event: 2911.216 Thread 0x00007f90801b6040 Unloading class 0x0000000800141c00 'java/lang/invoke/LambdaForm$MH+0x0000000800141c00'
Event: 2911.216 Thread 0x00007f90801b6040 Unloading class 0x0000000800141800 'jdk/internal/reflect/GeneratedSerializationConstructorAccessor3'
Event: 2911.216 Thread 0x00007f90801b6040 Unloading class 0x0000000800141400 'jdk/internal/reflect/GeneratedSerializationConstructorAccessor2'
Event: 2911.216 Thread 0x00007f90801b6040 Unloading class 0x0000000800141000 'jdk/internal/reflect/GeneratedSerializationConstructorAccessor1'
Event: 2911.216 Thread 0x00007f90801b6040 Unloading class 0x0000000800140800 'java/lang/invoke/LambdaForm$DMH+0x0000000800140800'
Event: 2911.216 Thread 0x00007f90801b6040 Unloading class 0x0000000800140000 'java/lang/invoke/LambdaForm$DMH+0x0000000800140000'
Event: 2911.216 Thread 0x00007f90801b6040 Unloading class 0x00000008000c7000 'jdk/internal/reflect/GeneratedConstructorAccessor1'
Event: 2911.216 Thread 0x00007f90801b6040 Unloading class 0x00000008000c6400 'java/lang/invoke/LambdaForm$MH+0x00000008000c6400'
Event: 2911.216 Thread 0x00007f90801b6040 Unloading class 0x00000008000c6000 'java/lang/invoke/LambdaForm$MH+0x00000008000c6000'
Event: 2911.216 Thread 0x00007f90801b6040 Unloading class 0x00000008000c5c00 'java/lang/invoke/LambdaForm$MH+0x00000008000c5c00'
Event: 2911.216 Thread 0x00007f90801b6040 Unloading class 0x00000008000c5800 'java/lang/invoke/LambdaForm$MH+0x00000008000c5800'
Event: 2911.216 Thread 0x00007f90801b6040 Unloading class 0x00000008000c5400 'java/lang/invoke/LambdaForm$MH+0x00000008000c5400'
Event: 2911.216 Thread 0x00007f90801b6040 Unloading class 0x00000008000c5000 'java/lang/invoke/LambdaForm$MH+0x00000008000c5000'
Event: 2911.216 Thread 0x00007f90801b6040 Unloading class 0x00000008000c3c00 'java/lang/invoke/LambdaForm$MH+0x00000008000c3c00'
Event: 2911.216 Thread 0x00007f90801b6040 Unloading class 0x00000008000c3800 'java/lang/invoke/LambdaForm$MH+0x00000008000c3800'
Event: 2911.216 Thread 0x00007f90801b6040 Unloading class 0x00000008000c3000 'java/lang/invoke/LambdaForm$MH+0x00000008000c3000'
Event: 2911.216 Thread 0x00007f90801b6040 Unloading class 0x00000008000c2400 'java/lang/invoke/LambdaForm$MH+0x00000008000c2400'
Event: 2911.216 Thread 0x00007f90801b6040 Unloading class 0x00000008000c1c00 'java/lang/invoke/LambdaForm$MH+0x00000008000c1c00'
Event: 2911.216 Thread 0x00007f90801b6040 Unloading class 0x00000008000c1400 'java/lang/invoke/LambdaForm$MH+0x00000008000c1400'
Event: 2911.216 Thread 0x00007f90801b6040 Unloading class 0x00000008000c0c00 'java/lang/invoke/LambdaForm$MH+0x00000008000c0c00'

Classes redefined (0 events):
No events

Internal exceptions (20 events):
Event: 2914.307 Thread 0x00007f8f88003860 Exception <a 'sun/nio/fs/UnixException'{0x000000070dc718b8}> (0x000000070dc718b8) 
thrown [src/hotspot/share/prims/jni.cpp, line 516]
Event: 2914.307 Thread 0x00007f8f88003860 Exception <a 'sun/nio/fs/UnixException'{0x000000070dc7c4d0}> (0x000000070dc7c4d0) 
thrown [src/hotspot/share/prims/jni.cpp, line 516]
Event: 2914.307 Thread 0x00007f8f88003860 Exception <a 'sun/nio/fs/UnixException'{0x000000070dc80c70}> (0x000000070dc80c70) 
thrown [src/hotspot/share/prims/jni.cpp, line 516]
Event: 2914.308 Thread 0x00007f8f88003860 Exception <a 'sun/nio/fs/UnixException'{0x000000070dc8c0d0}> (0x000000070dc8c0d0) 
thrown [src/hotspot/share/prims/jni.cpp, line 516]
Event: 2914.308 Thread 0x00007f8f88003860 Exception <a 'sun/nio/fs/UnixException'{0x000000070dc8dea8}> (0x000000070dc8dea8) 
thrown [src/hotspot/share/prims/jni.cpp, line 516]
Event: 2914.308 Thread 0x00007f8f88003860 Exception <a 'sun/nio/fs/UnixException'{0x000000070dc920f8}> (0x000000070dc920f8) 
thrown [src/hotspot/share/prims/jni.cpp, line 516]
Event: 2914.308 Thread 0x00007f8f88003860 Exception <a 'java/io/FileNotFoundException'{0x000000070dc96b98}> (0x000000070dc96b98) 
thrown [src/hotspot/share/prims/jni.cpp, line 516]
Event: 2914.308 Thread 0x00007f8f88003860 Exception <a 'sun/nio/fs/UnixException'{0x000000070dc97758}> (0x000000070dc97758) 
thrown [src/hotspot/share/prims/jni.cpp, line 516]
Event: 2914.308 Thread 0x00007f8f88003860 Exception <a 'sun/nio/fs/UnixException'{0x000000070dca58a0}> (0x000000070dca58a0) 
thrown [src/hotspot/share/prims/jni.cpp, line 516]
Event: 2914.308 Thread 0x00007f8f88003860 Exception <a 'sun/nio/fs/UnixException'{0x000000070dca6da8}> (0x000000070dca6da8) 
thrown [src/hotspot/share/prims/jni.cpp, line 516]
Event: 2914.308 Thread 0x00007f8f88003860 Exception <a 'sun/nio/fs/UnixException'{0x000000070dcae898}> (0x000000070dcae898) 
thrown [src/hotspot/share/prims/jni.cpp, line 516]
Event: 2914.308 Thread 0x00007f8f88003860 Exception <a 'sun/nio/fs/UnixException'{0x000000070dcb8468}> (0x000000070dcb8468) 
thrown [src/hotspot/share/prims/jni.cpp, line 516]
Event: 2914.309 Thread 0x00007f8f88003860 Exception <a 'sun/nio/fs/UnixException'{0x000000070dccd048}> (0x000000070dccd048) 
thrown [src/hotspot/share/prims/jni.cpp, line 516]
Event: 2914.309 Thread 0x00007f8f88003860 Exception <a 'sun/nio/fs/UnixException'{0x000000070dcd22d0}> (0x000000070dcd22d0) 
thrown [src/hotspot/share/prims/jni.cpp, line 516]
Event: 2914.309 Thread 0x00007f8f88003860 Exception <a 'sun/nio/fs/UnixException'{0x000000070dcd3c58}> (0x000000070dcd3c58) 
thrown [src/hotspot/share/prims/jni.cpp, line 516]
Event: 2914.312 Thread 0x00007f8f88003860 Exception <a 'sun/nio/fs/UnixException'{0x000000070da3bb80}> (0x000000070da3bb80) 
thrown [src/hotspot/share/prims/jni.cpp, line 516]
Event: 2914.312 Thread 0x00007f8f88003860 Exception <a 'sun/nio/fs/UnixException'{0x000000070da3d170}> (0x000000070da3d170) 
thrown [src/hotspot/share/prims/jni.cpp, line 516]
Event: 2914.312 Thread 0x00007f8f88003860 Exception <a 'sun/nio/fs/UnixException'{0x000000070da48800}> (0x000000070da48800) 
thrown [src/hotspot/share/prims/jni.cpp, line 516]
Event: 2914.315 Thread 0x00007f8f88003860 Exception <a 'java/io/IOException'{0x000000070db8ba58}> (0x000000070db8ba58) 
thrown [src/hotspot/share/prims/jni.cpp, line 516]
Event: 2914.315 Thread 0x00007f8f88003860 Exception <a 'java/io/IOException'{0x000000070db8c2d0}> (0x000000070db8c2d0) 
thrown [src/hotspot/share/prims/jni.cpp, line 516]

VM Operations (20 events):
Event: 2220.766 Executing VM operation: Cleanup
Event: 2220.766 Executing VM operation: Cleanup done
Event: 2910.851 Executing VM operation: Cleanup
Event: 2910.851 Executing VM operation: Cleanup done
Event: 2911.210 Executing VM operation: G1CollectFull
Event: 2911.235 Executing VM operation: G1CollectFull done
Event: 2911.466 Executing VM operation: HandshakeAllThreads
Event: 2911.466 Executing VM operation: HandshakeAllThreads done
Event: 2911.522 Executing VM operation: G1CollectForAllocation
Event: 2911.526 Executing VM operation: G1CollectForAllocation done
Event: 2912.091 Executing VM operation: ICBufferFull
Event: 2912.091 Executing VM operation: ICBufferFull done
Event: 2913.091 Executing VM operation: Cleanup
Event: 2913.091 Executing VM operation: Cleanup done
Event: 2913.556 Executing VM operation: G1CollectForAllocation
Event: 2913.558 Executing VM operation: G1CollectForAllocation done
Event: 2914.558 Executing VM operation: Cleanup
Event: 2914.558 Executing VM operation: Cleanup done
Event: 2949.562 Executing VM operation: Cleanup
Event: 2949.562 Executing VM operation: Cleanup done

Events (20 events):
Event: 2912.969 Thread 0x00007f8f88003860 Thread added: 0x00007f8f88003860
Event: 2912.969 Protecting memory [0x00007f8ff1000000,0x00007f8ff1004000] with protection modes 0
Event: 2913.196 Thread 0x00007f8fb0017530 Thread exited: 0x00007f8fb0017530
Event: 2913.401 Thread 0x00007f8f880016f0 Thread added: 0x00007f8f880016f0
Event: 2913.401 Protecting memory [0x00007f8ff1300000,0x00007f8ff1304000] with protection modes 0
Event: 2913.538 Thread 0x00007f8fb0017530 Thread added: 0x00007f8fb0017530
Event: 2913.538 Protecting memory [0x00007f8ff1c00000,0x00007f8ff1c04000] with protection modes 0
Event: 2913.541 Thread 0x00007f8fb0017530 Thread exited: 0x00007f8fb0017530
Event: 2913.927 Thread 0x00007f8f9803d3a0 Thread added: 0x00007f8f9803d3a0
Event: 2913.927 Protecting memory [0x00007f8ff1c00000,0x00007f8ff1c04000] with protection modes 0
Event: 2913.933 Thread 0x00007f8f9803d3a0 Thread exited: 0x00007f8f9803d3a0
Event: 2914.288 Thread 0x00007f8f90009300 Thread added: 0x00007f8f90009300
Event: 2914.289 Protecting memory [0x00007f8ff1c00000,0x00007f8ff1c04000] with protection modes 0
Event: 2914.291 Thread 0x00007f8f90009300 Thread exited: 0x00007f8f90009300
Event: 2919.316 Thread 0x00007f8fd0004a50 Thread exited: 0x00007f8fd0004a50
Event: 2919.316 Thread 0x00007f8fa8005480 Thread exited: 0x00007f8fa8005480
Event: 2919.317 Thread 0x00007f904011ec80 Thread exited: 0x00007f904011ec80
Event: 2947.904 Thread 0x00007f8f88001f60 Thread added: 0x00007f8f88001f60
Event: 2947.904 Protecting memory [0x00007f8ff1e00000,0x00007f8ff1e04000] with protection modes 0
Event: 2948.593 Thread 0x00007f9024003c60 Thread exited: 0x00007f9024003c60


Dynamic libraries:
709800000-70f000000 rw-p 00000000 00:00 0 
70f000000-800000000 ---p 00000000 00:00 0 
800000000-800010000 rw-p 00000000 00:00 0 
800010000-800030000 rw-p 00000000 00:00 0 
800030000-8000b0000 rw-p 00000000 00:00 0 
8000b0000-8000d0000 rw-p 00000000 00:00 0 
8000d0000-800130000 rw-p 00000000 00:00 0 
800130000-800150000 rw-p 00000000 00:00 0 
800150000-8001b0000 rw-p 00000000 00:00 0 
8001b0000-8001f0000 rw-p 00000000 00:00 0 
8001f0000-800370000 rw-p 00000000 00:00 0 
800370000-8004b0000 rw-p 00000000 00:00 0 
8004b0000-8004f0000 rw-p 00000000 00:00 0 
8004f0000-800630000 rw-p 00000000 00:00 0 
800630000-8006b0000 rw-p 00000000 00:00 0 
8006b0000-8006f0000 rw-p 00000000 00:00 0 
8006f0000-800700000 ---p 00000000 00:00 0 
800700000-800740000 rw-p 00000000 00:00 0 
800740000-840000000 ---p 00000000 00:00 0 
55955cefe000-55955ceff000 r--p 00000000 08:12 5273730                    /home/axel/Programas/Spring Tools/sts-4.17.2.RELEASE/plugins/org.eclipse.justj.openjdk.hotspot.jre.full.linux.x86_64_17.0.6.v20230125-1136/jre/bin/java
55955ceff000-55955cf00000 r-xp 00001000 08:12 5273730                    /home/axel/Programas/Spring Tools/sts-4.17.2.RELEASE/plugins/org.eclipse.justj.openjdk.hotspot.jre.full.linux.x86_64_17.0.6.v20230125-1136/jre/bin/java
55955cf00000-55955cf01000 r--p 00002000 08:12 5273730                    /home/axel/Programas/Spring Tools/sts-4.17.2.RELEASE/plugins/org.eclipse.justj.openjdk.hotspot.jre.full.linux.x86_64_17.0.6.v20230125-1136/jre/bin/java
55955cf01000-55955cf02000 r--p 00002000 08:12 5273730                    /home/axel/Programas/Spring Tools/sts-4.17.2.RELEASE/plugins/org.eclipse.justj.openjdk.hotspot.jre.full.linux.x86_64_17.0.6.v20230125-1136/jre/bin/java
55955cf02000-55955cf03000 rw-p 00003000 08:12 5273730                    /home/axel/Programas/Spring Tools/sts-4.17.2.RELEASE/plugins/org.eclipse.justj.openjdk.hotspot.jre.full.linux.x86_64_17.0.6.v20230125-1136/jre/bin/java
55955d745000-55955d78f000 rw-p 00000000 00:00 0                          [heap]
7f8f70000000-7f8f70021000 rw-p 00000000 00:00 0 
7f8f70021000-7f8f74000000 ---p 00000000 00:00 0 
7f8f78000000-7f8f78021000 rw-p 00000000 00:00 0 
7f8f78021000-7f8f7c000000 ---p 00000000 00:00 0 
7f8f7c000000-7f8f7c021000 rw-p 00000000 00:00 0 
7f8f7c021000-7f8f80000000 ---p 00000000 00:00 0 
7f8f80000000-7f8f80021000 rw-p 00000000 00:00 0 
7f8f80021000-7f8f84000000 ---p 00000000 00:00 0 
7f8f84000000-7f8f84021000 rw-p 00000000 00:00 0 
7f8f84021000-7f8f88000000 ---p 00000000 00:00 0 
7f8f88000000-7f8f88028000 rw-p 00000000 00:00 0 
7f8f88028000-7f8f8c000000 ---p 00000000 00:00 0 
7f8f8c000000-7f8f8c021000 rw-p 00000000 00:00 0 
7f8f8c021000-7f8f90000000 ---p 00000000 00:00 0 
7f8f90000000-7f8f90021000 rw-p 00000000 00:00 0 
7f8f90021000-7f8f94000000 ---p 00000000 00:00 0 
7f8f94000000-7f8f94021000 rw-p 00000000 00:00 0 
7f8f94021000-7f8f98000000 ---p 00000000 00:00 0 
7f8f98000000-7f8f9805f000 rw-p 00000000 00:00 0 
7f8f9805f000-7f8f9c000000 ---p 00000000 00:00 0 
7f8f9c000000-7f8f9c021000 rw-p 00000000 00:00 0 
7f8f9c021000-7f8fa0000000 ---p 00000000 00:00 0 
7f8fa0000000-7f8fa0021000 rw-p 00000000 00:00 0 
7f8fa0021000-7f8fa4000000 ---p 00000000 00:00 0 
7f8fa4000000-7f8fa4021000 rw-p 00000000 00:00 0 
7f8fa4021000-7f8fa8000000 ---p 00000000 00:00 0 
7f8fa8000000-7f8fa80a5000 rw-p 00000000 00:00 0 
7f8fa80a5000-7f8fac000000 ---p 00000000 00:00 0 
7f8fac000000-7f8fac190000 rw-p 00000000 00:00 0 
7f8fac190000-7f8fb0000000 ---p 00000000 00:00 0 
7f8fb0000000-7f8fb009e000 rw-p 00000000 00:00 0 
7f8fb009e000-7f8fb4000000 ---p 00000000 00:00 0 
7f8fb4000000-7f8fb4021000 rw-p 00000000 00:00 0 
7f8fb4021000-7f8fb8000000 ---p 00000000 00:00 0 
7f8fb8000000-7f8fb8021000 rw-p 00000000 00:00 0 
7f8fb8021000-7f8fbc000000 ---p 00000000 00:00 0 
7f8fbc000000-7f8fbc021000 rw-p 00000000 00:00 0 
7f8fbc021000-7f8fc0000000 ---p 00000000 00:00 0 
7f8fc0000000-7f8fc0021000 rw-p 00000000 00:00 0 
7f8fc0021000-7f8fc4000000 ---p 00000000 00:00 0 
7f8fc4000000-7f8fc4021000 rw-p 00000000 00:00 0 
7f8fc4021000-7f8fc8000000 ---p 00000000 00:00 0 
7f8fc8000000-7f8fc8021000 rw-p 00000000 00:00 0 
7f8fc8021000-7f8fcc000000 ---p 00000000 00:00 0 
7f8fcc000000-7f8fcc021000 rw-p 00000000 00:00 0 
7f8fcc021000-7f8fd0000000 ---p 00000000 00:00 0 
7f8fd0000000-7f8fd0309000 rw-p 00000000 00:00 0 
7f8fd0309000-7f8fd4000000 ---p 00000000 00:00 0 
7f8fd4000000-7f8fd4021000 rw-p 00000000 00:00 0 
7f8fd4021000-7f8fd8000000 ---p 00000000 00:00 0 
7f8fd8000000-7f8fd8025000 rw-p 00000000 00:00 0 
7f8fd8025000-7f8fdc000000 ---p 00000000 00:00 0 
7f8fdc000000-7f8fdc021000 rw-p 00000000 00:00 0 
7f8fdc021000-7f8fe0000000 ---p 00000000 00:00 0 
7f8fe0000000-7f8fe0021000 rw-p 00000000 00:00 0 
7f8fe0021000-7f8fe4000000 ---p 00000000 00:00 0 
7f8fe4000000-7f8fe4976000 rw-p 00000000 00:00 0 
7f8fe4976000-7f8fe8000000 ---p 00000000 00:00 0 
7f8fe8000000-7f8fe8021000 rw-p 00000000 00:00 0 
7f8fe8021000-7f8fec000000 ---p 00000000 00:00 0 
7f8fec000000-7f8fec021000 rw-p 00000000 00:00 0 
7f8fec021000-7f8ff0000000 ---p 00000000 00:00 0 
7f8ff0000000-7f8ff0270000 rw-p 00000000 00:00 0 
7f8ff0270000-7f8ff02f0000 rw-p 00000000 00:00 0 
7f8ff02f0000-7f8ff04f0000 rw-p 00000000 00:00 0 
7f8ff04f0000-7f8ff0540000 rw-p 00000000 00:00 0 
7f8ff0540000-7f8ff0600000 ---p 00000000 00:00 0 
7f8ff0600000-7f8ff0740000 rw-p 00000000 00:00 0 
7f8ff0740000-7f8ff0800000 ---p 00000000 00:00 0 
7f8ff0800000-7f8ff0804000 ---p 00000000 00:00 0 
7f8ff0804000-7f8ff0900000 rw-p 00000000 00:00 0 
7f8ff0900000-7f8ff0904000 ---p 00000000 00:00 0 
7f8ff0904000-7f8ff0a00000 rw-p 00000000 00:00 0 
7f8ff0a00000-7f8ff0a04000 ---p 00000000 00:00 0 
7f8ff0a04000-7f8ff0b00000 rw-p 00000000 00:00 0 
7f8ff0b00000-7f8ff0b04000 ---p 00000000 00:00 0 
7f8ff0b04000-7f8ff0c00000 rw-p 00000000 00:00 0 
7f8ff0c00000-7f8ff0c04000 ---p 00000000 00:00 0 
7f8ff0c04000-7f8ff0d00000 rw-p 00000000 00:00 0 
7f8ff0d00000-7f8ff0d04000 ---p 00000000 00:00 0 
7f8ff0d04000-7f8ff0e00000 rw-p 00000000 00:00 0 
7f8ff0e00000-7f8ff0e04000 ---p 00000000 00:00 0 
7f8ff0e04000-7f8ff0f00000 rw-p 00000000 00:00 0 
7f8ff0f00000-7f8ff0f04000 ---p 00000000 00:00 0 
7f8ff0f04000-7f8ff1000000 rw-p 00000000 00:00 0 
7f8ff1000000-7f8ff1004000 ---p 00000000 00:00 0 
7f8ff1004000-7f8ff1100000 rw-p 00000000 00:00 0 
7f8ff1100000-7f8ff1104000 ---p 00000000 00:00 0 
7f8ff1104000-7f8ff1200000 rw-p 00000000 00:00 0 
7f8ff1200000-7f8ff1204000 ---p 00000000 00:00 0 
7f8ff1204000-7f8ff1300000 rw-p 00000000 00:00 0 
7f8ff1300000-7f8ff1304000 ---p 00000000 00:00 0 
7f8ff1304000-7f8ff14f0000 rw-p 00000000 00:00 0 
7f8ff14f0000-7f8ff15f0000 rw-p 00000000 00:00 0 
7f8ff15f0000-7f8ff19b0000 rw-p 00000000 00:00 0 
7f8ff19b0000-7f8ff19f0000 rw-p 00000000 00:00 0 
7f8ff19f0000-7f8ff1af0000 rw-p 00000000 00:00 0 
7f8ff1af0000-7f8ff1c00000 rw-p 00000000 00:00 0 
7f8ff1c00000-7f8ff1c04000 ---p 00000000 00:00 0 
7f8ff1c04000-7f8ff1d00000 rw-p 00000000 00:00 0 
7f8ff1d00000-7f8ff1d04000 ---p 00000000 00:00 0 
7f8ff1d04000-7f8ff1e00000 rw-p 00000000 00:00 0 
7f8ff1e00000-7f8ff1e04000 ---p 00000000 00:00 0 
7f8ff1e04000-7f8ff1f00000 rw-p 00000000 00:00 0 
7f8ff1f00000-7f8ff1f04000 ---p 00000000 00:00 0 
7f8ff1f04000-7f8ff22f0000 rw-p 00000000 00:00 0 
7f8ff22f0000-7f8ff23f0000 rw-p 00000000 00:00 0 
7f8ff23f0000-7f8ff2800000 rw-p 00000000 00:00 0 
7f8ff28f2000-7f8ff28f6000 ---p 00000000 00:00 0 
7f8ff28f6000-7f8ff29f2000 rw-p 00000000 00:00 0 
7f8ff29f2000-7f8ff29f6000 ---p 00000000 00:00 0 
7f8ff29f6000-7f8ff2af2000 rw-p 00000000 00:00 0 
7f8ff2af2000-7f8ff2af6000 ---p 00000000 00:00 0 
7f8ff2af6000-7f8ff2bf2000 rw-p 00000000 00:00 0 
7f8ff2bf2000-7f8ff2bf3000 ---p 00000000 00:00 0 
7f8ff2bf3000-7f8ff2cf4000 rw-p 00000000 00:00 0 
7f8ff2cf4000-7f8ff2cf5000 ---p 00000000 00:00 0 
7f8ff2cf5000-7f8ff2df6000 rw-p 00000000 00:00 0 
7f8ff2df6000-7f8ff2df7000 ---p 00000000 00:00 0 
7f8ff2df7000-7f8ff2ef8000 rw-p 00000000 00:00 0 
7f8ff2ef8000-7f8ff2ef9000 ---p 00000000 00:00 0 
7f8ff2ef9000-7f8ff2ffa000 rw-p 00000000 00:00 0 
7f8ff2ffa000-7f8ff2ffb000 ---p 00000000 00:00 0 
7f8ff2ffb000-7f8ff30fc000 rw-p 00000000 00:00 0 
7f8ff30fc000-7f8ff30fd000 ---p 00000000 00:00 0 
7f8ff30fd000-7f8ff31fe000 rw-p 00000000 00:00 0 
7f8ff31fe000-7f8ff31ff000 ---p 00000000 00:00 0 
7f8ff31ff000-7f8ff3300000 rw-p 00000000 00:00 0 
7f8ff3300000-7f8ff3304000 ---p 00000000 00:00 0 
7f8ff3304000-7f8ff3af0000 rw-p 00000000 00:00 0 
7f8ff3af0000-7f8ff3c00000 rw-p 00000000 00:00 0 
7f8ff3cfe000-7f8ff3d02000 ---p 00000000 00:00 0 
7f8ff3d02000-7f8ff3dfe000 rw-p 00000000 00:00 0 
7f8ff3dfe000-7f8ff3e02000 ---p 00000000 00:00 0 
7f8ff3e02000-7f8ff3efe000 rw-p 00000000 00:00 0 
7f8ff3efe000-7f8ff3eff000 ---p 00000000 00:00 0 
7f8ff3eff000-7f8ff4021000 rw-p 00000000 00:00 0 
7f8ff4021000-7f8ff8000000 ---p 00000000 00:00 0 
7f8ff8000000-7f8ff8021000 rw-p 00000000 00:00 0 
7f8ff8021000-7f8ffc000000 ---p 00000000 00:00 0 
7f8ffc000000-7f8ffc021000 rw-p 00000000 00:00 0 
7f8ffc021000-7f9000000000 ---p 00000000 00:00 0 
7f9000000000-7f9000021000 rw-p 00000000 00:00 0 
7f9000021000-7f9004000000 ---p 00000000 00:00 0 
7f9004000000-7f900427e000 rw-p 00000000 00:00 0 
7f900427e000-7f9008000000 ---p 00000000 00:00 0 
7f9008000000-7f9008021000 rw-p 00000000 00:00 0 
7f9008021000-7f900c000000 ---p 00000000 00:00 0 
7f900c000000-7f900c083000 rw-p 00000000 00:00 0 
7f900c083000-7f9010000000 ---p 00000000 00:00 0 
7f9010000000-7f90100ee000 rw-p 00000000 00:00 0 
7f90100ee000-7f9014000000 ---p 00000000 00:00 0 
7f9014000000-7f90140fa000 rw-p 00000000 00:00 0 
7f90140fa000-7f9018000000 ---p 00000000 00:00 0 
7f9018000000-7f9018349000 rw-p 00000000 00:00 0 
7f9018349000-7f901c000000 ---p 00000000 00:00 0 
7f901c000000-7f901c021000 rw-p 00000000 00:00 0 
7f901c021000-7f9020000000 ---p 00000000 00:00 0 
7f9020000000-7f9020021000 rw-p 00000000 00:00 0 
7f9020021000-7f9024000000 ---p 00000000 00:00 0 
7f9024000000-7f9024021000 rw-p 00000000 00:00 0 
7f9024021000-7f9028000000 ---p 00000000 00:00 0 
7f9028000000-7f9028021000 rw-p 00000000 00:00 0 
7f9028021000-7f902c000000 ---p 00000000 00:00 0 
7f902c000000-7f902c2e1000 rw-p 00000000 00:00 0 
7f902c2e1000-7f9030000000 ---p 00000000 00:00 0 
7f9030000000-7f9030021000 rw-p 00000000 00:00 0 
7f9030021000-7f9034000000 ---p 00000000 00:00 0 
7f9034000000-7f9034021000 rw-p 00000000 00:00 0 
7f9034021000-7f9038000000 ---p 00000000 00:00 0 
7f9038000000-7f9038021000 rw-p 00000000 00:00 0 
7f9038021000-7f903c000000 ---p 00000000 00:00 0 
7f903c000000-7f903c021000 rw-p 00000000 00:00 0 
7f903c021000-7f9040000000 ---p 00000000 00:00 0 
7f9040000000-7f90402e6000 rw-p 00000000 00:00 0 
7f90402e6000-7f9044000000 ---p 00000000 00:00 0 
7f9044000000-7f9044021000 rw-p 00000000 00:00 0 
7f9044021000-7f9048000000 ---p 00000000 00:00 0 
7f9048000000-7f9048021000 rw-p 00000000 00:00 0 
7f9048021000-7f904c000000 ---p 00000000 00:00 0 
7f904c000000-7f904c021000 rw-p 00000000 00:00 0 
7f904c021000-7f9050000000 ---p 00000000 00:00 0 
7f9050000000-7f9050021000 rw-p 00000000 00:00 0 
7f9050021000-7f9054000000 ---p 00000000 00:00 0 
7f9054000000-7f9054021000 rw-p 00000000 00:00 0 
7f9054021000-7f9058000000 ---p 00000000 00:00 0 
7f9058000000-7f9058064000 rw-p 00000000 00:00 0 
7f9058064000-7f905c000000 ---p 00000000 00:00 0 
7f905c000000-7f905c021000 rw-p 00000000 00:00 0 
7f905c021000-7f9060000000 ---p 00000000 00:00 0 
7f90600a8000-7f90600ac000 ---p 00000000 00:00 0 
7f90600ac000-7f90600f2000 rw-p 00000000 00:00 0 
7f90600f2000-7f90600f3000 ---p 00000000 00:00 0 
7f90600f3000-7f90601f4000 rw-p 00000000 00:00 0 
7f90601f4000-7f90601f5000 ---p 00000000 00:00 0 
7f90601f5000-7f90602f6000 rw-p 00000000 00:00 0 
7f90602f6000-7f90602f7000 ---p 00000000 00:00 0 
7f90602f7000-7f90603f8000 rw-p 00000000 00:00 0 
7f90603f8000-7f90603f9000 ---p 00000000 00:00 0 
7f90603f9000-7f90604fa000 rw-p 00000000 00:00 0 
7f90604fa000-7f90604fb000 ---p 00000000 00:00 0 
7f90604fb000-7f90605fc000 rw-p 00000000 00:00 0 
7f90605fc000-7f90605fd000 ---p 00000000 00:00 0 
7f90605fd000-7f90606fe000 rw-p 00000000 00:00 0 
7f90606fe000-7f9060702000 ---p 00000000 00:00 0 
7f9060702000-7f90607fe000 rw-p 00000000 00:00 0 
7f90607fe000-7f9060802000 ---p 00000000 00:00 0 
7f9060802000-7f90608fe000 rw-p 00000000 00:00 0 
7f90608fe000-7f9060902000 ---p 00000000 00:00 0 
7f9060902000-7f90609fe000 rw-p 00000000 00:00 0 
7f90609fe000-7f9060a02000 ---p 00000000 00:00 0 
7f9060a02000-7f9060afe000 rw-p 00000000 00:00 0 
7f9060afe000-7f9060b02000 ---p 00000000 00:00 0 
7f9060b02000-7f9060bfe000 rw-p 00000000 00:00 0 
7f9060bfe000-7f9060bff000 ---p 00000000 00:00 0 
7f9060bff000-7f9060d00000 rw-p 00000000 00:00 0 
7f9060d00000-7f9060d04000 ---p 00000000 00:00 0 
7f9060d04000-7f9060e00000 rw-p 00000000 00:00 0 
7f9060e00000-7f9060e04000 ---p 00000000 00:00 0 
7f9060e04000-7f9060f00000 rw-p 00000000 00:00 0 
7f9060f00000-7f9060f04000 ---p 00000000 00:00 0 
7f9060f04000-7f90610f0000 rw-p 00000000 00:00 0 
7f90610f0000-7f9061110000 rw-p 00000000 00:00 0 
7f9061110000-7f9061130000 rw-p 00000000 00:00 0 
7f9061130000-7f9061170000 rw-p 00000000 00:00 0 
7f9061170000-7f90612f0000 rw-p 00000000 00:00 0 
7f90612f0000-7f9061390000 rw-p 00000000 00:00 0 
7f9061390000-7f90613b0000 rw-p 00000000 00:00 0 
7f90613b0000-7f90614f0000 rw-p 00000000 00:00 0 
7f90614f0000-7f90616f0000 rw-p 00000000 00:00 0 
7f90616f0000-7f9061800000 rw-p 00000000 00:00 0 
7f906181d000-7f9061820000 r--p 00000000 08:12 8674323                    /usr/lib/libnss_resolve.so.2
7f9061820000-7f9061838000 r-xp 00003000 08:12 8674323                    /usr/lib/libnss_resolve.so.2
7f9061838000-7f9061840000 r--p 0001b000 08:12 8674323                    /usr/lib/libnss_resolve.so.2
7f9061840000-7f9061841000 r--p 00022000 08:12 8674323                    /usr/lib/libnss_resolve.so.2
7f9061841000-7f9061842000 rw-p 00023000 08:12 8674323                    /usr/lib/libnss_resolve.so.2
7f9061842000-7f9061845000 r--p 00000000 08:12 8654909                    /usr/lib/libgcc_s.so.1
7f9061845000-7f906185c000 r-xp 00003000 08:12 8654909                    /usr/lib/libgcc_s.so.1
7f906185c000-7f9061860000 r--p 0001a000 08:12 8654909                    /usr/lib/libgcc_s.so.1
7f9061860000-7f9061861000 r--p 0001d000 08:12 8654909                    /usr/lib/libgcc_s.so.1
7f9061861000-7f9061862000 rw-p 0001e000 08:12 8654909                    /usr/lib/libgcc_s.so.1
7f9061862000-7f9061869000 r--p 00000000 08:12 8674320                    /usr/lib/libnss_mymachines.so.2
7f9061869000-7f906189f000 r-xp 00007000 08:12 8674320                    /usr/lib/libnss_mymachines.so.2
7f906189f000-7f90618b2000 r--p 0003d000 08:12 8674320                    /usr/lib/libnss_mymachines.so.2
7f90618b2000-7f90618b5000 r--p 00050000 08:12 8674320                    /usr/lib/libnss_mymachines.so.2
7f90618b5000-7f90618b6000 rw-p 00053000 08:12 8674320                    /usr/lib/libnss_mymachines.so.2
7f90618b6000-7f90618b7000 rw-p 00000000 00:00 0 
7f90618cf000-7f9061900000 rw-p 00000000 00:00 0 
7f9061900000-7f9061904000 ---p 00000000 00:00 0 
7f9061904000-7f9061a00000 rw-p 00000000 00:00 0 
7f9061a00000-7f9061a04000 ---p 00000000 00:00 0 
7f9061a04000-7f9061b00000 rw-p 00000000 00:00 0 
7f9061b00000-7f9061b04000 ---p 00000000 00:00 0 
7f9061b04000-7f9061c00000 rw-p 00000000 00:00 0 
7f9061c00000-7f9061eea000 r--p 00000000 08:12 8684087                    /usr/lib/locale/locale-archive
7f9061ef0000-7f9061ef4000 r--p 00000000 08:12 5273763                    /home/axel/Programas/Spring Tools/sts-4.17.2.RELEASE/plugins/org.eclipse.justj.openjdk.hotspot.jre.full.linux.x86_64_17.0.6.v20230125-1136/jre/lib/libverify.so
7f9061ef4000-7f9061efb000 r-xp 00004000 08:12 5273763                    /home/axel/Programas/Spring Tools/sts-4.17.2.RELEASE/plugins/org.eclipse.justj.openjdk.hotspot.jre.full.linux.x86_64_17.0.6.v20230125-1136/jre/lib/libverify.so
7f9061efb000-7f9061efd000 r--p 0000b000 08:12 5273763                    /home/axel/Programas/Spring Tools/sts-4.17.2.RELEASE/plugins/org.eclipse.justj.openjdk.hotspot.jre.full.linux.x86_64_17.0.6.v20230125-1136/jre/lib/libverify.so
7f9061efd000-7f9061eff000 r--p 0000c000 08:12 5273763                    /home/axel/Programas/Spring Tools/sts-4.17.2.RELEASE/plugins/org.eclipse.justj.openjdk.hotspot.jre.full.linux.x86_64_17.0.6.v20230125-1136/jre/lib/libverify.so
7f9061eff000-7f9061f00000 rw-p 0000e000 08:12 5273763                    /home/axel/Programas/Spring Tools/sts-4.17.2.RELEASE/plugins/org.eclipse.justj.openjdk.hotspot.jre.full.linux.x86_64_17.0.6.v20230125-1136/jre/lib/libverify.so
7f9061f00000-7f9061f04000 ---p 00000000 00:00 0 
7f9061f04000-7f9064021000 rw-p 00000000 00:00 0 
7f9064021000-7f9068000000 ---p 00000000 00:00 0 
7f9068000000-7f9068021000 rw-p 00000000 00:00 0 
7f9068021000-7f906c000000 ---p 00000000 00:00 0 
7f906c000000-7f906c021000 rw-p 00000000 00:00 0 
7f906c021000-7f9070000000 ---p 00000000 00:00 0 
7f9070000000-7f9070004000 ---p 00000000 00:00 0 
7f9070004000-7f9070100000 rw-p 00000000 00:00 0 
7f9070100000-7f9070104000 ---p 00000000 00:00 0 
7f9070104000-7f9070200000 rw-p 00000000 00:00 0 
7f9070200000-7f9070204000 ---p 00000000 00:00 0 
7f9070204000-7f9070300000 rw-p 00000000 00:00 0 
7f9070300000-7f9070304000 ---p 00000000 00:00 0 
7f9070304000-7f90708f0000 rw-p 00000000 00:00 0 
7f90708f0000-7f9070910000 rw-p 00000000 00:00 0 
7f9070910000-7f9070930000 rw-p 00000000 00:00 0 
7f9070930000-7f9070970000 rw-p 00000000 00:00 0 
7f9070970000-7f9070af0000 rw-p 00000000 00:00 0 
7f9070af0000-7f9070b10000 rw-p 00000000 00:00 0 
7f9070b10000-7f9070b30000 rw-p 00000000 00:00 0 
7f9070b30000-7f9070b70000 rw-p 00000000 00:00 0 
7f9070b70000-7f9070c00000 rw-p 00000000 00:00 0 
7f9070c0a000-7f9070c0d000 r--p 00000000 08:12 8665316                    /usr/lib/libcap.so.2.67
7f9070c0d000-7f9070c12000 r-xp 00003000 08:12 8665316                    /usr/lib/libcap.so.2.67
7f9070c12000-7f9070c14000 r--p 00008000 08:12 8665316                    /usr/lib/libcap.so.2.67
7f9070c14000-7f9070c15000 r--p 00009000 08:12 8665316                    /usr/lib/libcap.so.2.67
7f9070c15000-7f9070c16000 rw-p 0000a000 08:12 8665316                    /usr/lib/libcap.so.2.67
7f9070c16000-7f9070c1a000 r--p 00000000 08:12 5273795                    /home/axel/Programas/Spring Tools/sts-4.17.2.RELEASE/plugins/org.eclipse.justj.openjdk.hotspot.jre.full.linux.x86_64_17.0.6.v20230125-1136/jre/lib/libnet.so
7f9070c1a000-7f9070c28000 r-xp 00004000 08:12 5273795                    /home/axel/Programas/Spring Tools/sts-4.17.2.RELEASE/plugins/org.eclipse.justj.openjdk.hotspot.jre.full.linux.x86_64_17.0.6.v20230125-1136/jre/lib/libnet.so
7f9070c28000-7f9070c2c000 r--p 00012000 08:12 5273795                    /home/axel/Programas/Spring Tools/sts-4.17.2.RELEASE/plugins/org.eclipse.justj.openjdk.hotspot.jre.full.linux.x86_64_17.0.6.v20230125-1136/jre/lib/libnet.so
7f9070c2c000-7f9070c2d000 r--p 00015000 08:12 5273795                    /home/axel/Programas/Spring Tools/sts-4.17.2.RELEASE/plugins/org.eclipse.justj.openjdk.hotspot.jre.full.linux.x86_64_17.0.6.v20230125-1136/jre/lib/libnet.so
7f9070c2d000-7f9070c2e000 rw-p 00016000 08:12 5273795                    /home/axel/Programas/Spring Tools/sts-4.17.2.RELEASE/plugins/org.eclipse.justj.openjdk.hotspot.jre.full.linux.x86_64_17.0.6.v20230125-1136/jre/lib/libnet.so
7f9070c2e000-7f9070c32000 ---p 00000000 00:00 0 
7f9070c32000-7f9070d2e000 rw-p 00000000 00:00 0 
7f9070d2e000-7f9070d32000 ---p 00000000 00:00 0 
7f9070d32000-7f9070e2e000 rw-p 00000000 00:00 0 
7f9070e2e000-7f9070e2f000 ---p 00000000 00:00 0 
7f9070e2f000-7f9070fb1000 rw-p 00000000 00:00 0 
7f9070fb1000-7f9070fb2000 ---p 00000000 00:00 0 
7f9070fb2000-7f90710b3000 rw-p 00000000 00:00 0 
7f90710b3000-7f90710b4000 ---p 00000000 00:00 0 
7f90710b4000-7f9071e20000 rw-p 00000000 00:00 0 
7f9071e20000-7f9075a60000 ---p 00000000 00:00 0 
7f9075a60000-7f9075bc0000 rw-p 00000000 00:00 0 
7f9075bc0000-7f9079800000 ---p 00000000 00:00 0 
7f9079800000-7f907a6f0000 rwxp 00000000 00:00 0 
7f907a6f0000-7f907c800000 ---p 00000000 00:00 0 
7f907c800000-7f907fe62000 r--s 00000000 08:12 5273812                    /home/axel/Programas/Spring Tools/sts-4.17.2.RELEASE/plugins/org.eclipse.justj.openjdk.hotspot.jre.full.linux.x86_64_17.0.6.v20230125-1136/jre/lib/modules
7f907fe63000-7f908084b000 rw-p 00000000 00:00 0 
7f908084b000-7f9084000000 ---p 00000000 00:00 0 
7f9084003000-7f9084005000 r--p 00000000 08:12 5273778                    /home/axel/Programas/Spring Tools/sts-4.17.2.RELEASE/plugins/org.eclipse.justj.openjdk.hotspot.jre.full.linux.x86_64_17.0.6.v20230125-1136/jre/lib/libmanagement_ext.so
7f9084005000-7f9084008000 r-xp 00002000 08:12 5273778                    /home/axel/Programas/Spring Tools/sts-4.17.2.RELEASE/plugins/org.eclipse.justj.openjdk.hotspot.jre.full.linux.x86_64_17.0.6.v20230125-1136/jre/lib/libmanagement_ext.so
7f9084008000-7f9084009000 r--p 00005000 08:12 5273778                    /home/axel/Programas/Spring Tools/sts-4.17.2.RELEASE/plugins/org.eclipse.justj.openjdk.hotspot.jre.full.linux.x86_64_17.0.6.v20230125-1136/jre/lib/libmanagement_ext.so
7f9084009000-7f908400a000 ---p 00006000 08:12 5273778                    /home/axel/Programas/Spring Tools/sts-4.17.2.RELEASE/plugins/org.eclipse.justj.openjdk.hotspot.jre.full.linux.x86_64_17.0.6.v20230125-1136/jre/lib/libmanagement_ext.so
7f908400a000-7f908400b000 r--p 00006000 08:12 5273778                    /home/axel/Programas/Spring Tools/sts-4.17.2.RELEASE/plugins/org.eclipse.justj.openjdk.hotspot.jre.full.linux.x86_64_17.0.6.v20230125-1136/jre/lib/libmanagement_ext.so
7f908400b000-7f908400c000 rw-p 00007000 08:12 5273778                    /home/axel/Programas/Spring Tools/sts-4.17.2.RELEASE/plugins/org.eclipse.justj.openjdk.hotspot.jre.full.linux.x86_64_17.0.6.v20230125-1136/jre/lib/libmanagement_ext.so
7f908400c000-7f908400f000 r--p 00000000 08:12 5273813                    /home/axel/Programas/Spring Tools/sts-4.17.2.RELEASE/plugins/org.eclipse.justj.openjdk.hotspot.jre.full.linux.x86_64_17.0.6.v20230125-1136/jre/lib/libmanagement.so
7f908400f000-7f9084010000 r-xp 00003000 08:12 5273813                    /home/axel/Programas/Spring Tools/sts-4.17.2.RELEASE/plugins/org.eclipse.justj.openjdk.hotspot.jre.full.linux.x86_64_17.0.6.v20230125-1136/jre/lib/libmanagement.so
7f9084010000-7f9084011000 r--p 00004000 08:12 5273813                    /home/axel/Programas/Spring Tools/sts-4.17.2.RELEASE/plugins/org.eclipse.justj.openjdk.hotspot.jre.full.linux.x86_64_17.0.6.v20230125-1136/jre/lib/libmanagement.so
7f9084011000-7f9084012000 r--p 00004000 08:12 5273813                    /home/axel/Programas/Spring Tools/sts-4.17.2.RELEASE/plugins/org.eclipse.justj.openjdk.hotspot.jre.full.linux.x86_64_17.0.6.v20230125-1136/jre/lib/libmanagement.so
7f9084012000-7f9084013000 rw-p 00005000 08:12 5273813                    /home/axel/Programas/Spring Tools/sts-4.17.2.RELEASE/plugins/org.eclipse.justj.openjdk.hotspot.jre.full.linux.x86_64_17.0.6.v20230125-1136/jre/lib/libmanagement.so
7f9084013000-7f9084114000 rw-p 00000000 00:00 0 
7f9084114000-7f9084115000 ---p 00000000 00:00 0 
7f9084115000-7f9084216000 rw-p 00000000 00:00 0 
7f9084216000-7f9084217000 ---p 00000000 00:00 0 
7f9084217000-7f9084318000 rw-p 00000000 00:00 0 
7f9084318000-7f9084319000 ---p 00000000 00:00 0 
7f9084319000-7f9084503000 rw-p 00000000 00:00 0 
7f9084503000-7f9084c8b000 ---p 00000000 00:00 0 
7f9084c8b000-7f9084cb7000 rw-p 00000000 00:00 0 
7f9084cb7000-7f908543f000 ---p 00000000 00:00 0 
7f908543f000-7f908546b000 rw-p 00000000 00:00 0 
7f908546b000-7f9085bf3000 ---p 00000000 00:00 0 
7f9085bf3000-7f9086900000 rw-p 00000000 00:00 0 
7f9086900000-7f9086904000 ---p 00000000 00:00 0 
7f9086904000-7f9086a00000 rw-p 00000000 00:00 0 
7f9086a00000-7f9086c52000 r--p 00000000 08:12 5273782                    /home/axel/Programas/Spring Tools/sts-4.17.2.RELEASE/plugins/org.eclipse.justj.openjdk.hotspot.jre.full.linux.x86_64_17.0.6.v20230125-1136/jre/lib/server/libjvm.so
7f9086c52000-7f908796f000 r-xp 00252000 08:12 5273782                    /home/axel/Programas/Spring Tools/sts-4.17.2.RELEASE/plugins/org.eclipse.justj.openjdk.hotspot.jre.full.linux.x86_64_17.0.6.v20230125-1136/jre/lib/server/libjvm.so
7f908796f000-7f9087bfb000 r--p 00f6f000 08:12 5273782                    /home/axel/Programas/Spring Tools/sts-4.17.2.RELEASE/plugins/org.eclipse.justj.openjdk.hotspot.jre.full.linux.x86_64_17.0.6.v20230125-1136/jre/lib/server/libjvm.so
7f9087bfb000-7f9087cb4000 r--p 011fa000 08:12 5273782                    /home/axel/Programas/Spring Tools/sts-4.17.2.RELEASE/plugins/org.eclipse.justj.openjdk.hotspot.jre.full.linux.x86_64_17.0.6.v20230125-1136/jre/lib/server/libjvm.so
7f9087cb4000-7f9087ce9000 rw-p 012b3000 08:12 5273782                    /home/axel/Programas/Spring Tools/sts-4.17.2.RELEASE/plugins/org.eclipse.justj.openjdk.hotspot.jre.full.linux.x86_64_17.0.6.v20230125-1136/jre/lib/server/libjvm.so
7f9087ce9000-7f9087d43000 rw-p 00000000 00:00 0 
7f9087d44000-7f9087d45000 r--p 00000000 08:12 5273797                    /home/axel/Programas/Spring Tools/sts-4.17.2.RELEASE/plugins/org.eclipse.justj.openjdk.hotspot.jre.full.linux.x86_64_17.0.6.v20230125-1136/jre/lib/libextnet.so
7f9087d45000-7f9087d46000 r-xp 00001000 08:12 5273797                    /home/axel/Programas/Spring Tools/sts-4.17.2.RELEASE/plugins/org.eclipse.justj.openjdk.hotspot.jre.full.linux.x86_64_17.0.6.v20230125-1136/jre/lib/libextnet.so
7f9087d46000-7f9087d47000 r--p 00002000 08:12 5273797                    /home/axel/Programas/Spring Tools/sts-4.17.2.RELEASE/plugins/org.eclipse.justj.openjdk.hotspot.jre.full.linux.x86_64_17.0.6.v20230125-1136/jre/lib/libextnet.so
7f9087d47000-7f9087d48000 r--p 00002000 08:12 5273797                    /home/axel/Programas/Spring Tools/sts-4.17.2.RELEASE/plugins/org.eclipse.justj.openjdk.hotspot.jre.full.linux.x86_64_17.0.6.v20230125-1136/jre/lib/libextnet.so
7f9087d48000-7f9087d49000 rw-p 00003000 08:12 5273797                    /home/axel/Programas/Spring Tools/sts-4.17.2.RELEASE/plugins/org.eclipse.justj.openjdk.hotspot.jre.full.linux.x86_64_17.0.6.v20230125-1136/jre/lib/libextnet.so
7f9087d49000-7f9087d50000 r--p 00000000 08:12 5273804                    /home/axel/Programas/Spring Tools/sts-4.17.2.RELEASE/plugins/org.eclipse.justj.openjdk.hotspot.jre.full.linux.x86_64_17.0.6.v20230125-1136/jre/lib/libnio.so
7f9087d50000-7f9087d59000 r-xp 00007000 08:12 5273804                    /home/axel/Programas/Spring Tools/sts-4.17.2.RELEASE/plugins/org.eclipse.justj.openjdk.hotspot.jre.full.linux.x86_64_17.0.6.v20230125-1136/jre/lib/libnio.so
7f9087d59000-7f9087d5d000 r--p 00010000 08:12 5273804                    /home/axel/Programas/Spring Tools/sts-4.17.2.RELEASE/plugins/org.eclipse.justj.openjdk.hotspot.jre.full.linux.x86_64_17.0.6.v20230125-1136/jre/lib/libnio.so
7f9087d5d000-7f9087d5e000 ---p 00014000 08:12 5273804                    /home/axel/Programas/Spring Tools/sts-4.17.2.RELEASE/plugins/org.eclipse.justj.openjdk.hotspot.jre.full.linux.x86_64_17.0.6.v20230125-1136/jre/lib/libnio.so
7f9087d5e000-7f9087d5f000 r--p 00014000 08:12 5273804                    /home/axel/Programas/Spring Tools/sts-4.17.2.RELEASE/plugins/org.eclipse.justj.openjdk.hotspot.jre.full.linux.x86_64_17.0.6.v20230125-1136/jre/lib/libnio.so
7f9087d5f000-7f9087d60000 rw-p 00015000 08:12 5273804                    /home/axel/Programas/Spring Tools/sts-4.17.2.RELEASE/plugins/org.eclipse.justj.openjdk.hotspot.jre.full.linux.x86_64_17.0.6.v20230125-1136/jre/lib/libnio.so
7f9087d60000-7f9087d7e000 rw-p 00000000 00:00 0 
7f9087d7e000-7f9087dc0000 ---p 00000000 00:00 0 
7f9087dc0000-7f9087dcd000 r--p 00000000 08:12 5273807                    /home/axel/Programas/Spring Tools/sts-4.17.2.RELEASE/plugins/org.eclipse.justj.openjdk.hotspot.jre.full.linux.x86_64_17.0.6.v20230125-1136/jre/lib/libjava.so
7f9087dcd000-7f9087ddf000 r-xp 0000d000 08:12 5273807                    /home/axel/Programas/Spring Tools/sts-4.17.2.RELEASE/plugins/org.eclipse.justj.openjdk.hotspot.jre.full.linux.x86_64_17.0.6.v20230125-1136/jre/lib/libjava.so
7f9087ddf000-7f9087de5000 r--p 0001f000 08:12 5273807                    /home/axel/Programas/Spring Tools/sts-4.17.2.RELEASE/plugins/org.eclipse.justj.openjdk.hotspot.jre.full.linux.x86_64_17.0.6.v20230125-1136/jre/lib/libjava.so
7f9087de5000-7f9087de6000 ---p 00025000 08:12 5273807                    /home/axel/Programas/Spring Tools/sts-4.17.2.RELEASE/plugins/org.eclipse.justj.openjdk.hotspot.jre.full.linux.x86_64_17.0.6.v20230125-1136/jre/lib/libjava.so
7f9087de6000-7f9087de7000 r--p 00025000 08:12 5273807                    /home/axel/Programas/Spring Tools/sts-4.17.2.RELEASE/plugins/org.eclipse.justj.openjdk.hotspot.jre.full.linux.x86_64_17.0.6.v20230125-1136/jre/lib/libjava.so
7f9087de7000-7f9087de8000 rw-p 00026000 08:12 5273807                    /home/axel/Programas/Spring Tools/sts-4.17.2.RELEASE/plugins/org.eclipse.justj.openjdk.hotspot.jre.full.linux.x86_64_17.0.6.v20230125-1136/jre/lib/libjava.so
7f9087de8000-7f9087de9000 rw-p 00000000 00:00 0 
7f9087de9000-7f9087ded000 r--p 00000000 08:12 5273794                    /home/axel/Programas/Spring Tools/sts-4.17.2.RELEASE/plugins/org.eclipse.justj.openjdk.hotspot.jre.full.linux.x86_64_17.0.6.v20230125-1136/jre/lib/libjimage.so
7f9087ded000-7f9087e00000 r-xp 00004000 08:12 5273794                    /home/axel/Programas/Spring Tools/sts-4.17.2.RELEASE/plugins/org.eclipse.justj.openjdk.hotspot.jre.full.linux.x86_64_17.0.6.v20230125-1136/jre/lib/libjimage.so
7f9087e00000-7f9087e06000 r--p 00017000 08:12 5273794                    /home/axel/Programas/Spring Tools/sts-4.17.2.RELEASE/plugins/org.eclipse.justj.openjdk.hotspot.jre.full.linux.x86_64_17.0.6.v20230125-1136/jre/lib/libjimage.so
7f9087e06000-7f9087e08000 r--p 0001c000 08:12 5273794                    /home/axel/Programas/Spring Tools/sts-4.17.2.RELEASE/plugins/org.eclipse.justj.openjdk.hotspot.jre.full.linux.x86_64_17.0.6.v20230125-1136/jre/lib/libjimage.so
7f9087e08000-7f9087e09000 rw-p 0001e000 08:12 5273794                    /home/axel/Programas/Spring Tools/sts-4.17.2.RELEASE/plugins/org.eclipse.justj.openjdk.hotspot.jre.full.linux.x86_64_17.0.6.v20230125-1136/jre/lib/libjimage.so
7f9087e09000-7f9087e17000 r--p 00000000 08:12 8654124                    /usr/lib/libm.so.6
7f9087e17000-7f9087e91000 r-xp 0000e000 08:12 8654124                    /usr/lib/libm.so.6
7f9087e91000-7f9087eef000 r--p 00088000 08:12 8654124                    /usr/lib/libm.so.6
7f9087eef000-7f9087ef0000 r--p 000e5000 08:12 8654124                    /usr/lib/libm.so.6
7f9087ef0000-7f9087ef1000 rw-p 000e6000 08:12 8654124                    /usr/lib/libm.so.6
7f9087ef1000-7f9087ef2000 r--p 00000000 08:12 8654146                    /usr/lib/librt.so.1
7f9087ef2000-7f9087ef3000 r-xp 00001000 08:12 8654146                    /usr/lib/librt.so.1
7f9087ef3000-7f9087ef4000 r--p 00002000 08:12 8654146                    /usr/lib/librt.so.1
7f9087ef4000-7f9087ef5000 r--p 00002000 08:12 8654146                    /usr/lib/librt.so.1
7f9087ef5000-7f9087ef6000 rw-p 00003000 08:12 8654146                    /usr/lib/librt.so.1
7f9087ef6000-7f9087efa000 rw-p 00000000 00:00 0 
7f9087efa000-7f9087f1c000 r--p 00000000 08:12 8654114                    /usr/lib/libc.so.6
7f9087f1c000-7f9088076000 r-xp 00022000 08:12 8654114                    /usr/lib/libc.so.6
7f9088076000-7f90880ce000 r--p 0017c000 08:12 8654114                    /usr/lib/libc.so.6
7f90880ce000-7f90880d2000 r--p 001d4000 08:12 8654114                    /usr/lib/libc.so.6
7f90880d2000-7f90880d4000 rw-p 001d8000 08:12 8654114                    /usr/lib/libc.so.6
7f90880d4000-7f90880e1000 rw-p 00000000 00:00 0 
7f90880e1000-7f90880e2000 r--p 00000000 08:12 8654119                    /usr/lib/libdl.so.2
7f90880e2000-7f90880e3000 r-xp 00001000 08:12 8654119                    /usr/lib/libdl.so.2
7f90880e3000-7f90880e4000 r--p 00002000 08:12 8654119                    /usr/lib/libdl.so.2
7f90880e4000-7f90880e5000 r--p 00002000 08:12 8654119                    /usr/lib/libdl.so.2
7f90880e5000-7f90880e6000 rw-p 00003000 08:12 8654119                    /usr/lib/libdl.so.2
7f90880e6000-7f90880e7000 r--p 00000000 08:12 8654141                    /usr/lib/libpthread.so.0
7f90880e7000-7f90880e8000 r-xp 00001000 08:12 8654141                    /usr/lib/libpthread.so.0
7f90880e8000-7f90880e9000 r--p 00002000 08:12 8654141                    /usr/lib/libpthread.so.0
7f90880e9000-7f90880ea000 r--p 00002000 08:12 8654141                    /usr/lib/libpthread.so.0
7f90880ea000-7f90880eb000 rw-p 00003000 08:12 8654141                    /usr/lib/libpthread.so.0
7f90880eb000-7f90880ee000 r--p 00000000 08:12 5273811                    /home/axel/Programas/Spring Tools/sts-4.17.2.RELEASE/plugins/org.eclipse.justj.openjdk.hotspot.jre.full.linux.x86_64_17.0.6.v20230125-1136/jre/lib/libjli.so
7f90880ee000-7f90880f8000 r-xp 00003000 08:12 5273811                    /home/axel/Programas/Spring Tools/sts-4.17.2.RELEASE/plugins/org.eclipse.justj.openjdk.hotspot.jre.full.linux.x86_64_17.0.6.v20230125-1136/jre/lib/libjli.so
7f90880f8000-7f90880fb000 r--p 0000d000 08:12 5273811                    /home/axel/Programas/Spring Tools/sts-4.17.2.RELEASE/plugins/org.eclipse.justj.openjdk.hotspot.jre.full.linux.x86_64_17.0.6.v20230125-1136/jre/lib/libjli.so
7f90880fb000-7f90880fc000 ---p 00010000 08:12 5273811                    /home/axel/Programas/Spring Tools/sts-4.17.2.RELEASE/plugins/org.eclipse.justj.openjdk.hotspot.jre.full.linux.x86_64_17.0.6.v20230125-1136/jre/lib/libjli.so
7f90880fc000-7f90880fd000 r--p 00010000 08:12 5273811                    /home/axel/Programas/Spring Tools/sts-4.17.2.RELEASE/plugins/org.eclipse.justj.openjdk.hotspot.jre.full.linux.x86_64_17.0.6.v20230125-1136/jre/lib/libjli.so
7f90880fd000-7f90880fe000 rw-p 00011000 08:12 5273811                    /home/axel/Programas/Spring Tools/sts-4.17.2.RELEASE/plugins/org.eclipse.justj.openjdk.hotspot.jre.full.linux.x86_64_17.0.6.v20230125-1136/jre/lib/libjli.so
7f90880fe000-7f9088101000 r--p 00000000 08:12 8665746                    /usr/lib/libz.so.1.2.13
7f9088101000-7f908810f000 r-xp 00003000 08:12 8665746                    /usr/lib/libz.so.1.2.13
7f908810f000-7f9088116000 r--p 00011000 08:12 8665746                    /usr/lib/libz.so.1.2.13
7f9088116000-7f9088117000 r--p 00017000 08:12 8665746                    /usr/lib/libz.so.1.2.13
7f9088117000-7f9088118000 rw-p 00018000 08:12 8665746                    /usr/lib/libz.so.1.2.13
7f908811b000-7f908811d000 r--p 00000000 08:12 5273785                    /home/axel/Programas/Spring Tools/sts-4.17.2.RELEASE/plugins/org.eclipse.justj.openjdk.hotspot.jre.full.linux.x86_64_17.0.6.v20230125-1136/jre/lib/libzip.so
7f908811d000-7f9088121000 r-xp 00002000 08:12 5273785                    /home/axel/Programas/Spring Tools/sts-4.17.2.RELEASE/plugins/org.eclipse.justj.openjdk.hotspot.jre.full.linux.x86_64_17.0.6.v20230125-1136/jre/lib/libzip.so
7f9088121000-7f9088123000 r--p 00006000 08:12 5273785                    /home/axel/Programas/Spring Tools/sts-4.17.2.RELEASE/plugins/org.eclipse.justj.openjdk.hotspot.jre.full.linux.x86_64_17.0.6.v20230125-1136/jre/lib/libzip.so
7f9088123000-7f9088124000 r--p 00007000 08:12 5273785                    /home/axel/Programas/Spring Tools/sts-4.17.2.RELEASE/plugins/org.eclipse.justj.openjdk.hotspot.jre.full.linux.x86_64_17.0.6.v20230125-1136/jre/lib/libzip.so
7f9088124000-7f9088125000 rw-p 00008000 08:12 5273785                    /home/axel/Programas/Spring Tools/sts-4.17.2.RELEASE/plugins/org.eclipse.justj.openjdk.hotspot.jre.full.linux.x86_64_17.0.6.v20230125-1136/jre/lib/libzip.so
7f9088125000-7f908812d000 rw-s 00000000 00:24 470                        /tmp/hsperfdata_axel/6837
7f908812d000-7f908812e000 ---p 00000000 00:00 0 
7f908812e000-7f908812f000 r--p 00000000 00:00 0 
7f908812f000-7f9088130000 ---p 00000000 00:00 0 
7f9088130000-7f9088132000 rw-p 00000000 00:00 0 
7f9088132000-7f9088133000 r--p 00000000 08:12 8654105                    /usr/lib/ld-linux-x86-64.so.2
7f9088133000-7f9088159000 r-xp 00001000 08:12 8654105                    /usr/lib/ld-linux-x86-64.so.2
7f9088159000-7f9088163000 r--p 00027000 08:12 8654105                    /usr/lib/ld-linux-x86-64.so.2
7f9088163000-7f9088165000 r--p 00031000 08:12 8654105                    /usr/lib/ld-linux-x86-64.so.2
7f9088165000-7f9088167000 rw-p 00033000 08:12 8654105                    /usr/lib/ld-linux-x86-64.so.2
7ffe75788000-7ffe757ab000 rw-p 00000000 00:00 0                          [stack]
7ffe757b1000-7ffe757b5000 r--p 00000000 00:00 0                          [vvar]
7ffe757b5000-7ffe757b7000 r-xp 00000000 00:00 0                          [vdso]
ffffffffff600000-ffffffffff601000 --xp 00000000 00:00 0                  [vsyscall]


VM Arguments:
jvm_args: -Dcom.sun.management.jmxremote -Dcom.sun.management.jmxremote.port=38605 -Dcom.sun.management.jmxremote.authenticate=false -Dcom.sun.management.jmxremote.ssl=false -Djava.rmi.server.hostname=localhost -Dspring.jmx.enabled=true -Dmanagement.endpoints.jmx.exposure.include=* -Dspring.application.admin.enabled=true -Djava.security.egd=file:/dev/./urandom -XX:TieredStopAtLevel=1 -Dspring.boot.project.name=config-servicio -Dfile.encoding=UTF-8 -XX:+ShowCodeDetailsInExceptionMessages 
java_command: com.moto.servicio.ConfigServicioApplication --spring.output.ansi.enabled=always
java_class_path (initial): /home/axel/WorkSpaces/Spring/MicroServicios-Ejercicio/config-servicio/target/classes:/home/axel/.m2/repository/org/springframework/cloud/spring-cloud-config-server/3.0.4/spring-cloud-config-server-3.0.4.jar:/home/axel/.m2/repository/org/springframework/cloud/spring-cloud-config-client/3.0.4/spring-cloud-config-client-3.0.4.jar:/home/axel/.m2/repository/org/springframework/cloud/spring-cloud-commons/3.0.3/spring-cloud-commons-3.0.3.jar:/home/axel/.m2/repository/org/springframework/cloud/spring-cloud-context/3.0.3/spring-cloud-context-3.0.3.jar:/home/axel/.m2/repository/org/springframework/spring-web/5.3.9/spring-web-5.3.9.jar:/home/axel/.m2/repository/org/springframework/spring-beans/5.3.9/spring-beans-5.3.9.jar:/home/axel/.m2/repository/com/fasterxml/jackson/core/jackson-annotations/2.12.4/jackson-annotations-2.12.4.jar:/home/axel/.m2/repository/com/fasterxml/jackson/core/jackson-databind/2.12.4/jackson-databind-2.12.4.jar:/home/axel/.m2/repository/org/apache/httpcomponents/httpclient/4.5.13/httpclient-4.5.13.jar:/home/axel/.m2/repository/commons-codec/commons-codec/1.15/commons-codec-1.15.jar:/home/axel/.m2/repository/org/springframework/boot/spring-boot-starter-web/2.5.4/spring-boot-starter-web-2.5.4.jar:/home/axel/.m2/repository/org/springframework/boot/spring-boot-starter-json/2.5.4/spring-boot-starter-json-2.5.4.jar:/home/axel/.m2/repository/com/fasterxml/jackson/datatype/jackson-datatype-jdk8/2.12.4/jackson-datatype-jdk8-2.12.4.jar:/home/axel/.m2/repository/com/fasterxml/jackson/datatype/jackson-datatype-jsr310/2.12.4/jackson-datatype-jsr310-2.12.4.jar:/home/axel/.m2/repository/com/fasterxml/jackson/module/jackson-module-parameter-names/2.12.4/jackson-module-parameter-names-2.12.4.jar:/home/axel/.m2/repository/org/springframework/boot/spring-boot-starter-tomcat/2.5.4/spring-boot-starter-tomcat-2.5.4.jar:/home/axel/.m2/repository/org/apache/tomcat/embed/tomcat-embed-core/9.0.52/tomcat-embed-core-9.0.52.jar:/home/axel/.m2/repository/
Launcher Type: SUN_STANDARD

[Global flags]
     intx CICompilerCount                          = 12                                        {product} {ergonomic}
     uint ConcGCThreads                            = 3                                         {product} {ergonomic}
     uint G1ConcRefinementThreads                  = 13                                        {product} {ergonomic}
   size_t G1HeapRegionSize                         = 2097152                                   {product} {ergonomic}
    uintx GCDrainStackTargetSize                   = 64                                        {product} {ergonomic}
   size_t InitialHeapSize                          = 260046848                                 {product} {ergonomic}
     bool ManagementServer                         = true                                      {product} {command line}
   size_t MarkStackSize                            = 4194304                                   {product} {ergonomic}
   size_t MaxHeapSize                              = 4135583744                                {product} {ergonomic}
   size_t MaxNewSize                               = 2480930816                                {product} {ergonomic}
   size_t MinHeapDeltaBytes                        = 2097152                                   {product} {ergonomic}
   size_t MinHeapSize                              = 8388608                                   {product} {ergonomic}
    uintx NonProfiledCodeHeapSize                  = 0                                      {pd product} {ergonomic}
     bool ProfileInterpreter                       = false                                  {pd product} {command line}
    uintx ProfiledCodeHeapSize                     = 0                                      {pd product} {ergonomic}
     bool ShowCodeDetailsInExceptionMessages       = true                                   {manageable} {command line}
   size_t SoftMaxHeapSize                          = 4135583744                             {manageable} {ergonomic}
     intx TieredStopAtLevel                        = 1                                         {product} {command line}
     bool UseCompressedClassPointers               = true                           {product lp64_product} {ergonomic}
     bool UseCompressedOops                        = true                           {product lp64_product} {ergonomic}
     bool UseG1GC                                  = true                                      {product} {ergonomic}

Logging:
Log output configuration:
 #0: stdout all=warning uptime,level,tags
 #1: stderr all=off uptime,level,tags

Environment Variables:
PATH=/usr/local/sbin:/usr/local/bin:/usr/bin:/var/lib/flatpak/exports/bin:/usr/lib/jvm/default/bin:/usr/bin/site_perl:/usr/bin/vendor_perl:/usr/bin/core_perl
SHELL=/bin/bash
DISPLAY=:1
LANG=es_PE.UTF-8
LC_TIME=en_US.UTF-8

Signal Handlers:
   SIGSEGV: crash_handler in libjvm.so, mask=11100100010111111101111111111110, flags=SA_RESTART|SA_SIGINFO
    SIGBUS: crash_handler in libjvm.so, mask=11100100010111111101111111111110, flags=SA_RESTART|SA_SIGINFO
    SIGFPE: crash_handler in libjvm.so, mask=11100100010111111101111111111110, flags=SA_RESTART|SA_SIGINFO
   SIGPIPE: javaSignalHandler in libjvm.so, mask=11100100010111111101111111111110, flags=SA_RESTART|SA_SIGINFO
   SIGXFSZ: javaSignalHandler in libjvm.so, mask=11100100010111111101111111111110, flags=SA_RESTART|SA_SIGINFO
    SIGILL: crash_handler in libjvm.so, mask=11100100010111111101111111111110, flags=SA_RESTART|SA_SIGINFO
   SIGUSR2: SR_handler in libjvm.so, mask=00100000000000000000000000000000, flags=SA_RESTART|SA_SIGINFO
    SIGHUP: UserHandler in libjvm.so, mask=11100100010111111101111111111110, flags=SA_RESTART|SA_SIGINFO
    SIGINT: UserHandler in libjvm.so, mask=11100100010111111101111111111110, flags=SA_RESTART|SA_SIGINFO
   SIGTERM: UserHandler in libjvm.so, mask=11100100010111111101111111111110, flags=SA_RESTART|SA_SIGINFO
   SIGQUIT: UserHandler in libjvm.so, mask=11100100010111111101111111111110, flags=SA_RESTART|SA_SIGINFO
   SIGTRAP: crash_handler in libjvm.so, mask=11100100010111111101111111111110, flags=SA_RESTART|SA_SIGINFO


---------------  S Y S T E M  ---------------

OS:
NAME="Arch Linux"
PRETTY_NAME="Arch Linux"
ID=arch
BUILD_ID=rolling
ANSI_COLOR="38;2;23;147;209"
HOME_URL="https://archlinux.org/"
DOCUMENTATION_URL="https://wiki.archlinux.org/"
SUPPORT_URL="https://bbs.archlinux.org/"
BUG_REPORT_URL="https://bugs.archlinux.org/"
PRIVACY_POLICY_URL="https://terms.archlinux.org/docs/privacy-policy/"
LOGO=archlinux-logo
uname: Linux 6.2.6-arch1-1 #1 SMP PREEMPT_DYNAMIC Mon, 13 Mar 2023 17:02:08 +0000 x86_64
OS uptime: 0 days 1:18 hours
libc: glibc 2.37 NPTL 2.37 
rlimit (soft/hard): STACK 8192k/infinity , CORE infinity/infinity , NPROC 62989/62989 , NOFILE 524288/524288 , AS infinity/infinity , CPU infinity/infinity , DATA infinity/infinity , FSIZE infinity/infinity , MEMLOCK 8192k/8192k
load average: 2.44 1.61 1.36

/proc/meminfo:
MemTotal:       16148276 kB
MemFree:         6122416 kB
MemAvailable:    8946448 kB
Buffers:          146736 kB
Cached:          4163108 kB
SwapCached:            0 kB
Active:          6632652 kB
Inactive:        1844732 kB
Active(anon):    4944716 kB
Inactive(anon):   541976 kB
Active(file):    1687936 kB
Inactive(file):  1302756 kB
Unevictable:      941996 kB
Mlocked:             136 kB
SwapTotal:       4194300 kB
SwapFree:        4194300 kB
Zswap:                 0 kB
Zswapped:              0 kB
Dirty:               260 kB
Writeback:            16 kB
AnonPages:       5059048 kB
Mapped:           796836 kB
Shmem:           1319104 kB
KReclaimable:     176108 kB
Slab:             316924 kB
SReclaimable:     176108 kB
SUnreclaim:       140816 kB
KernelStack:       24240 kB
PageTables:        68136 kB
SecPageTables:         0 kB
NFS_Unstable:          0 kB
Bounce:                0 kB
WritebackTmp:          0 kB
CommitLimit:    12268436 kB
Committed_AS:   19193524 kB
VmallocTotal:   34359738367 kB
VmallocUsed:       68000 kB
VmallocChunk:          0 kB
Percpu:             9792 kB
HardwareCorrupted:     0 kB
AnonHugePages:    954368 kB
ShmemHugePages:   770048 kB
ShmemPmdMapped:        0 kB
FileHugePages:     90112 kB
FilePmdMapped:     86016 kB
CmaTotal:              0 kB
CmaFree:               0 kB
HugePages_Total:       0
HugePages_Free:        0
HugePages_Rsvd:        0
HugePages_Surp:        0
Hugepagesize:       2048 kB
Hugetlb:               0 kB
DirectMap4k:      210088 kB
DirectMap2M:     3751936 kB
DirectMap1G:    13631488 kB

/sys/kernel/mm/transparent_hugepage/enabled: [always] madvise never
/sys/kernel/mm/transparent_hugepage/defrag (defrag/compaction efforts parameter): always defer defer+madvise [madvise] never

Process Memory:
Virtual Size: 9612320K (peak: 9665376K)
Resident Set Size: 244624K (peak: 288616K) (anon: 209360K, file: 35264K, shmem: 0K)
Swapped out: 0K
C-Heap outstanding allocations: 59348K, retained: 18359K
glibc malloc tunables: (default)

/proc/sys/kernel/threads-max (system-wide limit on the number of threads): 125978
/proc/sys/vm/max_map_count (maximum number of memory map areas a process may have): 65530
/proc/sys/kernel/pid_max (system-wide limit on number of process identifiers): 4194304

container (cgroup) information:
container_type: cgroupv2
cpu_cpuset_cpus: not supported
cpu_memory_nodes: not supported
active_processor_count: 16
cpu_quota: not supported
cpu_period: not supported
cpu_shares: not supported
memory_limit_in_bytes: unlimited
memory_and_swap_limit_in_bytes: unlimited
memory_soft_limit_in_bytes: unlimited
memory_usage_in_bytes: 1105276 k
memory_max_usage_in_bytes: not supported
memory_swap_current_in_bytes: unlimited
memory_swap_max_limit_in_bytes: unlimited
maximum number of tasks: 18896
current number of tasks: 141

Steal ticks since vm start: 0
Steal ticks percentage since vm start:  0.000

CPU: total 16 (initial active 16) (8 cores per cpu, 2 threads per core) family 6 model 151 stepping 2 microcode 0x2c, cx8, cmov, fxsr, ht, mmx, 3dnowpref, sse, sse2, sse3, ssse3, sse4.1, sse4.2, popcnt, lzcnt, tsc, tscinvbit, avx, avx2, aes, erms, clmul, bmi1, bmi2, adx, sha, fma, vzeroupper, clflush, clflushopt, clwb
CPU Model and flags from /proc/cpuinfo:
model name	: 12th Gen Intel(R) Core(TM) i5-12600K
flags		: fpu vme de pse tsc msr pae mce cx8 apic sep mtrr pge mca cmov pat pse36 clflush dts acpi mmx fxsr sse sse2 ss ht tm pbe syscall nx pdpe1gb rdtscp lm constant_tsc art arch_perfmon pebs bts rep_good nopl xtopology nonstop_tsc cpuid aperfmperf tsc_known_freq pni pclmulqdq dtes64 monitor ds_cpl vmx smx est tm2 ssse3 sdbg fma cx16 xtpr pdcm pcid sse4_1 sse4_2 x2apic movbe popcnt tsc_deadline_timer aes xsave avx f16c rdrand lahf_lm abm 3dnowprefetch cpuid_fault epb cat_l2 invpcid_single cdp_l2 ssbd ibrs ibpb stibp ibrs_enhanced tpr_shadow vnmi flexpriority ept vpid ept_ad fsgsbase tsc_adjust bmi1 avx2 smep bmi2 erms invpcid rdt_a rdseed adx smap clflushopt clwb intel_pt sha_ni xsaveopt xsavec xgetbv1 xsaves split_lock_detect avx_vnni dtherm ida arat pln pts hwp hwp_notify hwp_act_window hwp_epp hwp_pkg_req hfi umip pku ospke waitpkg gfni vaes vpclmulqdq tme rdpid movdiri movdir64b fsrm md_clear serialize pconfig arch_lbr ibt flush_l1d arch_capabilities

Online cpus: 0-15
Offline cpus: 
BIOS frequency limitation: <Not Available>
Frequency switch latency (ns): 0
Available cpu frequencies: <Not Available>
Current governor: powersave
Core performance/turbo boost: <Not Available>

Memory: 4k page, physical 16148276k(6122416k free), swap 4194300k(4194300k free)
Page Sizes: 4k

vm_info: OpenJDK 64-Bit Server VM (17.0.6+10) for linux-amd64 JRE (17.0.6+10), built on Jan 17 2023 00:00:00 by "temurin" with gcc 10.3.0

END.
