#
# A fatal error has been detected by the Java Runtime Environment:
#
#  SIGILL (0x4) at pc=0x00007f834c765764 (sent by kill), pid=6930, tid=6930
#
# JRE version: OpenJDK Runtime Environment Temurin-17.0.6+10 (17.0.6+10) (build 17.0.6+10)
# Java VM: OpenJDK 64-Bit Server VM Temurin-17.0.6+10 (17.0.6+10, mixed mode, emulated-client, tiered, compressed oops, compressed class ptrs, g1 gc, linux-amd64)
# Problematic frame:
# C  [libc.so.6+0x82764]
#
# Core dump will be written. Default location: Core dumps may be processed with "/usr/lib/systemd/systemd-coredump %P %u %g %s %t %c %h" (or dumping to /home/axel/WorkSpaces/Spring/MicroServicios-Ejercicio/usuario-servicio/core.6930)
#
# If you would like to submit a bug report, please visit:
#   https://github.com/adoptium/adoptium-support/issues
#

---------------  S U M M A R Y ------------

Command Line: -Dcom.sun.management.jmxremote -Dcom.sun.management.jmxremote.port=39221 -Dcom.sun.management.jmxremote.authenticate=false -Dcom.sun.management.jmxremote.ssl=false -Djava.rmi.server.hostname=localhost -Dspring.jmx.enabled=true -Dmanagement.endpoints.jmx.exposure.include=* -Dspring.application.admin.enabled=true -Djava.security.egd=file:/dev/./urandom -XX:TieredStopAtLevel=1 -Dspring.boot.project.name=usuario-servicio -Dfile.encoding=UTF-8 -XX:+ShowCodeDetailsInExceptionMessages com.usuario.servicio.UsuarioServicioApplication --spring.output.ansi.enabled=always

Host: 12th Gen Intel(R) Core(TM) i5-12600K, 16 cores, 15G, Arch Linux
Time: Sat Mar 18 17:30:18 2023 -05 elapsed time: 2963.993572 seconds (0d 0h 49m 23s)

---------------  T H R E A D  ---------------

Current thread is native thread

Stack: [0x00007fff8de71000,0x00007fff8e66e000],  sp=0x00007fff8e668d80,  free space=8159k
Native frames: (J=compiled Java code, j=interpreted, Vv=VM code, C=native code)
C  [libc.so.6+0x82764]


siginfo: si_signo: 4 (SIGILL), si_code: 0 (SI_USER), si_pid: 12664, si_uid: 1000

Registers:
RAX=0x00000000000000ca, RBX=0x0000000000000000, RCX=0x00007f834c765766, RDX=0x0000000000001b19
RSP=0x00007fff8e668d80, RBP=0x0000000000001b19, RSI=0x0000000000000109, RDI=0x00007f834b1ff990
R8 =0x0000000000000000, R9 =0x00000000ffffffff, R10=0x0000000000000000, R11=0x0000000000000246
R12=0x0000000000000000, R13=0x00007fff8e668e48, R14=0x00007f834b1ff990, R15=0x00007f834b1ff6c0
RIP=0x00007f834c765764, EFLAGS=0x0000000000000246, CSGSFS=0x002b000000000033, ERR=0x0000000000000004
  TRAPNO=0x000000000000000e

Top of Stack: (sp=0x00007fff8e668d80)
0x00007fff8e668d80:   00007fff8e668eb7 fa99e9de00000109
0x00007fff8e668d90:   00007f834b1ff990 0000000000000000
0x00007fff8e668da0:   00007fff8e669080 00007fff8e668fd0
0x00007fff8e668db0:   0000000000000000 00007f834c76a6a3 

Instructions: (pc=0x00007f834c765764)
0x00007f834c765664:   83 f8 01 7e f4 48 83 ec 08 e8 7e 03 00 00 31 c0
0x00007f834c765674:   48 83 c4 08 c3 0f 1f 80 00 00 00 00 f3 0f 1e fa
0x00007f834c765684:   c3 66 66 2e 0f 1f 84 00 00 00 00 00 f3 0f 1e fa
0x00007f834c765694:   c3 66 2e 0f 1f 84 00 00 00 00 00 90 55 49 89 ca
0x00007f834c7656a4:   89 f5 53 48 83 ec 28 48 85 c9 0f 85 dc 00 00 00
0x00007f834c7656b4:   83 fa 01 0f 87 c3 00 00 00 c1 e2 08 89 d6 81 f6
0x00007f834c7656c4:   00 01 00 00 40 80 ce 89 44 31 c6 45 84 c9 75 54
0x00007f834c7656d4:   41 b9 ff ff ff ff 45 31 c0 89 ea b8 ca 00 00 00
0x00007f834c7656e4:   0f 05 85 c0 7f 13 83 f8 ea 7c 21 8d 50 16 b9 01
0x00007f834c7656f4:   08 44 00 48 0f a3 d1 72 1d 48 8d 3d 74 a4 11 00
0x00007f834c765704:   e8 c7 8c ff ff 0f 1f 80 00 00 00 00 83 f8 92 74
0x00007f834c765714:   05 83 f8 b5 75 e3 f7 d8 48 83 c4 28 5b 5d c3 0f
0x00007f834c765724:   1f 44 00 00 80 3d c9 dc 15 00 00 75 a3 4c 89 54
0x00007f834c765734:   24 18 48 89 7c 24 10 89 74 24 08 e8 cc f8 ff ff
0x00007f834c765744:   4c 8b 54 24 18 8b 74 24 08 89 ea 89 c3 48 8b 7c
0x00007f834c765754:   24 10 41 b9 ff ff ff ff 45 31 c0 b8 ca 00 00 00
0x00007f834c765764:   0f 05 89 df 48 89 44 24 08 e8 1e f9 ff ff 48 8b
0x00007f834c765774:   44 24 08 e9 6a ff ff ff 0f 1f 40 00 48 83 c4 28
0x00007f834c765784:   b8 16 00 00 00 5b 5d c3 0f 1f 40 00 48 83 39 00
0x00007f834c765794:   0f 89 1a ff ff ff b8 6e 00 00 00 e9 78 ff ff ff
0x00007f834c7657a4:   66 66 2e 0f 1f 84 00 00 00 00 00 90 f3 0f 1e fa
0x00007f834c7657b4:   45 31 c9 e9 e4 fe ff ff 0f 1f 40 00 f3 0f 1e fa
0x00007f834c7657c4:   41 b9 01 00 00 00 e9 d1 fe ff ff 90 f3 0f 1e fa
0x00007f834c7657d4:   49 89 d2 85 f6 75 4d 80 f1 86 89 ce 31 d2 b8 ca
0x00007f834c7657e4:   00 00 00 0f 05 83 f8 da 74 4a 83 f8 92 74 2d 8d
0x00007f834c7657f4:   50 23 83 fa 23 77 10 48 b9 01 20 00 81 09 00 00
0x00007f834c765804:   00 48 0f a3 d1 72 15 50 48 8d 3d 65 a3 11 00 e8
0x00007f834c765814:   b8 8b ff ff 0f 1f 84 00 00 00 00 00 f7 d8 c3 0f
0x00007f834c765824:   1f 44 00 00 89 ce 40 80 f6 8d 48 85 d2 75 ad eb
0x00007f834c765834:   a6 0f 1f 00 b8 16 00 00 00 c3 66 90 f3 0f 1e fa
0x00007f834c765844:   64 48 8b 04 25 10 00 00 00 64 48 8b 14 25 f8 02
0x00007f834c765854:   00 00 48 89 57 18 48 8d 90 08 03 00 00 8b 80 08 



---------------  P R O C E S S  ---------------

VM state: not at safepoint (normal execution)

VM Mutex/Monitor currently owned by a thread: None

Heap address: 0x0000000709800000, size: 3944 MB, Compressed Oops mode: Zero based, Oop shift amount: 3

CDS archive(s) not mapped
Compressed class space mapped at: 0x0000000800000000-0x0000000840000000, reserved size: 1073741824
Narrow klass base: 0x0000000800000000, Narrow klass shift: 0, Narrow klass range: 0x40000000

GC Precious Log:
<Skipped>

Heap:
 garbage-first heap   total 90112K, used 41299K [0x0000000709800000, 0x0000000800000000)
  region size 2048K, 9 young (18432K), 3 survivors (6144K)
 Metaspace       used 67081K, committed 67584K, reserved 1114112K
  class space    used 9122K, committed 9344K, reserved 1048576K

Heap Regions: E=young(eden), S=young(survivor), O=old, HS=humongous(starts), HC=humongous(continues), CS=collection set, F=free, OA=open archive, CA=closed archive, TAMS=top-at-mark-start (previous, next)
|   0|0x0000000709800000, 0x0000000709a00000, 0x0000000709a00000|100%| O|  |TAMS 0x0000000709a00000, 0x0000000709800000| Untracked 
|   1|0x0000000709a00000, 0x0000000709c00000, 0x0000000709c00000|100%| O|  |TAMS 0x0000000709a00000, 0x0000000709a00000| Untracked 
|   2|0x0000000709c00000, 0x0000000709e00000, 0x0000000709e00000|100%| O|  |TAMS 0x0000000709e00000, 0x0000000709c00000| Untracked 
|   3|0x0000000709e00000, 0x0000000709fffff0, 0x000000070a000000| 99%| O|  |TAMS 0x0000000709e00000, 0x0000000709e00000| Untracked 
|   4|0x000000070a000000, 0x000000070a200000, 0x000000070a200000|100%| O|  |TAMS 0x000000070a000000, 0x000000070a000000| Untracked 
|   5|0x000000070a200000, 0x000000070a3fffc8, 0x000000070a400000| 99%| O|  |TAMS 0x000000070a200000, 0x000000070a200000| Untracked 
|   6|0x000000070a400000, 0x000000070a5ffff0, 0x000000070a600000| 99%| O|  |TAMS 0x000000070a400000, 0x000000070a400000| Untracked 
|   7|0x000000070a600000, 0x000000070a7ffff0, 0x000000070a800000| 99%| O|  |TAMS 0x000000070a600000, 0x000000070a600000| Untracked 
|   8|0x000000070a800000, 0x000000070a9ffff0, 0x000000070aa00000| 99%| O|  |TAMS 0x000000070a800000, 0x000000070a800000| Untracked 
|   9|0x000000070aa00000, 0x000000070ab7bb70, 0x000000070ac00000| 74%| O|  |TAMS 0x000000070aa00000, 0x000000070aa00000| Untracked 
|  10|0x000000070ac00000, 0x000000070ac10198, 0x000000070ae00000|  3%| O|  |TAMS 0x000000070ac00000, 0x000000070ac00000| Untracked 
|  11|0x000000070ae00000, 0x000000070afa2648, 0x000000070b000000| 81%| O|  |TAMS 0x000000070ae00000, 0x000000070ae00000| Untracked 
|  12|0x000000070b000000, 0x000000070b200000, 0x000000070b200000|100%| O|  |TAMS 0x000000070b000000, 0x000000070b000000| Untracked 
|  13|0x000000070b200000, 0x000000070b262d60, 0x000000070b400000| 19%| O|  |TAMS 0x000000070b200000, 0x000000070b200000| Untracked 
|  14|0x000000070b400000, 0x000000070b5d3e00, 0x000000070b600000| 91%| O|  |TAMS 0x000000070b400000, 0x000000070b400000| Untracked 
|  15|0x000000070b600000, 0x000000070b600000, 0x000000070b800000|  0%| F|  |TAMS 0x000000070b600000, 0x000000070b600000| Untracked 
|  16|0x000000070b800000, 0x000000070b800000, 0x000000070ba00000|  0%| F|  |TAMS 0x000000070b800000, 0x000000070b800000| Untracked 
|  17|0x000000070ba00000, 0x000000070ba00000, 0x000000070bc00000|  0%| F|  |TAMS 0x000000070ba00000, 0x000000070ba00000| Untracked 
|  18|0x000000070bc00000, 0x000000070bc00000, 0x000000070be00000|  0%| F|  |TAMS 0x000000070bc00000, 0x000000070bc00000| Untracked 
|  19|0x000000070be00000, 0x000000070be00000, 0x000000070c000000|  0%| F|  |TAMS 0x000000070be00000, 0x000000070be00000| Untracked 
|  20|0x000000070c000000, 0x000000070c000000, 0x000000070c200000|  0%| F|  |TAMS 0x000000070c000000, 0x000000070c000000| Untracked 
|  21|0x000000070c200000, 0x000000070c200000, 0x000000070c400000|  0%| F|  |TAMS 0x000000070c200000, 0x000000070c200000| Untracked 
|  22|0x000000070c400000, 0x000000070c45da50, 0x000000070c600000| 18%| S|CS|TAMS 0x000000070c400000, 0x000000070c400000| Complete 
|  23|0x000000070c600000, 0x000000070c800000, 0x000000070c800000|100%| S|CS|TAMS 0x000000070c600000, 0x000000070c600000| Complete 
|  24|0x000000070c800000, 0x000000070ca00000, 0x000000070ca00000|100%| S|CS|TAMS 0x000000070c800000, 0x000000070c800000| Complete 
|  25|0x000000070ca00000, 0x000000070ca00000, 0x000000070cc00000|  0%| F|  |TAMS 0x000000070ca00000, 0x000000070ca00000| Untracked 
|  26|0x000000070cc00000, 0x000000070cc00000, 0x000000070ce00000|  0%| F|  |TAMS 0x000000070cc00000, 0x000000070cc00000| Untracked 
|  27|0x000000070ce00000, 0x000000070ce00000, 0x000000070d000000|  0%| F|  |TAMS 0x000000070ce00000, 0x000000070ce00000| Untracked 
|  28|0x000000070d000000, 0x000000070d000000, 0x000000070d200000|  0%| F|  |TAMS 0x000000070d000000, 0x000000070d000000| Untracked 
|  29|0x000000070d200000, 0x000000070d200000, 0x000000070d400000|  0%| F|  |TAMS 0x000000070d200000, 0x000000070d200000| Untracked 
|  30|0x000000070d400000, 0x000000070d400000, 0x000000070d600000|  0%| F|  |TAMS 0x000000070d400000, 0x000000070d400000| Untracked 
|  31|0x000000070d600000, 0x000000070d600000, 0x000000070d800000|  0%| F|  |TAMS 0x000000070d600000, 0x000000070d600000| Untracked 
|  32|0x000000070d800000, 0x000000070d800000, 0x000000070da00000|  0%| F|  |TAMS 0x000000070d800000, 0x000000070d800000| Untracked 
|  33|0x000000070da00000, 0x000000070da00000, 0x000000070dc00000|  0%| F|  |TAMS 0x000000070da00000, 0x000000070da00000| Untracked 
|  34|0x000000070dc00000, 0x000000070dc00000, 0x000000070de00000|  0%| F|  |TAMS 0x000000070dc00000, 0x000000070dc00000| Untracked 
|  35|0x000000070de00000, 0x000000070de00000, 0x000000070e000000|  0%| F|  |TAMS 0x000000070de00000, 0x000000070de00000| Untracked 
|  36|0x000000070e000000, 0x000000070e000000, 0x000000070e200000|  0%| F|  |TAMS 0x000000070e000000, 0x000000070e000000| Untracked 
|  37|0x000000070e200000, 0x000000070e200000, 0x000000070e400000|  0%| F|  |TAMS 0x000000070e200000, 0x000000070e200000| Untracked 
|  38|0x000000070e400000, 0x000000070e492620, 0x000000070e600000| 28%| E|  |TAMS 0x000000070e400000, 0x000000070e400000| Complete 
|  39|0x000000070e600000, 0x000000070e800000, 0x000000070e800000|100%| E|CS|TAMS 0x000000070e600000, 0x000000070e600000| Complete 
|  40|0x000000070e800000, 0x000000070ea00000, 0x000000070ea00000|100%| E|CS|TAMS 0x000000070e800000, 0x000000070e800000| Complete 
|  41|0x000000070ea00000, 0x000000070ec00000, 0x000000070ec00000|100%| E|CS|TAMS 0x000000070ea00000, 0x000000070ea00000| Complete 
|  42|0x000000070ec00000, 0x000000070ee00000, 0x000000070ee00000|100%| E|CS|TAMS 0x000000070ec00000, 0x000000070ec00000| Complete 
|  43|0x000000070ee00000, 0x000000070f000000, 0x000000070f000000|100%| E|CS|TAMS 0x000000070ee00000, 0x000000070ee00000| Complete 

Card table byte_map: [0x00007f833ec8c000,0x00007f833f440000] _byte_map_base: 0x00007f833b440000

Marking Bits (Prev, Next): (CMBitMap*) 0x00007f83440945a0, (CMBitMap*) 0x00007f83440945e0
 Prev Bits: [0x00007f833a738000, 0x00007f833e4d8000)
 Next Bits: [0x00007f8336998000, 0x00007f833a738000)

Polling page: 0x00007f834c916000

Metaspace:

Usage:
  Non-class:     56.60 MB used.
      Class:      8.91 MB used.
       Both:     65.51 MB used.

Virtual space:
  Non-class space:       64.00 MB reserved,      56.88 MB ( 89%) committed,  8 nodes.
      Class space:        1.00 GB reserved,       9.12 MB ( <1%) committed,  1 nodes.
             Both:        1.06 GB reserved,      66.00 MB (  6%) committed. 

Chunk freelists:
   Non-Class:  2.42 MB
       Class:  2.73 MB
        Both:  5.16 MB

MaxMetaspaceSize: unlimited
CompressedClassSpaceSize: 1.00 GB
Initial GC threshold: 21.00 MB
Current GC threshold: 109.50 MB
CDS: off
MetaspaceReclaimPolicy: balanced
 - commit_granule_bytes: 65536.
 - commit_granule_words: 8192.
 - virtual_space_node_default_size: 1048576.
 - enlarge_chunks_in_place: 1.
 - new_chunks_are_fully_committed: 0.
 - uncommit_free_chunks: 1.
 - use_allocation_guard: 0.
 - handle_deallocations: 1.


Internal statistics:

num_allocs_failed_limit: 9.
num_arena_births: 754.
num_arena_deaths: 138.
num_vsnodes_births: 9.
num_vsnodes_deaths: 0.
num_space_committed: 1056.
num_space_uncommitted: 0.
num_chunks_returned_to_freelist: 177.
num_chunks_taken_from_freelist: 2984.
num_chunk_merges: 52.
num_chunk_splits: 1951.
num_chunks_enlarged: 1432.
num_purges: 2.
num_inconsistent_stats: 0.

CodeCache: size=49152Kb used=11843Kb max_used=13533Kb free=37308Kb
 bounds [0x00007f8348100000, 0x00007f8348e40000, 0x00007f834b100000]
 total_blobs=7024 nmethods=6393 adapters=558
 compilation: enabled
              stopped_count=0, restarted_count=0
 full_count=0

Compilation events (20 events):
Event: 2909.496 Thread 0x00007f830419ecc0 nmethod 6384 0x00007f8348e30d10 code [0x00007f8348e30ea0, 0x00007f8348e30ff0]
Event: 2909.496 Thread 0x00007f830419ecc0 6385       1       org.springframework.boot.context.properties.bind.IndexedElementsBinder::assertNoUnboundChildren (71 bytes)
Event: 2909.497 Thread 0x00007f830419e210 nmethod 6387 0x00007f8348e31090 code [0x00007f8348e31340, 0x00007f8348e31be0]
Event: 2909.497 Thread 0x00007f830419e210 6386       1       org.springframework.core.ResolvableType$SyntheticParameterizedType::getActualTypeArguments (5 bytes)
Event: 2909.497 Thread 0x00007f830419e210 nmethod 6386 0x00007f8348e32110 code [0x00007f8348e322a0, 0x00007f8348e32370]
Event: 2909.497 Thread 0x00007f830419ecc0 nmethod 6385 0x00007f8348e32410 code [0x00007f8348e326a0, 0x00007f8348e32f60]
Event: 2909.497 Thread 0x00007f83040ab870 nmethod 6383 0x00007f8348e33390 code [0x00007f8348e33600, 0x00007f8348e33ea0]
Event: 2909.497 Thread 0x00007f830419e210 6388       1       java.io.PrintStream::ensureOpen (18 bytes)
Event: 2909.497 Thread 0x00007f830419e210 nmethod 6388 0x00007f8348e34410 code [0x00007f8348e345c0, 0x00007f8348e34720]
Event: 2909.497 Thread 0x00007f8344234730 nmethod 6382 0x00007f8348e34810 code [0x00007f8348e34ae0, 0x00007f8348e355b0]
Event: 2909.524 Thread 0x00007f830419ecc0 6389       1       org.springframework.boot.devtools.restart.RestartApplicationListener::getOrder (5 bytes)
Event: 2909.524 Thread 0x00007f830419ecc0 nmethod 6389 0x00007f8348e35c90 code [0x00007f8348e35e20, 0x00007f8348e35ef0]
Event: 2909.527 Thread 0x00007f830419e210 6390       1       org.springframework.boot.autoconfigure.condition.ConditionEvaluationReport::addNoMatchOutcomeToAncestors (37 bytes)
Event: 2909.527 Thread 0x00007f8344234730 6391       1       org.springframework.boot.autoconfigure.condition.ConditionEvaluationReport$$Lambda$453/0x0000000800363910::<init> (15 bytes)
Event: 2909.527 Thread 0x00007f8344234730 nmethod 6391 0x00007f8348e35f90 code [0x00007f8348e36120, 0x00007f8348e36290]
Event: 2909.527 Thread 0x00007f830419e210 nmethod 6390 0x00007f8348e36310 code [0x00007f8348e36520, 0x00007f8348e369a0]
Event: 2909.531 Thread 0x00007f830419ecc0 6392       1       org.springframework.boot.autoconfigure.condition.ConditionEvaluationReport$$Lambda$1201/0x000000080093a740::accept (20 bytes)
Event: 2909.531 Thread 0x00007f8344234730 6393       1       org.springframework.boot.autoconfigure.condition.ConditionEvaluationReport::lambda$getDelta$3 (44 bytes)
Event: 2909.532 Thread 0x00007f830419ecc0 nmethod 6392 0x00007f8348e36c10 code [0x00007f8348e36dc0, 0x00007f8348e36f20]
Event: 2909.532 Thread 0x00007f8344234730 nmethod 6393 0x00007f8348e37010 code [0x00007f8348e371e0, 0x00007f8348e373e0]

GC Heap History (20 events):
Event: 3.044 GC heap before
{Heap before GC invocations=8 (full 0):
 garbage-first heap   total 69632K, used 53261K [0x0000000709800000, 0x0000000800000000)
  region size 2048K, 24 young (49152K), 4 survivors (8192K)
 Metaspace       used 39647K, committed 40064K, reserved 1089536K
  class space    used 5051K, committed 5248K, reserved 1048576K
}
Event: 3.048 GC heap after
{Heap after GC invocations=9 (full 0):
 garbage-first heap   total 73728K, used 21574K [0x0000000709800000, 0x0000000800000000)
  region size 2048K, 6 young (12288K), 6 survivors (12288K)
 Metaspace       used 39647K, committed 40064K, reserved 1089536K
  class space    used 5051K, committed 5248K, reserved 1048576K
}
Event: 3.051 GC heap before
{Heap before GC invocations=9 (full 0):
 garbage-first heap   total 73728K, used 21574K [0x0000000709800000, 0x0000000800000000)
  region size 2048K, 7 young (14336K), 6 survivors (12288K)
 Metaspace       used 39647K, committed 40064K, reserved 1089536K
  class space    used 5051K, committed 5248K, reserved 1048576K
}
Event: 3.053 GC heap after
{Heap after GC invocations=10 (full 0):
 garbage-first heap   total 73728K, used 21994K [0x0000000709800000, 0x0000000800000000)
  region size 2048K, 1 young (2048K), 1 survivors (2048K)
 Metaspace       used 39647K, committed 40064K, reserved 1089536K
  class space    used 5051K, committed 5248K, reserved 1048576K
}
Event: 3.187 GC heap before
{Heap before GC invocations=10 (full 0):
 garbage-first heap   total 73728K, used 50666K [0x0000000709800000, 0x0000000800000000)
  region size 2048K, 16 young (32768K), 1 survivors (2048K)
 Metaspace       used 44717K, committed 45056K, reserved 1089536K
  class space    used 5648K, committed 5824K, reserved 1048576K
}
Event: 3.188 GC heap after
{Heap after GC invocations=11 (full 0):
 garbage-first heap   total 180224K, used 22438K [0x0000000709800000, 0x0000000800000000)
  region size 2048K, 1 young (2048K), 1 survivors (2048K)
 Metaspace       used 44717K, committed 45056K, reserved 1089536K
  class space    used 5648K, committed 5824K, reserved 1048576K
}
Event: 3.558 GC heap before
{Heap before GC invocations=11 (full 0):
 garbage-first heap   total 180224K, used 85926K [0x0000000709800000, 0x0000000800000000)
  region size 2048K, 33 young (67584K), 1 survivors (2048K)
 Metaspace       used 60396K, committed 60800K, reserved 1105920K
  class space    used 8107K, committed 8320K, reserved 1048576K
}
Event: 3.564 GC heap after
{Heap after GC invocations=12 (full 0):
 garbage-first heap   total 180224K, used 25979K [0x0000000709800000, 0x0000000800000000)
  region size 2048K, 3 young (6144K), 3 survivors (6144K)
 Metaspace       used 60396K, committed 60800K, reserved 1105920K
  class space    used 8107K, committed 8320K, reserved 1048576K
}
Event: 118.521 GC heap before
{Heap before GC invocations=13 (full 0):
 garbage-first heap   total 102400K, used 81275K [0x0000000709800000, 0x0000000800000000)
  region size 2048K, 30 young (61440K), 3 survivors (6144K)
 Metaspace       used 64159K, committed 64576K, reserved 1105920K
  class space    used 8738K, committed 8960K, reserved 1048576K
}
Event: 118.528 GC heap after
{Heap after GC invocations=14 (full 0):
 garbage-first heap   total 102400K, used 29809K [0x0000000709800000, 0x0000000800000000)
  region size 2048K, 4 young (8192K), 4 survivors (8192K)
 Metaspace       used 64159K, committed 64576K, reserved 1105920K
  class space    used 8738K, committed 8960K, reserved 1048576K
}
Event: 958.604 GC heap before
{Heap before GC invocations=14 (full 0):
 garbage-first heap   total 102400K, used 78961K [0x0000000709800000, 0x0000000800000000)
  region size 2048K, 28 young (57344K), 4 survivors (8192K)
 Metaspace       used 66586K, committed 67072K, reserved 1114112K
  class space    used 9053K, committed 9280K, reserved 1048576K
}
Event: 958.611 GC heap after
{Heap after GC invocations=15 (full 0):
 garbage-first heap   total 102400K, used 30322K [0x0000000709800000, 0x0000000800000000)
  region size 2048K, 3 young (6144K), 3 survivors (6144K)
 Metaspace       used 66586K, committed 67072K, reserved 1114112K
  class space    used 9053K, committed 9280K, reserved 1048576K
}
Event: 2000.963 GC heap before
{Heap before GC invocations=15 (full 0):
 garbage-first heap   total 102400K, used 79474K [0x0000000709800000, 0x0000000800000000)
  region size 2048K, 27 young (55296K), 3 survivors (6144K)
 Metaspace       used 66591K, committed 67072K, reserved 1114112K
  class space    used 9054K, committed 9280K, reserved 1048576K
}
Event: 2000.970 GC heap after
{Heap after GC invocations=16 (full 0):
 garbage-first heap   total 102400K, used 30580K [0x0000000709800000, 0x0000000800000000)
  region size 2048K, 1 young (2048K), 1 survivors (2048K)
 Metaspace       used 66591K, committed 67072K, reserved 1114112K
  class space    used 9054K, committed 9280K, reserved 1048576K
}
Event: 2908.563 GC heap before
{Heap before GC invocations=16 (full 0):
 garbage-first heap   total 102400K, used 73588K [0x0000000709800000, 0x0000000800000000)
  region size 2048K, 23 young (47104K), 1 survivors (2048K)
 Metaspace       used 66841K, committed 67264K, reserved 1114112K
  class space    used 9092K, committed 9280K, reserved 1048576K
}
Event: 2908.586 GC heap after
{Heap after GC invocations=17 (full 1):
 garbage-first heap   total 90112K, used 22084K [0x0000000709800000, 0x0000000800000000)
  region size 2048K, 0 young (0K), 0 survivors (0K)
 Metaspace       used 66672K, committed 67264K, reserved 1114112K
  class space    used 9056K, committed 9280K, reserved 1048576K
}
Event: 2909.326 GC heap before
{Heap before GC invocations=17 (full 1):
 garbage-first heap   total 90112K, used 67140K [0x0000000709800000, 0x0000000800000000)
  region size 2048K, 22 young (45056K), 0 survivors (0K)
 Metaspace       used 66794K, committed 67264K, reserved 1114112K
  class space    used 9082K, committed 9280K, reserved 1048576K
}
Event: 2909.328 GC heap after
{Heap after GC invocations=18 (full 1):
 garbage-first heap   total 90112K, used 26674K [0x0000000709800000, 0x0000000800000000)
  region size 2048K, 3 young (6144K), 3 survivors (6144K)
 Metaspace       used 66794K, committed 67264K, reserved 1114112K
  class space    used 9082K, committed 9280K, reserved 1048576K
}
Event: 2909.449 GC heap before
{Heap before GC invocations=18 (full 1):
 garbage-first heap   total 90112K, used 63538K [0x0000000709800000, 0x0000000800000000)
  region size 2048K, 22 young (45056K), 3 survivors (6144K)
 Metaspace       used 67033K, committed 67520K, reserved 1114112K
  class space    used 9113K, committed 9344K, reserved 1048576K
}
Event: 2909.451 GC heap after
{Heap after GC invocations=19 (full 1):
 garbage-first heap   total 90112K, used 30474K [0x0000000709800000, 0x0000000800000000)
  region size 2048K, 3 young (6144K), 3 survivors (6144K)
 Metaspace       used 67033K, committed 67520K, reserved 1114112K
  class space    used 9113K, committed 9344K, reserved 1048576K
}

Dll operation events (9 events):
Event: 0.001 Loaded shared library /home/axel/Programas/Spring Tools/sts-4.17.2.RELEASE/plugins/org.eclipse.justj.openjdk.hotspot.jre.full.linux.x86_64_17.0.6.v20230125-1136/jre/lib/libjava.so
Event: 0.064 Loaded shared library /home/axel/Programas/Spring Tools/sts-4.17.2.RELEASE/plugins/org.eclipse.justj.openjdk.hotspot.jre.full.linux.x86_64_17.0.6.v20230125-1136/jre/lib/libnio.so
Event: 0.064 Loaded shared library /home/axel/Programas/Spring Tools/sts-4.17.2.RELEASE/plugins/org.eclipse.justj.openjdk.hotspot.jre.full.linux.x86_64_17.0.6.v20230125-1136/jre/lib/libjimage.so
Event: 0.071 Loaded shared library /home/axel/Programas/Spring Tools/sts-4.17.2.RELEASE/plugins/org.eclipse.justj.openjdk.hotspot.jre.full.linux.x86_64_17.0.6.v20230125-1136/jre/lib/libzip.so
Event: 0.093 Loaded shared library /home/axel/Programas/Spring Tools/sts-4.17.2.RELEASE/plugins/org.eclipse.justj.openjdk.hotspot.jre.full.linux.x86_64_17.0.6.v20230125-1136/jre/lib/libmanagement.so
Event: 0.099 Loaded shared library /home/axel/Programas/Spring Tools/sts-4.17.2.RELEASE/plugins/org.eclipse.justj.openjdk.hotspot.jre.full.linux.x86_64_17.0.6.v20230125-1136/jre/lib/libmanagement_ext.so
Event: 0.121 Loaded shared library /home/axel/Programas/Spring Tools/sts-4.17.2.RELEASE/plugins/org.eclipse.justj.openjdk.hotspot.jre.full.linux.x86_64_17.0.6.v20230125-1136/jre/lib/libnet.so
Event: 0.183 Loaded shared library /home/axel/Programas/Spring Tools/sts-4.17.2.RELEASE/plugins/org.eclipse.justj.openjdk.hotspot.jre.full.linux.x86_64_17.0.6.v20230125-1136/jre/lib/libextnet.so
Event: 0.201 Loaded shared library /home/axel/Programas/Spring Tools/sts-4.17.2.RELEASE/plugins/org.eclipse.justj.openjdk.hotspot.jre.full.linux.x86_64_17.0.6.v20230125-1136/jre/lib/libverify.so

Deoptimization events (16 events):
Event: 0.597 Thread 0x00007f82b4002590 DEOPT PACKING pc=0x00007f834883cc11 sp=0x00007f83247ec0a0
Event: 0.597 Thread 0x00007f82b4002590 DEOPT UNPACKING pc=0x00007f8348156e2f sp=0x00007f83247eb5a0 mode 3
Event: 0.680 Thread 0x00007f82b4002590 DEOPT PACKING pc=0x00007f83486ba524 sp=0x00007f83247ed8d0
Event: 0.680 Thread 0x00007f82b4002590 DEOPT UNPACKING pc=0x00007f8348156e2f sp=0x00007f83247ecdb8 mode 0
Event: 2.752 Thread 0x00007f82b4002590 DEOPT PACKING pc=0x00007f83487e4164 sp=0x00007f83247ecae0
Event: 2.752 Thread 0x00007f82b4002590 DEOPT UNPACKING pc=0x00007f8348156e2f sp=0x00007f83247ec058 mode 0
Event: 3.146 Thread 0x00007f82a8aa6bd0 DEOPT PACKING pc=0x00007f834872a896 sp=0x00007f83246ee5c0
Event: 3.146 Thread 0x00007f82a8aa6bd0 DEOPT UNPACKING pc=0x00007f8348156e2f sp=0x00007f83246eda38 mode 3
Event: 3.161 Thread 0x00007f82b4002590 DEOPT PACKING pc=0x00007f8348a8283d sp=0x00007f83247eb9b0
Event: 3.161 Thread 0x00007f82b4002590 DEOPT UNPACKING pc=0x00007f8348156e2f sp=0x00007f83247eaf38 mode 3
Event: 3.588 Thread 0x00007f82b4002590 DEOPT PACKING pc=0x00007f83487f3be0 sp=0x00007f83247eb700
Event: 3.588 Thread 0x00007f82b4002590 DEOPT UNPACKING pc=0x00007f8348156e2f sp=0x00007f83247eac38 mode 3
Event: 3.588 Thread 0x00007f82b4002590 DEOPT PACKING pc=0x00007f83487dc2da sp=0x00007f83247eb6d0
Event: 3.588 Thread 0x00007f82b4002590 DEOPT UNPACKING pc=0x00007f8348156e2f sp=0x00007f83247eac38 mode 3
Event: 2909.389 Thread 0x00007f82a9167cc0 DEOPT PACKING pc=0x00007f8348489191 sp=0x00007f82acbfa100
Event: 2909.389 Thread 0x00007f82a9167cc0 DEOPT UNPACKING pc=0x00007f8348156e2f sp=0x00007f82acbf9600 mode 3

Classes unloaded (20 events):
Event: 2908.573 Thread 0x00007f83441b6a50 Unloading class 0x0000000800141c00 'java/lang/invoke/LambdaForm$MH+0x0000000800141c00'
Event: 2908.573 Thread 0x00007f83441b6a50 Unloading class 0x0000000800141800 'jdk/internal/reflect/GeneratedSerializationConstructorAccessor3'
Event: 2908.573 Thread 0x00007f83441b6a50 Unloading class 0x0000000800141400 'jdk/internal/reflect/GeneratedSerializationConstructorAccessor2'
Event: 2908.573 Thread 0x00007f83441b6a50 Unloading class 0x0000000800141000 'jdk/internal/reflect/GeneratedSerializationConstructorAccessor1'
Event: 2908.573 Thread 0x00007f83441b6a50 Unloading class 0x0000000800140800 'java/lang/invoke/LambdaForm$DMH+0x0000000800140800'
Event: 2908.573 Thread 0x00007f83441b6a50 Unloading class 0x0000000800140000 'java/lang/invoke/LambdaForm$DMH+0x0000000800140000'
Event: 2908.573 Thread 0x00007f83441b6a50 Unloading class 0x00000008000c7000 'jdk/internal/reflect/GeneratedConstructorAccessor1'
Event: 2908.573 Thread 0x00007f83441b6a50 Unloading class 0x00000008000c6400 'java/lang/invoke/LambdaForm$MH+0x00000008000c6400'
Event: 2908.573 Thread 0x00007f83441b6a50 Unloading class 0x00000008000c6000 'java/lang/invoke/LambdaForm$MH+0x00000008000c6000'
Event: 2908.573 Thread 0x00007f83441b6a50 Unloading class 0x00000008000c5c00 'java/lang/invoke/LambdaForm$MH+0x00000008000c5c00'
Event: 2908.573 Thread 0x00007f83441b6a50 Unloading class 0x00000008000c5800 'java/lang/invoke/LambdaForm$MH+0x00000008000c5800'
Event: 2908.573 Thread 0x00007f83441b6a50 Unloading class 0x00000008000c5400 'java/lang/invoke/LambdaForm$MH+0x00000008000c5400'
Event: 2908.573 Thread 0x00007f83441b6a50 Unloading class 0x00000008000c5000 'java/lang/invoke/LambdaForm$MH+0x00000008000c5000'
Event: 2908.573 Thread 0x00007f83441b6a50 Unloading class 0x00000008000c3c00 'java/lang/invoke/LambdaForm$MH+0x00000008000c3c00'
Event: 2908.573 Thread 0x00007f83441b6a50 Unloading class 0x00000008000c3800 'java/lang/invoke/LambdaForm$MH+0x00000008000c3800'
Event: 2908.573 Thread 0x00007f83441b6a50 Unloading class 0x00000008000c3000 'java/lang/invoke/LambdaForm$MH+0x00000008000c3000'
Event: 2908.573 Thread 0x00007f83441b6a50 Unloading class 0x00000008000c2400 'java/lang/invoke/LambdaForm$MH+0x00000008000c2400'
Event: 2908.573 Thread 0x00007f83441b6a50 Unloading class 0x00000008000c1c00 'java/lang/invoke/LambdaForm$MH+0x00000008000c1c00'
Event: 2908.573 Thread 0x00007f83441b6a50 Unloading class 0x00000008000c1400 'java/lang/invoke/LambdaForm$MH+0x00000008000c1400'
Event: 2908.573 Thread 0x00007f83441b6a50 Unloading class 0x00000008000c0c00 'java/lang/invoke/LambdaForm$MH+0x00000008000c0c00'

Classes redefined (0 events):
No events

Internal exceptions (20 events):
Event: 2909.381 Thread 0x00007f82a9167cc0 Exception <a 'java/lang/ClassNotFoundException'{0x000000070ddbec58}: com/usuario/servicio/entity/UsuarioCustomizer> (0x000000070ddbec58) 
thrown [src/hotspot/share/classfile/systemDictionary.cpp, line 256]
Event: 2909.404 Thread 0x00007f82a9167cc0 Exception <a 'java/io/IOException'{0x000000070d53f0f0}> (0x000000070d53f0f0) 
thrown [src/hotspot/share/prims/jni.cpp, line 516]
Event: 2909.404 Thread 0x00007f82a9167cc0 Exception <a 'java/io/IOException'{0x000000070d53feb8}> (0x000000070d53feb8) 
thrown [src/hotspot/share/prims/jni.cpp, line 516]
Event: 2909.409 Thread 0x00007f82a9167cc0 Exception <a 'java/net/BindException'{0x000000070d292578}> (0x000000070d292578) 
thrown [src/hotspot/share/prims/jni.cpp, line 516]
Event: 2909.409 Thread 0x00007f82a9167cc0 Exception <a 'java/io/IOException'{0x000000070d294280}> (0x000000070d294280) 
thrown [src/hotspot/share/prims/jni.cpp, line 516]
Event: 2909.409 Thread 0x00007f82a9167cc0 Exception <a 'java/io/IOException'{0x000000070d294da0}> (0x000000070d294da0) 
thrown [src/hotspot/share/prims/jni.cpp, line 516]
Event: 2909.412 Thread 0x00007f82a9167cc0 Exception <a 'java/lang/ClassNotFoundException'{0x000000070d305528}: java/lang/ObjectCustomizer> (0x000000070d305528) 
thrown [src/hotspot/share/classfile/systemDictionary.cpp, line 256]
Event: 2909.412 Thread 0x00007f82a9167cc0 Exception <a 'java/lang/ClassNotFoundException'{0x000000070d30b158}: java/lang/reflect/ProxyCustomizer> (0x000000070d30b158) 
thrown [src/hotspot/share/classfile/systemDictionary.cpp, line 256]
Event: 2909.412 Thread 0x00007f82a9167cc0 Exception <a 'java/lang/ClassNotFoundException'{0x000000070d317750}: jdk/proxy5/$Proxy113Customizer> (0x000000070d317750) 
thrown [src/hotspot/share/classfile/systemDictionary.cpp, line 256]
Event: 2909.413 Thread 0x00007f82a9167cc0 Exception <a 'java/lang/ClassNotFoundException'{0x000000070d323b78}: com/usuario/servicio/feingsclients/CarroFeignClientCustomizer> (0x000000070d323b78) 
thrown [src/hotspot/share/classfile/systemDictionary.cpp, line 256]
Event: 2909.419 Thread 0x00007f82a9167cc0 Exception <a 'java/lang/ClassNotFoundException'{0x000000070d04d010}: java/lang/ObjectCustomizer> (0x000000070d04d010) 
thrown [src/hotspot/share/classfile/systemDictionary.cpp, line 256]
Event: 2909.419 Thread 0x00007f82a9167cc0 Exception <a 'java/lang/ClassNotFoundException'{0x000000070d052c40}: java/lang/reflect/ProxyCustomizer> (0x000000070d052c40) 
thrown [src/hotspot/share/classfile/systemDictionary.cpp, line 256]
Event: 2909.419 Thread 0x00007f82a9167cc0 Exception <a 'java/lang/ClassNotFoundException'{0x000000070d05d360}: jdk/proxy5/$Proxy114Customizer> (0x000000070d05d360) 
thrown [src/hotspot/share/classfile/systemDictionary.cpp, line 256]
Event: 2909.419 Thread 0x00007f82a9167cc0 Exception <a 'java/lang/ClassNotFoundException'{0x000000070d069740}: com/usuario/servicio/feingsclients/MotoFeignClientCustomizer> (0x000000070d069740) 
thrown [src/hotspot/share/classfile/systemDictionary.cpp, line 256]
Event: 2909.497 Thread 0x00007f82a9167cc0 Exception <a 'java/io/IOException'{0x000000070e9331a8}> (0x000000070e9331a8) 
thrown [src/hotspot/share/prims/jni.cpp, line 516]
Event: 2909.497 Thread 0x00007f82a9167cc0 Exception <a 'java/io/IOException'{0x000000070e933778}> (0x000000070e933778) 
thrown [src/hotspot/share/prims/jni.cpp, line 516]
Event: 2909.530 Thread 0x00007f82a9167cc0 Exception <a 'java/io/IOException'{0x000000070e9a43b0}> (0x000000070e9a43b0) 
thrown [src/hotspot/share/prims/jni.cpp, line 516]
Event: 2909.530 Thread 0x00007f82a9167cc0 Exception <a 'java/io/IOException'{0x000000070e9a46d8}> (0x000000070e9a46d8) 
thrown [src/hotspot/share/prims/jni.cpp, line 516]
Event: 2909.532 Thread 0x00007f82a9167cc0 Exception <a 'java/io/IOException'{0x000000070e9c4a20}> (0x000000070e9c4a20) 
thrown [src/hotspot/share/prims/jni.cpp, line 516]
Event: 2909.532 Thread 0x00007f82a9167cc0 Exception <a 'java/io/IOException'{0x000000070e9c4ff0}> (0x000000070e9c4ff0) 
thrown [src/hotspot/share/prims/jni.cpp, line 516]

VM Operations (20 events):
Event: 2908.081 Executing VM operation: Cleanup
Event: 2908.081 Executing VM operation: Cleanup done
Event: 2908.350 Executing VM operation: ThreadDump
Event: 2908.350 Executing VM operation: ThreadDump done
Event: 2908.350 Executing VM operation: ThreadDump
Event: 2908.350 Executing VM operation: ThreadDump done
Event: 2908.353 Executing VM operation: HandshakeAllThreads
Event: 2908.354 Executing VM operation: HandshakeAllThreads done
Event: 2908.563 Executing VM operation: G1CollectFull
Event: 2908.586 Executing VM operation: G1CollectFull done
Event: 2909.309 Executing VM operation: ICBufferFull
Event: 2909.310 Executing VM operation: ICBufferFull done
Event: 2909.326 Executing VM operation: G1CollectForAllocation
Event: 2909.328 Executing VM operation: G1CollectForAllocation done
Event: 2909.449 Executing VM operation: G1CollectForAllocation
Event: 2909.451 Executing VM operation: G1CollectForAllocation done
Event: 2910.451 Executing VM operation: Cleanup
Event: 2910.451 Executing VM operation: Cleanup done
Event: 2944.455 Executing VM operation: Cleanup
Event: 2944.455 Executing VM operation: Cleanup done

Events (20 events):
Event: 2909.419 loading class java/lang/reflect/ProxyCustomizer done
Event: 2909.419 loading class java/lang/reflect/ProxyCustomizer
Event: 2909.419 loading class java/lang/reflect/ProxyCustomizer done
Event: 2909.448 Thread 0x00007f8278078630 Thread added: 0x00007f8278078630
Event: 2909.448 Protecting memory [0x00007f82af3fe000,0x00007f82af402000] with protection modes 0
Event: 2909.458 Thread 0x00007f825c0a2ab0 Thread added: 0x00007f825c0a2ab0
Event: 2909.458 Protecting memory [0x00007f82af5fe000,0x00007f82af602000] with protection modes 0
Event: 2909.460 Thread 0x00007f825c0a4540 Thread added: 0x00007f825c0a4540
Event: 2909.460 Protecting memory [0x00007f82aca00000,0x00007f82aca04000] with protection modes 0
Event: 2909.497 Thread 0x00007f825c0b4b30 Thread added: 0x00007f825c0b4b30
Event: 2909.497 Protecting memory [0x00007f82ac900000,0x00007f82ac904000] with protection modes 0
Event: 2909.497 Thread 0x00007f825c0b5340 Thread added: 0x00007f825c0b5340
Event: 2909.497 Protecting memory [0x00007f82adc00000,0x00007f82adc04000] with protection modes 0
Event: 2909.532 Thread 0x00007f82a9167cc0 Thread exited: 0x00007f82a9167cc0
Event: 2909.532 Thread 0x00007f8268002930 Thread exited: 0x00007f8268002930
Event: 2914.449 Thread 0x00007f8278078630 Thread exited: 0x00007f8278078630
Event: 2914.532 Thread 0x00007f830419ecc0 Thread exited: 0x00007f830419ecc0
Event: 2919.532 Thread 0x00007f830419e210 Thread exited: 0x00007f830419e210
Event: 2924.532 Thread 0x00007f83040ab870 Thread exited: 0x00007f83040ab870
Event: 2943.869 Thread 0x00007f82e8004470 Thread exited: 0x00007f82e8004470


Dynamic libraries:
709800000-70f000000 rw-p 00000000 00:00 0 
70f000000-800000000 ---p 00000000 00:00 0 
800000000-800010000 rw-p 00000000 00:00 0 
800010000-800030000 rw-p 00000000 00:00 0 
800030000-8000b0000 rw-p 00000000 00:00 0 
8000b0000-8000d0000 rw-p 00000000 00:00 0 
8000d0000-800130000 rw-p 00000000 00:00 0 
800130000-800150000 rw-p 00000000 00:00 0 
800150000-8001b0000 rw-p 00000000 00:00 0 
8001b0000-8001f0000 rw-p 00000000 00:00 0 
8001f0000-8003b0000 rw-p 00000000 00:00 0 
8003b0000-8003f0000 rw-p 00000000 00:00 0 
8003f0000-8008b0000 rw-p 00000000 00:00 0 
8008b0000-8008d0000 rw-p 00000000 00:00 0 
8008d0000-800900000 ---p 00000000 00:00 0 
800900000-800950000 rw-p 00000000 00:00 0 
800950000-840000000 ---p 00000000 00:00 0 
562ff6679000-562ff667a000 r--p 00000000 08:12 5273730                    /home/axel/Programas/Spring Tools/sts-4.17.2.RELEASE/plugins/org.eclipse.justj.openjdk.hotspot.jre.full.linux.x86_64_17.0.6.v20230125-1136/jre/bin/java
562ff667a000-562ff667b000 r-xp 00001000 08:12 5273730                    /home/axel/Programas/Spring Tools/sts-4.17.2.RELEASE/plugins/org.eclipse.justj.openjdk.hotspot.jre.full.linux.x86_64_17.0.6.v20230125-1136/jre/bin/java
562ff667b000-562ff667c000 r--p 00002000 08:12 5273730                    /home/axel/Programas/Spring Tools/sts-4.17.2.RELEASE/plugins/org.eclipse.justj.openjdk.hotspot.jre.full.linux.x86_64_17.0.6.v20230125-1136/jre/bin/java
562ff667c000-562ff667d000 r--p 00002000 08:12 5273730                    /home/axel/Programas/Spring Tools/sts-4.17.2.RELEASE/plugins/org.eclipse.justj.openjdk.hotspot.jre.full.linux.x86_64_17.0.6.v20230125-1136/jre/bin/java
562ff667d000-562ff667e000 rw-p 00003000 08:12 5273730                    /home/axel/Programas/Spring Tools/sts-4.17.2.RELEASE/plugins/org.eclipse.justj.openjdk.hotspot.jre.full.linux.x86_64_17.0.6.v20230125-1136/jre/bin/java
562ff71af000-562ff71f9000 rw-p 00000000 00:00 0                          [heap]
7f8234000000-7f8234021000 rw-p 00000000 00:00 0 
7f8234021000-7f8238000000 ---p 00000000 00:00 0 
7f823b800000-7f823b9a0000 rw-p 00000000 00:00 0 
7f823b9a0000-7f823c000000 ---p 00000000 00:00 0 
7f823c000000-7f823c021000 rw-p 00000000 00:00 0 
7f823c021000-7f8240000000 ---p 00000000 00:00 0 
7f8240000000-7f8240021000 rw-p 00000000 00:00 0 
7f8240021000-7f8244000000 ---p 00000000 00:00 0 
7f8244000000-7f8244021000 rw-p 00000000 00:00 0 
7f8244021000-7f8248000000 ---p 00000000 00:00 0 
7f8248000000-7f8248059000 rw-p 00000000 00:00 0 
7f8248059000-7f824c000000 ---p 00000000 00:00 0 
7f824c000000-7f824c021000 rw-p 00000000 00:00 0 
7f824c021000-7f8250000000 ---p 00000000 00:00 0 
7f8250000000-7f82500be000 rw-p 00000000 00:00 0 
7f82500be000-7f8254000000 ---p 00000000 00:00 0 
7f8254000000-7f8254021000 rw-p 00000000 00:00 0 
7f8254021000-7f8258000000 ---p 00000000 00:00 0 
7f8258000000-7f8258021000 rw-p 00000000 00:00 0 
7f8258021000-7f825c000000 ---p 00000000 00:00 0 
7f825c000000-7f825c0b9000 rw-p 00000000 00:00 0 
7f825c0b9000-7f8260000000 ---p 00000000 00:00 0 
7f8260000000-7f8260028000 rw-p 00000000 00:00 0 
7f8260028000-7f8264000000 ---p 00000000 00:00 0 
7f8264000000-7f8264021000 rw-p 00000000 00:00 0 
7f8264021000-7f8268000000 ---p 00000000 00:00 0 
7f8268000000-7f8268021000 rw-p 00000000 00:00 0 
7f8268021000-7f826c000000 ---p 00000000 00:00 0 
7f826c000000-7f826c025000 rw-p 00000000 00:00 0 
7f826c025000-7f8270000000 ---p 00000000 00:00 0 
7f8270000000-7f8270021000 rw-p 00000000 00:00 0 
7f8270021000-7f8274000000 ---p 00000000 00:00 0 
7f8274000000-7f8274021000 rw-p 00000000 00:00 0 
7f8274021000-7f8278000000 ---p 00000000 00:00 0 
7f8278000000-7f827807c000 rw-p 00000000 00:00 0 
7f827807c000-7f827c000000 ---p 00000000 00:00 0 
7f827c000000-7f827c034000 rw-p 00000000 00:00 0 
7f827c034000-7f8280000000 ---p 00000000 00:00 0 
7f8280000000-7f8280021000 rw-p 00000000 00:00 0 
7f8280021000-7f8284000000 ---p 00000000 00:00 0 
7f8284000000-7f8284021000 rw-p 00000000 00:00 0 
7f8284021000-7f8288000000 ---p 00000000 00:00 0 
7f8288000000-7f8288021000 rw-p 00000000 00:00 0 
7f8288021000-7f828c000000 ---p 00000000 00:00 0 
7f828c000000-7f828c021000 rw-p 00000000 00:00 0 
7f828c021000-7f8290000000 ---p 00000000 00:00 0 
7f8290000000-7f8290021000 rw-p 00000000 00:00 0 
7f8290021000-7f8294000000 ---p 00000000 00:00 0 
7f8294000000-7f8294021000 rw-p 00000000 00:00 0 
7f8294021000-7f8298000000 ---p 00000000 00:00 0 
7f8298000000-7f8298021000 rw-p 00000000 00:00 0 
7f8298021000-7f829c000000 ---p 00000000 00:00 0 
7f829c000000-7f829c021000 rw-p 00000000 00:00 0 
7f829c021000-7f82a0000000 ---p 00000000 00:00 0 
7f82a0000000-7f82a03de000 rw-p 00000000 00:00 0 
7f82a03de000-7f82a4000000 ---p 00000000 00:00 0 
7f82a4000000-7f82a4027000 rw-p 00000000 00:00 0 
7f82a4027000-7f82a8000000 ---p 00000000 00:00 0 
7f82a8000000-7f82a91c9000 rw-p 00000000 00:00 0 
7f82a91c9000-7f82ac000000 ---p 00000000 00:00 0 
7f82ac100000-7f82ac104000 ---p 00000000 00:00 0 
7f82ac104000-7f82ac200000 rw-p 00000000 00:00 0 
7f82ac200000-7f82ac204000 ---p 00000000 00:00 0 
7f82ac204000-7f82ac300000 rw-p 00000000 00:00 0 
7f82ac300000-7f82ac304000 ---p 00000000 00:00 0 
7f82ac304000-7f82ac400000 rw-p 00000000 00:00 0 
7f82ac400000-7f82ac404000 ---p 00000000 00:00 0 
7f82ac404000-7f82ac500000 rw-p 00000000 00:00 0 
7f82ac500000-7f82ac504000 ---p 00000000 00:00 0 
7f82ac504000-7f82ac600000 rw-p 00000000 00:00 0 
7f82ac600000-7f82ac604000 ---p 00000000 00:00 0 
7f82ac604000-7f82ac700000 rw-p 00000000 00:00 0 
7f82ac700000-7f82ac704000 ---p 00000000 00:00 0 
7f82ac704000-7f82ac800000 rw-p 00000000 00:00 0 
7f82ac800000-7f82ac804000 ---p 00000000 00:00 0 
7f82ac804000-7f82ac900000 rw-p 00000000 00:00 0 
7f82ac900000-7f82ac904000 ---p 00000000 00:00 0 
7f82ac904000-7f82aca00000 rw-p 00000000 00:00 0 
7f82aca00000-7f82aca04000 ---p 00000000 00:00 0 
7f82aca04000-7f82acb00000 rw-p 00000000 00:00 0 
7f82acb00000-7f82acb04000 ---p 00000000 00:00 0 
7f82acb04000-7f82ad2f0000 rw-p 00000000 00:00 0 
7f82ad2f0000-7f82ad340000 rw-p 00000000 00:00 0 
7f82ad340000-7f82ad400000 ---p 00000000 00:00 0 
7f82ad400000-7f82ad9f0000 rw-p 00000000 00:00 0 
7f82ad9f0000-7f82adc00000 rw-p 00000000 00:00 0 
7f82adc00000-7f82adc04000 ---p 00000000 00:00 0 
7f82adc04000-7f82add00000 rw-p 00000000 00:00 0 
7f82add00000-7f82add04000 ---p 00000000 00:00 0 
7f82add04000-7f82ade00000 rw-p 00000000 00:00 0 
7f82ade00000-7f82ade04000 ---p 00000000 00:00 0 
7f82ade04000-7f82adf00000 rw-p 00000000 00:00 0 
7f82adf00000-7f82adf04000 ---p 00000000 00:00 0 
7f82adf04000-7f82ae070000 rw-p 00000000 00:00 0 
7f82ae070000-7f82ae0f0000 rw-p 00000000 00:00 0 
7f82ae0f0000-7f82ae7d0000 rw-p 00000000 00:00 0 
7f82ae7d0000-7f82ae7f0000 rw-p 00000000 00:00 0 
7f82ae7f0000-7f82af000000 rw-p 00000000 00:00 0 
7f82af0fc000-7f82af100000 ---p 00000000 00:00 0 
7f82af100000-7f82af1fc000 rw-p 00000000 00:00 0 
7f82af1fc000-7f82af1fd000 ---p 00000000 00:00 0 
7f82af1fd000-7f82af2fe000 rw-p 00000000 00:00 0 
7f82af2fe000-7f82af302000 ---p 00000000 00:00 0 
7f82af302000-7f82af3fe000 rw-p 00000000 00:00 0 
7f82af3fe000-7f82af402000 ---p 00000000 00:00 0 
7f82af402000-7f82af4fe000 rw-p 00000000 00:00 0 
7f82af4fe000-7f82af502000 ---p 00000000 00:00 0 
7f82af502000-7f82af5fe000 rw-p 00000000 00:00 0 
7f82af5fe000-7f82af602000 ---p 00000000 00:00 0 
7f82af602000-7f82af6fe000 rw-p 00000000 00:00 0 
7f82af6fe000-7f82af6ff000 ---p 00000000 00:00 0 
7f82af6ff000-7f82afcf0000 rw-p 00000000 00:00 0 
7f82afcf0000-7f82afdf0000 rw-p 00000000 00:00 0 
7f82afdf0000-7f82afff0000 rw-p 00000000 00:00 0 
7f82afff0000-7f82b0021000 rw-p 00000000 00:00 0 
7f82b0021000-7f82b4000000 ---p 00000000 00:00 0 
7f82b4000000-7f82b4033000 rw-p 00000000 00:00 0 
7f82b4033000-7f82b8000000 ---p 00000000 00:00 0 
7f82b8000000-7f82b8021000 rw-p 00000000 00:00 0 
7f82b8021000-7f82bc000000 ---p 00000000 00:00 0 
7f82bc000000-7f82bc021000 rw-p 00000000 00:00 0 
7f82bc021000-7f82c0000000 ---p 00000000 00:00 0 
7f82c0000000-7f82c0021000 rw-p 00000000 00:00 0 
7f82c0021000-7f82c4000000 ---p 00000000 00:00 0 
7f82c4000000-7f82c4021000 rw-p 00000000 00:00 0 
7f82c4021000-7f82c8000000 ---p 00000000 00:00 0 
7f82c8000000-7f82c8032000 rw-p 00000000 00:00 0 
7f82c8032000-7f82cc000000 ---p 00000000 00:00 0 
7f82cc000000-7f82cc021000 rw-p 00000000 00:00 0 
7f82cc021000-7f82d0000000 ---p 00000000 00:00 0 
7f82d0000000-7f82d0051000 rw-p 00000000 00:00 0 
7f82d0051000-7f82d4000000 ---p 00000000 00:00 0 
7f82d4000000-7f82d403b000 rw-p 00000000 00:00 0 
7f82d403b000-7f82d8000000 ---p 00000000 00:00 0 
7f82d8000000-7f82d8040000 rw-p 00000000 00:00 0 
7f82d8040000-7f82dc000000 ---p 00000000 00:00 0 
7f82dc000000-7f82dc04d000 rw-p 00000000 00:00 0 
7f82dc04d000-7f82e0000000 ---p 00000000 00:00 0 
7f82e0000000-7f82e0021000 rw-p 00000000 00:00 0 
7f82e0021000-7f82e4000000 ---p 00000000 00:00 0 
7f82e4000000-7f82e4021000 rw-p 00000000 00:00 0 
7f82e4021000-7f82e8000000 ---p 00000000 00:00 0 
7f82e8000000-7f82e8021000 rw-p 00000000 00:00 0 
7f82e8021000-7f82ec000000 ---p 00000000 00:00 0 
7f82ec000000-7f82ec021000 rw-p 00000000 00:00 0 
7f82ec021000-7f82f0000000 ---p 00000000 00:00 0 
7f82f0000000-7f82f0021000 rw-p 00000000 00:00 0 
7f82f0021000-7f82f4000000 ---p 00000000 00:00 0 
7f82f4000000-7f82f4021000 rw-p 00000000 00:00 0 
7f82f4021000-7f82f8000000 ---p 00000000 00:00 0 
7f82f8000000-7f82f8021000 rw-p 00000000 00:00 0 
7f82f8021000-7f82fc000000 ---p 00000000 00:00 0 
7f82fc000000-7f82fc214000 rw-p 00000000 00:00 0 
7f82fc214000-7f8300000000 ---p 00000000 00:00 0 
7f8300000000-7f8300021000 rw-p 00000000 00:00 0 
7f8300021000-7f8304000000 ---p 00000000 00:00 0 
7f8304000000-7f83043ba000 rw-p 00000000 00:00 0 
7f83043ba000-7f8308000000 ---p 00000000 00:00 0 
7f8308000000-7f8308021000 rw-p 00000000 00:00 0 
7f8308021000-7f830c000000 ---p 00000000 00:00 0 
7f830c000000-7f830c021000 rw-p 00000000 00:00 0 
7f830c021000-7f8310000000 ---p 00000000 00:00 0 
7f8310000000-7f8310021000 rw-p 00000000 00:00 0 
7f8310021000-7f8314000000 ---p 00000000 00:00 0 
7f8314000000-7f8314021000 rw-p 00000000 00:00 0 
7f8314021000-7f8318000000 ---p 00000000 00:00 0 
7f8318000000-7f8318021000 rw-p 00000000 00:00 0 
7f8318021000-7f831c000000 ---p 00000000 00:00 0 
7f831c000000-7f831c05d000 rw-p 00000000 00:00 0 
7f831c05d000-7f8320000000 ---p 00000000 00:00 0 
7f8320000000-7f8320021000 rw-p 00000000 00:00 0 
7f8320021000-7f8324000000 ---p 00000000 00:00 0 
7f83240e6000-7f83240e7000 ---p 00000000 00:00 0 
7f83240e7000-7f83241e8000 rw-p 00000000 00:00 0 
7f83241e8000-7f83241e9000 ---p 00000000 00:00 0 
7f83241e9000-7f83242ea000 rw-p 00000000 00:00 0 
7f83242ea000-7f83242eb000 ---p 00000000 00:00 0 
7f83242eb000-7f83243ec000 rw-p 00000000 00:00 0 
7f83243ec000-7f83243ed000 ---p 00000000 00:00 0 
7f83243ed000-7f83244ee000 rw-p 00000000 00:00 0 
7f83244ee000-7f83244ef000 ---p 00000000 00:00 0 
7f83244ef000-7f83245f0000 rw-p 00000000 00:00 0 
7f83245f0000-7f83245f4000 ---p 00000000 00:00 0 
7f83245f4000-7f83246f0000 rw-p 00000000 00:00 0 
7f83246f0000-7f83246f4000 ---p 00000000 00:00 0 
7f83246f4000-7f83247f0000 rw-p 00000000 00:00 0 
7f83247f0000-7f83247f4000 ---p 00000000 00:00 0 
7f83247f4000-7f83248f0000 rw-p 00000000 00:00 0 
7f83248f0000-7f83248f1000 ---p 00000000 00:00 0 
7f83248f1000-7f83249f2000 rw-p 00000000 00:00 0 
7f83249f2000-7f83249f3000 ---p 00000000 00:00 0 
7f83249f3000-7f8324af4000 rw-p 00000000 00:00 0 
7f8324af4000-7f8324af5000 ---p 00000000 00:00 0 
7f8324af5000-7f8324bf6000 rw-p 00000000 00:00 0 
7f8324bf6000-7f8324bf7000 ---p 00000000 00:00 0 
7f8324bf7000-7f8324cf8000 rw-p 00000000 00:00 0 
7f8324cf8000-7f8324cf9000 ---p 00000000 00:00 0 
7f8324cf9000-7f8324dfa000 rw-p 00000000 00:00 0 
7f8324dfa000-7f8324dfb000 ---p 00000000 00:00 0 
7f8324dfb000-7f8324efc000 rw-p 00000000 00:00 0 
7f8324efc000-7f8324efd000 ---p 00000000 00:00 0 
7f8324efd000-7f8324ffe000 rw-p 00000000 00:00 0 
7f8324ffe000-7f8325002000 ---p 00000000 00:00 0 
7f8325002000-7f83250fe000 rw-p 00000000 00:00 0 
7f83250fe000-7f8325102000 ---p 00000000 00:00 0 
7f8325102000-7f83251fe000 rw-p 00000000 00:00 0 
7f83251fe000-7f8325202000 ---p 00000000 00:00 0 
7f8325202000-7f83252fe000 rw-p 00000000 00:00 0 
7f83252fe000-7f8325302000 ---p 00000000 00:00 0 
7f8325302000-7f83253fe000 rw-p 00000000 00:00 0 
7f83253fe000-7f83253ff000 ---p 00000000 00:00 0 
7f83253ff000-7f8325500000 rw-p 00000000 00:00 0 
7f8325500000-7f8325504000 ---p 00000000 00:00 0 
7f8325504000-7f8325600000 rw-p 00000000 00:00 0 
7f8325600000-7f8325604000 ---p 00000000 00:00 0 
7f8325604000-7f8325700000 rw-p 00000000 00:00 0 
7f8325700000-7f8325704000 ---p 00000000 00:00 0 
7f8325704000-7f83258f0000 rw-p 00000000 00:00 0 
7f83258f0000-7f8325910000 rw-p 00000000 00:00 0 
7f8325910000-7f8325930000 rw-p 00000000 00:00 0 
7f8325930000-7f8325970000 rw-p 00000000 00:00 0 
7f8325970000-7f8325af0000 rw-p 00000000 00:00 0 
7f8325af0000-7f8325b90000 rw-p 00000000 00:00 0 
7f8325b90000-7f8325bb0000 rw-p 00000000 00:00 0 
7f8325bb0000-7f8325cf0000 rw-p 00000000 00:00 0 
7f8325cf0000-7f8325ef0000 rw-p 00000000 00:00 0 
7f8325ef0000-7f8326000000 rw-p 00000000 00:00 0 
7f8326000000-7f8326004000 ---p 00000000 00:00 0 
7f8326004000-7f8326100000 rw-p 00000000 00:00 0 
7f8326100000-7f8326104000 ---p 00000000 00:00 0 
7f8326104000-7f8326200000 rw-p 00000000 00:00 0 
7f8326200000-7f8326204000 ---p 00000000 00:00 0 
7f8326204000-7f8326300000 rw-p 00000000 00:00 0 
7f8326300000-7f8326304000 ---p 00000000 00:00 0 
7f8326304000-7f8326400000 rw-p 00000000 00:00 0 
7f8326400000-7f8326404000 ---p 00000000 00:00 0 
7f8326404000-7f8326500000 rw-p 00000000 00:00 0 
7f8326500000-7f8326504000 ---p 00000000 00:00 0 
7f8326504000-7f8326600000 rw-p 00000000 00:00 0 
7f8326600000-7f8326604000 ---p 00000000 00:00 0 
7f8326604000-7f8326700000 rw-p 00000000 00:00 0 
7f8326700000-7f8326704000 ---p 00000000 00:00 0 
7f8326704000-7f8326800000 rw-p 00000000 00:00 0 
7f8326800000-7f8326aea000 r--p 00000000 08:12 8684087                    /usr/lib/locale/locale-archive
7f8326b00000-7f8326b04000 ---p 00000000 00:00 0 
7f8326b04000-7f83270f0000 rw-p 00000000 00:00 0 
7f83270f0000-7f8327110000 rw-p 00000000 00:00 0 
7f8327110000-7f8327130000 rw-p 00000000 00:00 0 
7f8327130000-7f8327170000 rw-p 00000000 00:00 0 
7f8327170000-7f83272f0000 rw-p 00000000 00:00 0 
7f83272f0000-7f8327310000 rw-p 00000000 00:00 0 
7f8327310000-7f8327330000 rw-p 00000000 00:00 0 
7f8327330000-7f8327370000 rw-p 00000000 00:00 0 
7f8327370000-7f8327400000 rw-p 00000000 00:00 0 
7f8327404000-7f8327407000 r--p 00000000 08:12 8674323                    /usr/lib/libnss_resolve.so.2
7f8327407000-7f832741f000 r-xp 00003000 08:12 8674323                    /usr/lib/libnss_resolve.so.2
7f832741f000-7f8327427000 r--p 0001b000 08:12 8674323                    /usr/lib/libnss_resolve.so.2
7f8327427000-7f8327428000 r--p 00022000 08:12 8674323                    /usr/lib/libnss_resolve.so.2
7f8327428000-7f8327429000 rw-p 00023000 08:12 8674323                    /usr/lib/libnss_resolve.so.2
7f8327429000-7f832742c000 r--p 00000000 08:12 8654909                    /usr/lib/libgcc_s.so.1
7f832742c000-7f8327443000 r-xp 00003000 08:12 8654909                    /usr/lib/libgcc_s.so.1
7f8327443000-7f8327447000 r--p 0001a000 08:12 8654909                    /usr/lib/libgcc_s.so.1
7f8327447000-7f8327448000 r--p 0001d000 08:12 8654909                    /usr/lib/libgcc_s.so.1
7f8327448000-7f8327449000 rw-p 0001e000 08:12 8654909                    /usr/lib/libgcc_s.so.1
7f8327449000-7f832744c000 r--p 00000000 08:12 8665316                    /usr/lib/libcap.so.2.67
7f832744c000-7f8327451000 r-xp 00003000 08:12 8665316                    /usr/lib/libcap.so.2.67
7f8327451000-7f8327453000 r--p 00008000 08:12 8665316                    /usr/lib/libcap.so.2.67
7f8327453000-7f8327454000 r--p 00009000 08:12 8665316                    /usr/lib/libcap.so.2.67
7f8327454000-7f8327455000 rw-p 0000a000 08:12 8665316                    /usr/lib/libcap.so.2.67
7f8327455000-7f832745c000 r--p 00000000 08:12 8674320                    /usr/lib/libnss_mymachines.so.2
7f832745c000-7f8327492000 r-xp 00007000 08:12 8674320                    /usr/lib/libnss_mymachines.so.2
7f8327492000-7f83274a5000 r--p 0003d000 08:12 8674320                    /usr/lib/libnss_mymachines.so.2
7f83274a5000-7f83274a8000 r--p 00050000 08:12 8674320                    /usr/lib/libnss_mymachines.so.2
7f83274a8000-7f83274a9000 rw-p 00053000 08:12 8674320                    /usr/lib/libnss_mymachines.so.2
7f83274a9000-7f83274aa000 rw-p 00000000 00:00 0 
7f83274b2000-7f83274b6000 r--p 00000000 08:12 5273763                    /home/axel/Programas/Spring Tools/sts-4.17.2.RELEASE/plugins/org.eclipse.justj.openjdk.hotspot.jre.full.linux.x86_64_17.0.6.v20230125-1136/jre/lib/libverify.so
7f83274b6000-7f83274bd000 r-xp 00004000 08:12 5273763                    /home/axel/Programas/Spring Tools/sts-4.17.2.RELEASE/plugins/org.eclipse.justj.openjdk.hotspot.jre.full.linux.x86_64_17.0.6.v20230125-1136/jre/lib/libverify.so
7f83274bd000-7f83274bf000 r--p 0000b000 08:12 5273763                    /home/axel/Programas/Spring Tools/sts-4.17.2.RELEASE/plugins/org.eclipse.justj.openjdk.hotspot.jre.full.linux.x86_64_17.0.6.v20230125-1136/jre/lib/libverify.so
7f83274bf000-7f83274c1000 r--p 0000c000 08:12 5273763                    /home/axel/Programas/Spring Tools/sts-4.17.2.RELEASE/plugins/org.eclipse.justj.openjdk.hotspot.jre.full.linux.x86_64_17.0.6.v20230125-1136/jre/lib/libverify.so
7f83274c1000-7f83274c2000 rw-p 0000e000 08:12 5273763                    /home/axel/Programas/Spring Tools/sts-4.17.2.RELEASE/plugins/org.eclipse.justj.openjdk.hotspot.jre.full.linux.x86_64_17.0.6.v20230125-1136/jre/lib/libverify.so
7f83274c2000-7f83274f3000 rw-p 00000000 00:00 0 
7f83274f3000-7f83274f7000 ---p 00000000 00:00 0 
7f83274f7000-7f83275f3000 rw-p 00000000 00:00 0 
7f83275f3000-7f83275f4000 ---p 00000000 00:00 0 
7f83275f4000-7f83276f5000 rw-p 00000000 00:00 0 
7f83276f5000-7f83276f6000 ---p 00000000 00:00 0 
7f83276f6000-7f83277f7000 rw-p 00000000 00:00 0 
7f83277f7000-7f83277f8000 ---p 00000000 00:00 0 
7f83277f8000-7f8328021000 rw-p 00000000 00:00 0 
7f8328021000-7f832c000000 ---p 00000000 00:00 0 
7f832c000000-7f832c021000 rw-p 00000000 00:00 0 
7f832c021000-7f8330000000 ---p 00000000 00:00 0 
7f8330000000-7f8330021000 rw-p 00000000 00:00 0 
7f8330021000-7f8334000000 ---p 00000000 00:00 0 
7f833400b000-7f8336692000 rw-p 00000000 00:00 0 
7f8336692000-7f8336693000 ---p 00000000 00:00 0 
7f8336693000-7f8336794000 rw-p 00000000 00:00 0 
7f8336794000-7f8336795000 ---p 00000000 00:00 0 
7f8336795000-7f8336896000 rw-p 00000000 00:00 0 
7f8336896000-7f8336897000 ---p 00000000 00:00 0 
7f8336897000-7f8336af8000 rw-p 00000000 00:00 0 
7f8336af8000-7f833a738000 ---p 00000000 00:00 0 
7f833a738000-7f833a898000 rw-p 00000000 00:00 0 
7f833a898000-7f833e4d8000 ---p 00000000 00:00 0 
7f833e4d8000-7f833e504000 rw-p 00000000 00:00 0 
7f833e504000-7f833ec8c000 ---p 00000000 00:00 0 
7f833ec8c000-7f833ecb8000 rw-p 00000000 00:00 0 
7f833ecb8000-7f833f440000 ---p 00000000 00:00 0 
7f833f440000-7f833f46c000 rw-p 00000000 00:00 0 
7f833f46c000-7f833fbf4000 ---p 00000000 00:00 0 
7f833fbf4000-7f8340800000 rw-p 00000000 00:00 0 
7f8340800000-7f8343e62000 r--s 00000000 08:12 5273812                    /home/axel/Programas/Spring Tools/sts-4.17.2.RELEASE/plugins/org.eclipse.justj.openjdk.hotspot.jre.full.linux.x86_64_17.0.6.v20230125-1136/jre/lib/modules
7f8343e65000-7f8343e67000 r--p 00000000 08:12 5273778                    /home/axel/Programas/Spring Tools/sts-4.17.2.RELEASE/plugins/org.eclipse.justj.openjdk.hotspot.jre.full.linux.x86_64_17.0.6.v20230125-1136/jre/lib/libmanagement_ext.so
7f8343e67000-7f8343e6a000 r-xp 00002000 08:12 5273778                    /home/axel/Programas/Spring Tools/sts-4.17.2.RELEASE/plugins/org.eclipse.justj.openjdk.hotspot.jre.full.linux.x86_64_17.0.6.v20230125-1136/jre/lib/libmanagement_ext.so
7f8343e6a000-7f8343e6b000 r--p 00005000 08:12 5273778                    /home/axel/Programas/Spring Tools/sts-4.17.2.RELEASE/plugins/org.eclipse.justj.openjdk.hotspot.jre.full.linux.x86_64_17.0.6.v20230125-1136/jre/lib/libmanagement_ext.so
7f8343e6b000-7f8343e6c000 ---p 00006000 08:12 5273778                    /home/axel/Programas/Spring Tools/sts-4.17.2.RELEASE/plugins/org.eclipse.justj.openjdk.hotspot.jre.full.linux.x86_64_17.0.6.v20230125-1136/jre/lib/libmanagement_ext.so
7f8343e6c000-7f8343e6d000 r--p 00006000 08:12 5273778                    /home/axel/Programas/Spring Tools/sts-4.17.2.RELEASE/plugins/org.eclipse.justj.openjdk.hotspot.jre.full.linux.x86_64_17.0.6.v20230125-1136/jre/lib/libmanagement_ext.so
7f8343e6d000-7f8343e6e000 rw-p 00007000 08:12 5273778                    /home/axel/Programas/Spring Tools/sts-4.17.2.RELEASE/plugins/org.eclipse.justj.openjdk.hotspot.jre.full.linux.x86_64_17.0.6.v20230125-1136/jre/lib/libmanagement_ext.so
7f8343e6e000-7f8343e71000 r--p 00000000 08:12 5273813                    /home/axel/Programas/Spring Tools/sts-4.17.2.RELEASE/plugins/org.eclipse.justj.openjdk.hotspot.jre.full.linux.x86_64_17.0.6.v20230125-1136/jre/lib/libmanagement.so
7f8343e71000-7f8343e72000 r-xp 00003000 08:12 5273813                    /home/axel/Programas/Spring Tools/sts-4.17.2.RELEASE/plugins/org.eclipse.justj.openjdk.hotspot.jre.full.linux.x86_64_17.0.6.v20230125-1136/jre/lib/libmanagement.so
7f8343e72000-7f8343e73000 r--p 00004000 08:12 5273813                    /home/axel/Programas/Spring Tools/sts-4.17.2.RELEASE/plugins/org.eclipse.justj.openjdk.hotspot.jre.full.linux.x86_64_17.0.6.v20230125-1136/jre/lib/libmanagement.so
7f8343e73000-7f8343e74000 r--p 00004000 08:12 5273813                    /home/axel/Programas/Spring Tools/sts-4.17.2.RELEASE/plugins/org.eclipse.justj.openjdk.hotspot.jre.full.linux.x86_64_17.0.6.v20230125-1136/jre/lib/libmanagement.so
7f8343e74000-7f8343e75000 rw-p 00005000 08:12 5273813                    /home/axel/Programas/Spring Tools/sts-4.17.2.RELEASE/plugins/org.eclipse.justj.openjdk.hotspot.jre.full.linux.x86_64_17.0.6.v20230125-1136/jre/lib/libmanagement.so
7f8343e75000-7f8343e79000 r--p 00000000 08:12 5273795                    /home/axel/Programas/Spring Tools/sts-4.17.2.RELEASE/plugins/org.eclipse.justj.openjdk.hotspot.jre.full.linux.x86_64_17.0.6.v20230125-1136/jre/lib/libnet.so
7f8343e79000-7f8343e87000 r-xp 00004000 08:12 5273795                    /home/axel/Programas/Spring Tools/sts-4.17.2.RELEASE/plugins/org.eclipse.justj.openjdk.hotspot.jre.full.linux.x86_64_17.0.6.v20230125-1136/jre/lib/libnet.so
7f8343e87000-7f8343e8b000 r--p 00012000 08:12 5273795                    /home/axel/Programas/Spring Tools/sts-4.17.2.RELEASE/plugins/org.eclipse.justj.openjdk.hotspot.jre.full.linux.x86_64_17.0.6.v20230125-1136/jre/lib/libnet.so
7f8343e8b000-7f8343e8c000 r--p 00015000 08:12 5273795                    /home/axel/Programas/Spring Tools/sts-4.17.2.RELEASE/plugins/org.eclipse.justj.openjdk.hotspot.jre.full.linux.x86_64_17.0.6.v20230125-1136/jre/lib/libnet.so
7f8343e8c000-7f8343e8d000 rw-p 00016000 08:12 5273795                    /home/axel/Programas/Spring Tools/sts-4.17.2.RELEASE/plugins/org.eclipse.justj.openjdk.hotspot.jre.full.linux.x86_64_17.0.6.v20230125-1136/jre/lib/libnet.so
7f8343e8d000-7f8343e94000 r--p 00000000 08:12 5273804                    /home/axel/Programas/Spring Tools/sts-4.17.2.RELEASE/plugins/org.eclipse.justj.openjdk.hotspot.jre.full.linux.x86_64_17.0.6.v20230125-1136/jre/lib/libnio.so
7f8343e94000-7f8343e9d000 r-xp 00007000 08:12 5273804                    /home/axel/Programas/Spring Tools/sts-4.17.2.RELEASE/plugins/org.eclipse.justj.openjdk.hotspot.jre.full.linux.x86_64_17.0.6.v20230125-1136/jre/lib/libnio.so
7f8343e9d000-7f8343ea1000 r--p 00010000 08:12 5273804                    /home/axel/Programas/Spring Tools/sts-4.17.2.RELEASE/plugins/org.eclipse.justj.openjdk.hotspot.jre.full.linux.x86_64_17.0.6.v20230125-1136/jre/lib/libnio.so
7f8343ea1000-7f8343ea2000 ---p 00014000 08:12 5273804                    /home/axel/Programas/Spring Tools/sts-4.17.2.RELEASE/plugins/org.eclipse.justj.openjdk.hotspot.jre.full.linux.x86_64_17.0.6.v20230125-1136/jre/lib/libnio.so
7f8343ea2000-7f8343ea3000 r--p 00014000 08:12 5273804                    /home/axel/Programas/Spring Tools/sts-4.17.2.RELEASE/plugins/org.eclipse.justj.openjdk.hotspot.jre.full.linux.x86_64_17.0.6.v20230125-1136/jre/lib/libnio.so
7f8343ea3000-7f8343ea4000 rw-p 00015000 08:12 5273804                    /home/axel/Programas/Spring Tools/sts-4.17.2.RELEASE/plugins/org.eclipse.justj.openjdk.hotspot.jre.full.linux.x86_64_17.0.6.v20230125-1136/jre/lib/libnio.so
7f8343ea4000-7f8344906000 rw-p 00000000 00:00 0 
7f8344906000-7f8348000000 ---p 00000000 00:00 0 
7f8348002000-7f8348100000 rw-p 00000000 00:00 0 
7f8348100000-7f8348e40000 rwxp 00000000 00:00 0 
7f8348e40000-7f834b100000 ---p 00000000 00:00 0 
7f834b100000-7f834b104000 ---p 00000000 00:00 0 
7f834b104000-7f834b200000 rw-p 00000000 00:00 0 
7f834b200000-7f834b452000 r--p 00000000 08:12 5273782                    /home/axel/Programas/Spring Tools/sts-4.17.2.RELEASE/plugins/org.eclipse.justj.openjdk.hotspot.jre.full.linux.x86_64_17.0.6.v20230125-1136/jre/lib/server/libjvm.so
7f834b452000-7f834c16f000 r-xp 00252000 08:12 5273782                    /home/axel/Programas/Spring Tools/sts-4.17.2.RELEASE/plugins/org.eclipse.justj.openjdk.hotspot.jre.full.linux.x86_64_17.0.6.v20230125-1136/jre/lib/server/libjvm.so
7f834c16f000-7f834c3fb000 r--p 00f6f000 08:12 5273782                    /home/axel/Programas/Spring Tools/sts-4.17.2.RELEASE/plugins/org.eclipse.justj.openjdk.hotspot.jre.full.linux.x86_64_17.0.6.v20230125-1136/jre/lib/server/libjvm.so
7f834c3fb000-7f834c4b4000 r--p 011fa000 08:12 5273782                    /home/axel/Programas/Spring Tools/sts-4.17.2.RELEASE/plugins/org.eclipse.justj.openjdk.hotspot.jre.full.linux.x86_64_17.0.6.v20230125-1136/jre/lib/server/libjvm.so
7f834c4b4000-7f834c4e9000 rw-p 012b3000 08:12 5273782                    /home/axel/Programas/Spring Tools/sts-4.17.2.RELEASE/plugins/org.eclipse.justj.openjdk.hotspot.jre.full.linux.x86_64_17.0.6.v20230125-1136/jre/lib/server/libjvm.so
7f834c4e9000-7f834c543000 rw-p 00000000 00:00 0 
7f834c544000-7f834c545000 r--p 00000000 08:12 5273797                    /home/axel/Programas/Spring Tools/sts-4.17.2.RELEASE/plugins/org.eclipse.justj.openjdk.hotspot.jre.full.linux.x86_64_17.0.6.v20230125-1136/jre/lib/libextnet.so
7f834c545000-7f834c546000 r-xp 00001000 08:12 5273797                    /home/axel/Programas/Spring Tools/sts-4.17.2.RELEASE/plugins/org.eclipse.justj.openjdk.hotspot.jre.full.linux.x86_64_17.0.6.v20230125-1136/jre/lib/libextnet.so
7f834c546000-7f834c547000 r--p 00002000 08:12 5273797                    /home/axel/Programas/Spring Tools/sts-4.17.2.RELEASE/plugins/org.eclipse.justj.openjdk.hotspot.jre.full.linux.x86_64_17.0.6.v20230125-1136/jre/lib/libextnet.so
7f834c547000-7f834c548000 r--p 00002000 08:12 5273797                    /home/axel/Programas/Spring Tools/sts-4.17.2.RELEASE/plugins/org.eclipse.justj.openjdk.hotspot.jre.full.linux.x86_64_17.0.6.v20230125-1136/jre/lib/libextnet.so
7f834c548000-7f834c549000 rw-p 00003000 08:12 5273797                    /home/axel/Programas/Spring Tools/sts-4.17.2.RELEASE/plugins/org.eclipse.justj.openjdk.hotspot.jre.full.linux.x86_64_17.0.6.v20230125-1136/jre/lib/libextnet.so
7f834c549000-7f834c564000 rw-p 00000000 00:00 0 
7f834c564000-7f834c5a9000 ---p 00000000 00:00 0 
7f834c5a9000-7f834c5b6000 r--p 00000000 08:12 5273807                    /home/axel/Programas/Spring Tools/sts-4.17.2.RELEASE/plugins/org.eclipse.justj.openjdk.hotspot.jre.full.linux.x86_64_17.0.6.v20230125-1136/jre/lib/libjava.so
7f834c5b6000-7f834c5c8000 r-xp 0000d000 08:12 5273807                    /home/axel/Programas/Spring Tools/sts-4.17.2.RELEASE/plugins/org.eclipse.justj.openjdk.hotspot.jre.full.linux.x86_64_17.0.6.v20230125-1136/jre/lib/libjava.so
7f834c5c8000-7f834c5ce000 r--p 0001f000 08:12 5273807                    /home/axel/Programas/Spring Tools/sts-4.17.2.RELEASE/plugins/org.eclipse.justj.openjdk.hotspot.jre.full.linux.x86_64_17.0.6.v20230125-1136/jre/lib/libjava.so
7f834c5ce000-7f834c5cf000 ---p 00025000 08:12 5273807                    /home/axel/Programas/Spring Tools/sts-4.17.2.RELEASE/plugins/org.eclipse.justj.openjdk.hotspot.jre.full.linux.x86_64_17.0.6.v20230125-1136/jre/lib/libjava.so
7f834c5cf000-7f834c5d0000 r--p 00025000 08:12 5273807                    /home/axel/Programas/Spring Tools/sts-4.17.2.RELEASE/plugins/org.eclipse.justj.openjdk.hotspot.jre.full.linux.x86_64_17.0.6.v20230125-1136/jre/lib/libjava.so
7f834c5d0000-7f834c5d1000 rw-p 00026000 08:12 5273807                    /home/axel/Programas/Spring Tools/sts-4.17.2.RELEASE/plugins/org.eclipse.justj.openjdk.hotspot.jre.full.linux.x86_64_17.0.6.v20230125-1136/jre/lib/libjava.so
7f834c5d1000-7f834c5d2000 rw-p 00000000 00:00 0 
7f834c5d2000-7f834c5d6000 r--p 00000000 08:12 5273794                    /home/axel/Programas/Spring Tools/sts-4.17.2.RELEASE/plugins/org.eclipse.justj.openjdk.hotspot.jre.full.linux.x86_64_17.0.6.v20230125-1136/jre/lib/libjimage.so
7f834c5d6000-7f834c5e9000 r-xp 00004000 08:12 5273794                    /home/axel/Programas/Spring Tools/sts-4.17.2.RELEASE/plugins/org.eclipse.justj.openjdk.hotspot.jre.full.linux.x86_64_17.0.6.v20230125-1136/jre/lib/libjimage.so
7f834c5e9000-7f834c5ef000 r--p 00017000 08:12 5273794                    /home/axel/Programas/Spring Tools/sts-4.17.2.RELEASE/plugins/org.eclipse.justj.openjdk.hotspot.jre.full.linux.x86_64_17.0.6.v20230125-1136/jre/lib/libjimage.so
7f834c5ef000-7f834c5f1000 r--p 0001c000 08:12 5273794                    /home/axel/Programas/Spring Tools/sts-4.17.2.RELEASE/plugins/org.eclipse.justj.openjdk.hotspot.jre.full.linux.x86_64_17.0.6.v20230125-1136/jre/lib/libjimage.so
7f834c5f1000-7f834c5f2000 rw-p 0001e000 08:12 5273794                    /home/axel/Programas/Spring Tools/sts-4.17.2.RELEASE/plugins/org.eclipse.justj.openjdk.hotspot.jre.full.linux.x86_64_17.0.6.v20230125-1136/jre/lib/libjimage.so
7f834c5f2000-7f834c600000 r--p 00000000 08:12 8654124                    /usr/lib/libm.so.6
7f834c600000-7f834c67a000 r-xp 0000e000 08:12 8654124                    /usr/lib/libm.so.6
7f834c67a000-7f834c6d8000 r--p 00088000 08:12 8654124                    /usr/lib/libm.so.6
7f834c6d8000-7f834c6d9000 r--p 000e5000 08:12 8654124                    /usr/lib/libm.so.6
7f834c6d9000-7f834c6da000 rw-p 000e6000 08:12 8654124                    /usr/lib/libm.so.6
7f834c6da000-7f834c6db000 r--p 00000000 08:12 8654146                    /usr/lib/librt.so.1
7f834c6db000-7f834c6dc000 r-xp 00001000 08:12 8654146                    /usr/lib/librt.so.1
7f834c6dc000-7f834c6dd000 r--p 00002000 08:12 8654146                    /usr/lib/librt.so.1
7f834c6dd000-7f834c6de000 r--p 00002000 08:12 8654146                    /usr/lib/librt.so.1
7f834c6de000-7f834c6df000 rw-p 00003000 08:12 8654146                    /usr/lib/librt.so.1
7f834c6df000-7f834c6e3000 rw-p 00000000 00:00 0 
7f834c6e3000-7f834c705000 r--p 00000000 08:12 8654114                    /usr/lib/libc.so.6
7f834c705000-7f834c85f000 r-xp 00022000 08:12 8654114                    /usr/lib/libc.so.6
7f834c85f000-7f834c8b7000 r--p 0017c000 08:12 8654114                    /usr/lib/libc.so.6
7f834c8b7000-7f834c8bb000 r--p 001d4000 08:12 8654114                    /usr/lib/libc.so.6
7f834c8bb000-7f834c8bd000 rw-p 001d8000 08:12 8654114                    /usr/lib/libc.so.6
7f834c8bd000-7f834c8ca000 rw-p 00000000 00:00 0 
7f834c8ca000-7f834c8cb000 r--p 00000000 08:12 8654119                    /usr/lib/libdl.so.2
7f834c8cb000-7f834c8cc000 r-xp 00001000 08:12 8654119                    /usr/lib/libdl.so.2
7f834c8cc000-7f834c8cd000 r--p 00002000 08:12 8654119                    /usr/lib/libdl.so.2
7f834c8cd000-7f834c8ce000 r--p 00002000 08:12 8654119                    /usr/lib/libdl.so.2
7f834c8ce000-7f834c8cf000 rw-p 00003000 08:12 8654119                    /usr/lib/libdl.so.2
7f834c8cf000-7f834c8d0000 r--p 00000000 08:12 8654141                    /usr/lib/libpthread.so.0
7f834c8d0000-7f834c8d1000 r-xp 00001000 08:12 8654141                    /usr/lib/libpthread.so.0
7f834c8d1000-7f834c8d2000 r--p 00002000 08:12 8654141                    /usr/lib/libpthread.so.0
7f834c8d2000-7f834c8d3000 r--p 00002000 08:12 8654141                    /usr/lib/libpthread.so.0
7f834c8d3000-7f834c8d4000 rw-p 00003000 08:12 8654141                    /usr/lib/libpthread.so.0
7f834c8d4000-7f834c8d7000 r--p 00000000 08:12 5273811                    /home/axel/Programas/Spring Tools/sts-4.17.2.RELEASE/plugins/org.eclipse.justj.openjdk.hotspot.jre.full.linux.x86_64_17.0.6.v20230125-1136/jre/lib/libjli.so
7f834c8d7000-7f834c8e1000 r-xp 00003000 08:12 5273811                    /home/axel/Programas/Spring Tools/sts-4.17.2.RELEASE/plugins/org.eclipse.justj.openjdk.hotspot.jre.full.linux.x86_64_17.0.6.v20230125-1136/jre/lib/libjli.so
7f834c8e1000-7f834c8e4000 r--p 0000d000 08:12 5273811                    /home/axel/Programas/Spring Tools/sts-4.17.2.RELEASE/plugins/org.eclipse.justj.openjdk.hotspot.jre.full.linux.x86_64_17.0.6.v20230125-1136/jre/lib/libjli.so
7f834c8e4000-7f834c8e5000 ---p 00010000 08:12 5273811                    /home/axel/Programas/Spring Tools/sts-4.17.2.RELEASE/plugins/org.eclipse.justj.openjdk.hotspot.jre.full.linux.x86_64_17.0.6.v20230125-1136/jre/lib/libjli.so
7f834c8e5000-7f834c8e6000 r--p 00010000 08:12 5273811                    /home/axel/Programas/Spring Tools/sts-4.17.2.RELEASE/plugins/org.eclipse.justj.openjdk.hotspot.jre.full.linux.x86_64_17.0.6.v20230125-1136/jre/lib/libjli.so
7f834c8e6000-7f834c8e7000 rw-p 00011000 08:12 5273811                    /home/axel/Programas/Spring Tools/sts-4.17.2.RELEASE/plugins/org.eclipse.justj.openjdk.hotspot.jre.full.linux.x86_64_17.0.6.v20230125-1136/jre/lib/libjli.so
7f834c8e7000-7f834c8ea000 r--p 00000000 08:12 8665746                    /usr/lib/libz.so.1.2.13
7f834c8ea000-7f834c8f8000 r-xp 00003000 08:12 8665746                    /usr/lib/libz.so.1.2.13
7f834c8f8000-7f834c8ff000 r--p 00011000 08:12 8665746                    /usr/lib/libz.so.1.2.13
7f834c8ff000-7f834c900000 r--p 00017000 08:12 8665746                    /usr/lib/libz.so.1.2.13
7f834c900000-7f834c901000 rw-p 00018000 08:12 8665746                    /usr/lib/libz.so.1.2.13
7f834c904000-7f834c906000 r--p 00000000 08:12 5273785                    /home/axel/Programas/Spring Tools/sts-4.17.2.RELEASE/plugins/org.eclipse.justj.openjdk.hotspot.jre.full.linux.x86_64_17.0.6.v20230125-1136/jre/lib/libzip.so
7f834c906000-7f834c90a000 r-xp 00002000 08:12 5273785                    /home/axel/Programas/Spring Tools/sts-4.17.2.RELEASE/plugins/org.eclipse.justj.openjdk.hotspot.jre.full.linux.x86_64_17.0.6.v20230125-1136/jre/lib/libzip.so
7f834c90a000-7f834c90c000 r--p 00006000 08:12 5273785                    /home/axel/Programas/Spring Tools/sts-4.17.2.RELEASE/plugins/org.eclipse.justj.openjdk.hotspot.jre.full.linux.x86_64_17.0.6.v20230125-1136/jre/lib/libzip.so
7f834c90c000-7f834c90d000 r--p 00007000 08:12 5273785                    /home/axel/Programas/Spring Tools/sts-4.17.2.RELEASE/plugins/org.eclipse.justj.openjdk.hotspot.jre.full.linux.x86_64_17.0.6.v20230125-1136/jre/lib/libzip.so
7f834c90d000-7f834c90e000 rw-p 00008000 08:12 5273785                    /home/axel/Programas/Spring Tools/sts-4.17.2.RELEASE/plugins/org.eclipse.justj.openjdk.hotspot.jre.full.linux.x86_64_17.0.6.v20230125-1136/jre/lib/libzip.so
7f834c90e000-7f834c916000 rw-s 00000000 00:24 478                        /tmp/hsperfdata_axel/6930
7f834c916000-7f834c917000 ---p 00000000 00:00 0 
7f834c917000-7f834c918000 r--p 00000000 00:00 0 
7f834c918000-7f834c919000 ---p 00000000 00:00 0 
7f834c919000-7f834c91b000 rw-p 00000000 00:00 0 
7f834c91b000-7f834c91c000 r--p 00000000 08:12 8654105                    /usr/lib/ld-linux-x86-64.so.2
7f834c91c000-7f834c942000 r-xp 00001000 08:12 8654105                    /usr/lib/ld-linux-x86-64.so.2
7f834c942000-7f834c94c000 r--p 00027000 08:12 8654105                    /usr/lib/ld-linux-x86-64.so.2
7f834c94c000-7f834c94e000 r--p 00031000 08:12 8654105                    /usr/lib/ld-linux-x86-64.so.2
7f834c94e000-7f834c950000 rw-p 00033000 08:12 8654105                    /usr/lib/ld-linux-x86-64.so.2
7fff8e64e000-7fff8e671000 rw-p 00000000 00:00 0                          [stack]
7fff8e69c000-7fff8e6a0000 r--p 00000000 00:00 0                          [vvar]
7fff8e6a0000-7fff8e6a2000 r-xp 00000000 00:00 0                          [vdso]
ffffffffff600000-ffffffffff601000 --xp 00000000 00:00 0                  [vsyscall]


VM Arguments:
jvm_args: -Dcom.sun.management.jmxremote -Dcom.sun.management.jmxremote.port=39221 -Dcom.sun.management.jmxremote.authenticate=false -Dcom.sun.management.jmxremote.ssl=false -Djava.rmi.server.hostname=localhost -Dspring.jmx.enabled=true -Dmanagement.endpoints.jmx.exposure.include=* -Dspring.application.admin.enabled=true -Djava.security.egd=file:/dev/./urandom -XX:TieredStopAtLevel=1 -Dspring.boot.project.name=usuario-servicio -Dfile.encoding=UTF-8 -XX:+ShowCodeDetailsInExceptionMessages 
java_command: com.usuario.servicio.UsuarioServicioApplication --spring.output.ansi.enabled=always
java_class_path (initial): /home/axel/WorkSpaces/Spring/MicroServicios-Ejercicio/usuario-servicio/target/classes:/home/axel/.m2/repository/org/springframework/boot/spring-boot-starter-data-jpa/2.5.4/spring-boot-starter-data-jpa-2.5.4.jar:/home/axel/.m2/repository/org/springframework/boot/spring-boot-starter-aop/2.5.4/spring-boot-starter-aop-2.5.4.jar:/home/axel/.m2/repository/org/springframework/spring-aop/5.3.9/spring-aop-5.3.9.jar:/home/axel/.m2/repository/org/aspectj/aspectjweaver/1.9.7/aspectjweaver-1.9.7.jar:/home/axel/.m2/repository/org/springframework/boot/spring-boot-starter-jdbc/2.5.4/spring-boot-starter-jdbc-2.5.4.jar:/home/axel/.m2/repository/com/zaxxer/HikariCP/4.0.3/HikariCP-4.0.3.jar:/home/axel/.m2/repository/org/springframework/spring-jdbc/5.3.9/spring-jdbc-5.3.9.jar:/home/axel/.m2/repository/jakarta/transaction/jakarta.transaction-api/1.3.3/jakarta.transaction-api-1.3.3.jar:/home/axel/.m2/repository/jakarta/persistence/jakarta.persistence-api/2.2.3/jakarta.persistence-api-2.2.3.jar:/home/axel/.m2/repository/org/hibernate/hibernate-core/5.4.32.Final/hibernate-core-5.4.32.Final.jar:/home/axel/.m2/repository/org/jboss/logging/jboss-logging/3.4.2.Final/jboss-logging-3.4.2.Final.jar:/home/axel/.m2/repository/org/javassist/javassist/3.27.0-GA/javassist-3.27.0-GA.jar:/home/axel/.m2/repository/net/bytebuddy/byte-buddy/1.10.22/byte-buddy-1.10.22.jar:/home/axel/.m2/repository/antlr/antlr/2.7.7/antlr-2.7.7.jar:/home/axel/.m2/repository/org/jboss/jandex/2.2.3.Final/jandex-2.2.3.Final.jar:/home/axel/.m2/repository/com/fasterxml/classmate/1.5.1/classmate-1.5.1.jar:/home/axel/.m2/repository/org/dom4j/dom4j/2.1.3/dom4j-2.1.3.jar:/home/axel/.m2/repository/org/hibernate/common/hibernate-commons-annotations/5.1.2.Final/hibernate-commons-annotations-5.1.2.Final.jar:/home/axel/.m2/repository/org/glassfish/jaxb/jaxb-runtime/2.3.5/jaxb-runtime-2.3.5.jar:/home/axel/.m2/repository/org/glassfish/jaxb/txw2/2.3.5/txw2-2.3.5.jar:/home/axel/.m2/repository/com/sun/istack/istack-
Launcher Type: SUN_STANDARD

[Global flags]
     intx CICompilerCount                          = 12                                        {product} {ergonomic}
     uint ConcGCThreads                            = 3                                         {product} {ergonomic}
     uint G1ConcRefinementThreads                  = 13                                        {product} {ergonomic}
   size_t G1HeapRegionSize                         = 2097152                                   {product} {ergonomic}
    uintx GCDrainStackTargetSize                   = 64                                        {product} {ergonomic}
   size_t InitialHeapSize                          = 260046848                                 {product} {ergonomic}
     bool ManagementServer                         = true                                      {product} {command line}
   size_t MarkStackSize                            = 4194304                                   {product} {ergonomic}
   size_t MaxHeapSize                              = 4135583744                                {product} {ergonomic}
   size_t MaxNewSize                               = 2480930816                                {product} {ergonomic}
   size_t MinHeapDeltaBytes                        = 2097152                                   {product} {ergonomic}
   size_t MinHeapSize                              = 8388608                                   {product} {ergonomic}
    uintx NonProfiledCodeHeapSize                  = 0                                      {pd product} {ergonomic}
     bool ProfileInterpreter                       = false                                  {pd product} {command line}
    uintx ProfiledCodeHeapSize                     = 0                                      {pd product} {ergonomic}
     bool ShowCodeDetailsInExceptionMessages       = true                                   {manageable} {command line}
   size_t SoftMaxHeapSize                          = 4135583744                             {manageable} {ergonomic}
     intx TieredStopAtLevel                        = 1                                         {product} {command line}
     bool UseCompressedClassPointers               = true                           {product lp64_product} {ergonomic}
     bool UseCompressedOops                        = true                           {product lp64_product} {ergonomic}
     bool UseG1GC                                  = true                                      {product} {ergonomic}

Logging:
Log output configuration:
 #0: stdout all=warning uptime,level,tags
 #1: stderr all=off uptime,level,tags

Environment Variables:
PATH=/usr/local/sbin:/usr/local/bin:/usr/bin:/var/lib/flatpak/exports/bin:/usr/lib/jvm/default/bin:/usr/bin/site_perl:/usr/bin/vendor_perl:/usr/bin/core_perl
SHELL=/bin/bash
DISPLAY=:1
LANG=es_PE.UTF-8
LC_TIME=en_US.UTF-8

Signal Handlers:
   SIGSEGV: crash_handler in libjvm.so, mask=11100100010111111101111111111110, flags=SA_RESTART|SA_SIGINFO
    SIGBUS: crash_handler in libjvm.so, mask=11100100010111111101111111111110, flags=SA_RESTART|SA_SIGINFO
    SIGFPE: crash_handler in libjvm.so, mask=11100100010111111101111111111110, flags=SA_RESTART|SA_SIGINFO
   SIGPIPE: javaSignalHandler in libjvm.so, mask=11100100010111111101111111111110, flags=SA_RESTART|SA_SIGINFO
   SIGXFSZ: javaSignalHandler in libjvm.so, mask=11100100010111111101111111111110, flags=SA_RESTART|SA_SIGINFO
    SIGILL: crash_handler in libjvm.so, mask=11100100010111111101111111111110, flags=SA_RESTART|SA_SIGINFO
   SIGUSR2: SR_handler in libjvm.so, mask=00100000000000000000000000000000, flags=SA_RESTART|SA_SIGINFO
    SIGHUP: UserHandler in libjvm.so, mask=11100100010111111101111111111110, flags=SA_RESTART|SA_SIGINFO
    SIGINT: UserHandler in libjvm.so, mask=11100100010111111101111111111110, flags=SA_RESTART|SA_SIGINFO
   SIGTERM: UserHandler in libjvm.so, mask=11100100010111111101111111111110, flags=SA_RESTART|SA_SIGINFO
   SIGQUIT: UserHandler in libjvm.so, mask=11100100010111111101111111111110, flags=SA_RESTART|SA_SIGINFO
   SIGTRAP: crash_handler in libjvm.so, mask=11100100010111111101111111111110, flags=SA_RESTART|SA_SIGINFO


---------------  S Y S T E M  ---------------

OS:
NAME="Arch Linux"
PRETTY_NAME="Arch Linux"
ID=arch
BUILD_ID=rolling
ANSI_COLOR="38;2;23;147;209"
HOME_URL="https://archlinux.org/"
DOCUMENTATION_URL="https://wiki.archlinux.org/"
SUPPORT_URL="https://bbs.archlinux.org/"
BUG_REPORT_URL="https://bugs.archlinux.org/"
PRIVACY_POLICY_URL="https://terms.archlinux.org/docs/privacy-policy/"
LOGO=archlinux-logo
uname: Linux 6.2.6-arch1-1 #1 SMP PREEMPT_DYNAMIC Mon, 13 Mar 2023 17:02:08 +0000 x86_64
OS uptime: 0 days 1:18 hours
libc: glibc 2.37 NPTL 2.37 
rlimit (soft/hard): STACK 8192k/infinity , CORE infinity/infinity , NPROC 62989/62989 , NOFILE 524288/524288 , AS infinity/infinity , CPU infinity/infinity , DATA infinity/infinity , FSIZE infinity/infinity , MEMLOCK 8192k/8192k
load average: 2.33 1.60 1.35

/proc/meminfo:
MemTotal:       16148276 kB
MemFree:         6206824 kB
MemAvailable:    9145908 kB
Buffers:          146820 kB
Cached:          4274256 kB
SwapCached:            0 kB
Active:          6436660 kB
Inactive:        1952240 kB
Active(anon):    4744280 kB
Inactive(anon):   541936 kB
Active(file):    1692380 kB
Inactive(file):  1410304 kB
Unevictable:      941364 kB
Mlocked:             136 kB
SwapTotal:       4194300 kB
SwapFree:        4194300 kB
Zswap:                 0 kB
Zswapped:              0 kB
Dirty:               760 kB
Writeback:             0 kB
AnonPages:       4858608 kB
Mapped:           795380 kB
Shmem:           1318392 kB
KReclaimable:     179168 kB
Slab:             320188 kB
SReclaimable:     179168 kB
SUnreclaim:       141020 kB
KernelStack:       23536 kB
PageTables:        67528 kB
SecPageTables:         0 kB
NFS_Unstable:          0 kB
Bounce:                0 kB
WritebackTmp:          0 kB
CommitLimit:    12268436 kB
Committed_AS:   18817088 kB
VmallocTotal:   34359738367 kB
VmallocUsed:       67104 kB
VmallocChunk:          0 kB
Percpu:             9792 kB
HardwareCorrupted:     0 kB
AnonHugePages:    862208 kB
ShmemHugePages:   770048 kB
ShmemPmdMapped:        0 kB
FileHugePages:     90112 kB
FilePmdMapped:     86016 kB
CmaTotal:              0 kB
CmaFree:               0 kB
HugePages_Total:       0
HugePages_Free:        0
HugePages_Rsvd:        0
HugePages_Surp:        0
Hugepagesize:       2048 kB
Hugetlb:               0 kB
DirectMap4k:      210088 kB
DirectMap2M:     3751936 kB
DirectMap1G:    13631488 kB

/sys/kernel/mm/transparent_hugepage/enabled: [always] madvise never
/sys/kernel/mm/transparent_hugepage/defrag (defrag/compaction efforts parameter): always defer defer+madvise [madvise] never

Process Memory:
Virtual Size: 9628416K (peak: 9681600K)
Resident Set Size: 255204K (peak: 301284K) (anon: 221968K, file: 33236K, shmem: 0K)
Swapped out: 0K
C-Heap outstanding allocations: 66022K, retained: 14321K
glibc malloc tunables: (default)

/proc/sys/kernel/threads-max (system-wide limit on the number of threads): 125978
/proc/sys/vm/max_map_count (maximum number of memory map areas a process may have): 65530
/proc/sys/kernel/pid_max (system-wide limit on number of process identifiers): 4194304

container (cgroup) information:
container_type: cgroupv2
cpu_cpuset_cpus: not supported
cpu_memory_nodes: not supported
active_processor_count: 16
cpu_quota: not supported
cpu_period: not supported
cpu_shares: not supported
memory_limit_in_bytes: unlimited
memory_and_swap_limit_in_bytes: unlimited
memory_soft_limit_in_bytes: unlimited
memory_usage_in_bytes: 901276 k
memory_max_usage_in_bytes: not supported
memory_swap_current_in_bytes: unlimited
memory_swap_max_limit_in_bytes: unlimited
maximum number of tasks: 18896
current number of tasks: 91

Steal ticks since vm start: 0
Steal ticks percentage since vm start:  0.000

CPU: total 16 (initial active 16) (8 cores per cpu, 2 threads per core) family 6 model 151 stepping 2 microcode 0x2c, cx8, cmov, fxsr, ht, mmx, 3dnowpref, sse, sse2, sse3, ssse3, sse4.1, sse4.2, popcnt, lzcnt, tsc, tscinvbit, avx, avx2, aes, erms, clmul, bmi1, bmi2, adx, sha, fma, vzeroupper, clflush, clflushopt, clwb
CPU Model and flags from /proc/cpuinfo:
model name	: 12th Gen Intel(R) Core(TM) i5-12600K
flags		: fpu vme de pse tsc msr pae mce cx8 apic sep mtrr pge mca cmov pat pse36 clflush dts acpi mmx fxsr sse sse2 ss ht tm pbe syscall nx pdpe1gb rdtscp lm constant_tsc art arch_perfmon pebs bts rep_good nopl xtopology nonstop_tsc cpuid aperfmperf tsc_known_freq pni pclmulqdq dtes64 monitor ds_cpl vmx smx est tm2 ssse3 sdbg fma cx16 xtpr pdcm pcid sse4_1 sse4_2 x2apic movbe popcnt tsc_deadline_timer aes xsave avx f16c rdrand lahf_lm abm 3dnowprefetch cpuid_fault epb cat_l2 invpcid_single cdp_l2 ssbd ibrs ibpb stibp ibrs_enhanced tpr_shadow vnmi flexpriority ept vpid ept_ad fsgsbase tsc_adjust bmi1 avx2 smep bmi2 erms invpcid rdt_a rdseed adx smap clflushopt clwb intel_pt sha_ni xsaveopt xsavec xgetbv1 xsaves split_lock_detect avx_vnni dtherm ida arat pln pts hwp hwp_notify hwp_act_window hwp_epp hwp_pkg_req hfi umip pku ospke waitpkg gfni vaes vpclmulqdq tme rdpid movdiri movdir64b fsrm md_clear serialize pconfig arch_lbr ibt flush_l1d arch_capabilities

Online cpus: 0-15
Offline cpus: 
BIOS frequency limitation: <Not Available>
Frequency switch latency (ns): 0
Available cpu frequencies: <Not Available>
Current governor: powersave
Core performance/turbo boost: <Not Available>

Memory: 4k page, physical 16148276k(6206824k free), swap 4194300k(4194300k free)
Page Sizes: 4k

vm_info: OpenJDK 64-Bit Server VM (17.0.6+10) for linux-amd64 JRE (17.0.6+10), built on Jan 17 2023 00:00:00 by "temurin" with gcc 10.3.0

END.
